2026-02-12 09:15:11,319 [INFO] pigImu_Widget.pigImu_Widget: pigImu_Widget logger start
2026-02-12 09:15:11,360 [INFO] myLib.myGui.graph.myLib.myGui.graph: myLib.myGui.graph logger start
2026-02-12 09:15:21,346 [INFO] myLib.common.myLib.common: myLib.common logger start
2026-02-12 09:15:21,395 [INFO] myLib.myGui.mygui_serial.myLib.myGui.mygui_serial: myLib.myGui.mygui_serial logger start
2026-02-12 09:15:21,407 [INFO] myLib.myGui.myLabel.myLib.myGui.myLabel: myLib.myGui.myLabel logger start
2026-02-12 09:15:21,416 [INFO] myLib.myGui.myLineEdit.myLib.myGui.myLineEdit: myLib.myGui.myLineEdit logger start
2026-02-12 09:15:21,426 [INFO] myLib.myGui.myCheckBox.myLib.myGui.myCheckBox: myLib.myGui.myCheckBox logger start
2026-02-12 09:15:21,435 [INFO] myLib.myGui.myRadioButton.myLib.myGui.myRadioButton: myLib.myGui.myRadioButton logger start
2026-02-12 09:15:21,445 [INFO] record_Log: record_Log logger start
2026-02-12 09:15:21,572 [INFO] myLib.myGui.AttitudeIndicator.myLib.myGui.AttitudeIndicator: myLib.myGui.AttitudeIndicator logger start
2026-02-12 09:15:21,596 [INFO] myLib.myGui.pig_menu_manager.myLib.myGui.pig_menu_manager: myLib.myGui.pig_menu_manager logger start
2026-02-12 09:15:21,648 [INFO] myLib.mySerial.Connector.myLib.mySerial.Connector: myLib.mySerial.Connector logger start
2026-02-12 09:15:21,689 [INFO] myLib.myGui.myComboBox.myLib.myGui.myComboBox: myLib.myGui.myComboBox logger start
2026-02-12 09:15:21,700 [INFO] drivers.hins_fog_imu.widgets.pig_parameters_widget.drivers.hins_fog_imu.widgets.pig_parameters_widget: drivers.hins_fog_imu.widgets.pig_parameters_widget logger start
2026-02-12 09:15:21,715 [INFO] drivers.hins_fog_imu.widgets.pig_W_A_calibration_parameter_widget.drivers.hins_fog_imu.widgets.pig_W_A_calibration_parameter_widget: drivers.hins_fog_imu.widgets.pig_W_A_calibration_parameter_widget logger start
2026-02-12 09:15:21,726 [INFO] drivers.hins_fog_imu.widgets.pig_version_widget.drivers.hins_fog_imu.widgets.pig_version_widget: drivers.hins_fog_imu.widgets.pig_version_widget logger start
2026-02-12 09:15:21,735 [INFO] drivers.hins_fog_imu.widgets.pig_configuration_widget.drivers.hins_fog_imu.widgets.pig_configuration_widget: drivers.hins_fog_imu.widgets.pig_configuration_widget logger start
2026-02-12 09:15:21,801 [INFO] myLib.crcCalculator.crcLib.myLib.crcCalculator.crcLib: myLib.crcCalculator.crcLib logger start
2026-02-12 09:15:26,081 [INFO] Main: Port Selected: COM40
2026-02-12 09:15:26,082 [INFO] Main: Port Selected: COM40
2026-02-12 09:15:28,036 [INFO] Main: Port Selected: COM19
2026-02-12 09:15:28,787 [INFO] Main: Connecting to COM19 at 230400...
2026-02-12 09:15:29,078 [INFO] myLib.mySerial.Connector.myLib.mySerial.Connector: COM19 is connected
2026-02-12 09:15:29,079 [INFO] drivers.HinsGnss: Connector set and input buffer flushed.
2026-02-12 09:15:29,079 [INFO] drivers.HinsGnss: Connector set and input buffer flushed.
2026-02-12 09:15:29,081 [INFO] main.drivers.HinsHybrid: Hybrid Reader (Dispatcher) Started.
2026-02-12 09:16:13,669 [INFO] main.drivers.HinsHybrid: [HinsHybrid] Thread stop requested.
2026-02-12 09:16:22,887 [INFO] Main: Restarting Hybrid Reader Thread...
2026-02-12 09:16:22,903 [INFO] main.drivers.HinsHybrid: Hybrid Reader (Dispatcher) Started.
2026-02-12 09:17:20,724 [INFO] main.drivers.HinsHybrid: [HinsHybrid] Thread stop requested.
2026-02-12 09:17:30,315 [INFO] Main: Restarting Hybrid Reader Thread...
2026-02-12 09:17:30,320 [INFO] main.drivers.HinsHybrid: Hybrid Reader (Dispatcher) Started.
2026-02-12 09:18:36,521 [INFO] main.drivers.HinsHybrid: [HinsHybrid] Thread stop requested.
2026-02-12 09:19:15,612 [INFO] Main: Restarting Hybrid Reader Thread...
2026-02-12 09:19:15,617 [INFO] main.drivers.HinsHybrid: Hybrid Reader (Dispatcher) Started.
2026-02-12 09:19:18,561 [INFO] main.drivers.HinsHybrid: [HinsHybrid] Thread stop requested.
2026-02-12 09:19:44,182 [INFO] Main: Restarting Hybrid Reader Thread...
2026-02-12 09:19:44,196 [INFO] main.drivers.HinsHybrid: Hybrid Reader (Dispatcher) Started.
2026-02-12 09:19:52,041 [INFO] main.drivers.HinsHybrid: [HinsHybrid] Thread stop requested.
2026-02-12 09:20:21,203 [INFO] Main: Restarting Hybrid Reader Thread...
2026-02-12 09:20:21,212 [INFO] main.drivers.HinsHybrid: Hybrid Reader (Dispatcher) Started.
2026-02-12 09:20:23,237 [INFO] main.drivers.HinsHybrid: [HinsHybrid] Thread stop requested.
2026-02-12 09:21:05,043 [INFO] Main: Restarting Hybrid Reader Thread...
2026-02-12 09:21:05,055 [INFO] main.drivers.HinsHybrid: Hybrid Reader (Dispatcher) Started.
2026-02-12 09:21:10,099 [INFO] main.drivers.HinsHybrid: [HinsHybrid] Thread stop requested.
2026-02-12 09:27:40,014 [INFO] Main: Restarting Hybrid Reader Thread...
2026-02-12 09:27:40,021 [INFO] main.drivers.HinsHybrid: Hybrid Reader (Dispatcher) Started.
2026-02-12 09:28:02,221 [INFO] main.drivers.HinsHybrid: [HinsHybrid] Thread stop requested.
2026-02-12 09:37:01,185 [INFO] Main: Restarting Hybrid Reader Thread...
2026-02-12 09:37:01,196 [INFO] main.drivers.HinsHybrid: Hybrid Reader (Dispatcher) Started.
2026-02-12 09:37:50,236 [INFO] main.drivers.HinsHybrid: [HinsHybrid] Thread stop requested.
2026-02-12 09:37:51,324 [INFO] Main: Restarting Hybrid Reader Thread...
2026-02-12 09:37:51,342 [INFO] main.drivers.HinsHybrid: Hybrid Reader (Dispatcher) Started.
2026-02-12 09:40:50,126 [INFO] main.drivers.HinsHybrid: [HinsHybrid] Thread stop requested.
2026-02-12 09:40:52,782 [INFO] main.drivers.HinsHybrid: [HinsHybrid] Thread stop requested.
2026-02-12 09:40:52,783 [INFO] main.drivers.HinsHybrid: [HinsHybrid] Thread stop requested.
2026-02-12 09:40:52,891 [INFO] myLib.mySerial.Connector.myLib.mySerial.Connector: COM19 is disconnected
2026-02-12 09:41:11,136 [INFO] pigImu_Widget.pigImu_Widget: pigImu_Widget logger start
2026-02-12 09:41:11,159 [INFO] myLib.myGui.graph.myLib.myGui.graph: myLib.myGui.graph logger start
2026-02-12 09:41:11,831 [INFO] myLib.common.myLib.common: myLib.common logger start
2026-02-12 09:41:11,832 [INFO] myLib.myGui.mygui_serial.myLib.myGui.mygui_serial: myLib.myGui.mygui_serial logger start
2026-02-12 09:41:11,832 [INFO] myLib.myGui.myLabel.myLib.myGui.myLabel: myLib.myGui.myLabel logger start
2026-02-12 09:41:11,833 [INFO] myLib.myGui.myLineEdit.myLib.myGui.myLineEdit: myLib.myGui.myLineEdit logger start
2026-02-12 09:41:11,834 [INFO] myLib.myGui.myCheckBox.myLib.myGui.myCheckBox: myLib.myGui.myCheckBox logger start
2026-02-12 09:41:11,834 [INFO] myLib.myGui.myRadioButton.myLib.myGui.myRadioButton: myLib.myGui.myRadioButton logger start
2026-02-12 09:41:11,835 [INFO] record_Log: record_Log logger start
2026-02-12 09:41:11,847 [INFO] myLib.myGui.AttitudeIndicator.myLib.myGui.AttitudeIndicator: myLib.myGui.AttitudeIndicator logger start
2026-02-12 09:41:11,849 [INFO] myLib.myGui.pig_menu_manager.myLib.myGui.pig_menu_manager: myLib.myGui.pig_menu_manager logger start
2026-02-12 09:41:11,854 [INFO] myLib.mySerial.Connector.myLib.mySerial.Connector: myLib.mySerial.Connector logger start
2026-02-12 09:41:11,859 [INFO] myLib.myGui.myComboBox.myLib.myGui.myComboBox: myLib.myGui.myComboBox logger start
2026-02-12 09:41:11,861 [INFO] drivers.hins_fog_imu.widgets.pig_parameters_widget.drivers.hins_fog_imu.widgets.pig_parameters_widget: drivers.hins_fog_imu.widgets.pig_parameters_widget logger start
2026-02-12 09:41:11,862 [INFO] drivers.hins_fog_imu.widgets.pig_W_A_calibration_parameter_widget.drivers.hins_fog_imu.widgets.pig_W_A_calibration_parameter_widget: drivers.hins_fog_imu.widgets.pig_W_A_calibration_parameter_widget logger start
2026-02-12 09:41:11,863 [INFO] drivers.hins_fog_imu.widgets.pig_version_widget.drivers.hins_fog_imu.widgets.pig_version_widget: drivers.hins_fog_imu.widgets.pig_version_widget logger start
2026-02-12 09:41:11,864 [INFO] drivers.hins_fog_imu.widgets.pig_configuration_widget.drivers.hins_fog_imu.widgets.pig_configuration_widget: drivers.hins_fog_imu.widgets.pig_configuration_widget logger start
2026-02-12 09:41:11,870 [INFO] myLib.crcCalculator.crcLib.myLib.crcCalculator.crcLib: myLib.crcCalculator.crcLib logger start
2026-02-12 09:41:14,695 [INFO] Main: Port Selected: COM40
2026-02-12 09:41:14,696 [INFO] Main: Port Selected: COM40
2026-02-12 09:41:16,430 [INFO] Main: Port Selected: COM19
2026-02-12 09:41:16,955 [INFO] Main: Connecting to COM19 at 230400...
2026-02-12 09:41:16,995 [INFO] myLib.mySerial.Connector.myLib.mySerial.Connector: COM19 is connected
2026-02-12 09:41:16,996 [INFO] drivers.HinsGnss: Connector set and input buffer flushed.
2026-02-12 09:41:16,996 [INFO] drivers.HinsGnss: Connector set and input buffer flushed.
2026-02-12 09:41:16,998 [INFO] main.drivers.HinsHybrid: Hybrid Reader (Dispatcher) Started.
2026-02-12 09:41:19,834 [INFO] main.drivers.HinsHybrid: [HinsHybrid] Thread stop requested.
2026-02-12 09:41:21,680 [INFO] Main: Restarting Hybrid Reader Thread...
2026-02-12 09:41:21,695 [INFO] main.drivers.HinsHybrid: Hybrid Reader (Dispatcher) Started.
2026-02-12 09:41:38,676 [INFO] main.drivers.HinsHybrid: [HinsHybrid] Thread stop requested.
2026-02-12 09:43:16,375 [INFO] main.drivers.HinsHybrid: [HinsHybrid] Thread stop requested.
2026-02-12 09:43:16,376 [INFO] main.drivers.HinsHybrid: [HinsHybrid] Thread stop requested.
2026-02-12 09:43:16,487 [INFO] myLib.mySerial.Connector.myLib.mySerial.Connector: COM19 is disconnected
2026-02-12 10:32:18,559 [INFO] Main: Connecting to COM19 at 230400...
2026-02-12 10:32:18,600 [INFO] myLib.mySerial.Connector.myLib.mySerial.Connector: COM19 is connected
2026-02-12 10:32:18,602 [INFO] drivers.HinsGnss: Connector set and input buffer flushed.
2026-02-12 10:32:18,602 [INFO] drivers.HinsGnss: Connector set and input buffer flushed.
2026-02-12 10:32:18,604 [INFO] main.drivers.HinsHybrid: Hybrid Reader (Dispatcher) Started.
2026-02-12 10:32:20,093 [INFO] Main: Restarting Hybrid Reader Thread...
2026-02-12 10:32:20,100 [INFO] main.drivers.HinsHybrid: Hybrid Reader (Dispatcher) Started.
2026-02-12 10:32:23,597 [INFO] main.drivers.HinsHybrid: [HinsHybrid] Thread stop requested.
2026-02-12 10:32:56,254 [INFO] Main: Restarting Hybrid Reader Thread...
2026-02-12 10:32:56,263 [INFO] main.drivers.HinsHybrid: Hybrid Reader (Dispatcher) Started.
2026-02-12 10:33:17,846 [INFO] main.drivers.HinsHybrid: [HinsHybrid] Thread stop requested.
2026-02-12 10:38:17,225 [INFO] Main: Restarting Hybrid Reader Thread...
2026-02-12 10:38:17,235 [INFO] main.drivers.HinsHybrid: Hybrid Reader (Dispatcher) Started.
2026-02-12 10:38:20,240 [INFO] main.drivers.HinsHybrid: [HinsHybrid] Thread stop requested.
2026-02-12 10:42:02,491 [INFO] Main: Restarting Hybrid Reader Thread...
2026-02-12 10:42:02,508 [INFO] main.drivers.HinsHybrid: Hybrid Reader (Dispatcher) Started.
2026-02-12 10:42:06,691 [INFO] main.drivers.HinsHybrid: [HinsHybrid] Thread stop requested.
2026-02-12 10:59:07,568 [ERROR] myLib.mySerial.Connector.myLib.mySerial.Connector: The device can not be found or can not be configured.
2026-02-12 10:59:07,570 [ERROR] myLib.mySerial.Connector.myLib.mySerial.Connector: The device can not be found or can not be configured.
2026-02-12 10:59:07,570 [ERROR] myLib.mySerial.Connector.myLib.mySerial.Connector: The device can not be found or can not be configured.
2026-02-12 10:59:07,720 [INFO] main.drivers.HinsHybrid: [HinsHybrid] Thread stop requested.
2026-02-12 10:59:07,722 [INFO] main.drivers.HinsHybrid: [HinsHybrid] Thread stop requested.
2026-02-12 10:59:07,722 [INFO] myLib.mySerial.Connector.myLib.mySerial.Connector: COM19 is disconnected
2026-02-12 11:01:38,487 [INFO] pigImu_Widget.pigImu_Widget: pigImu_Widget logger start
2026-02-12 11:01:38,509 [INFO] myLib.myGui.graph.myLib.myGui.graph: myLib.myGui.graph logger start
2026-02-12 11:01:39,140 [INFO] myLib.common.myLib.common: myLib.common logger start
2026-02-12 11:01:39,141 [INFO] myLib.myGui.mygui_serial.myLib.myGui.mygui_serial: myLib.myGui.mygui_serial logger start
2026-02-12 11:01:39,141 [INFO] myLib.myGui.myLabel.myLib.myGui.myLabel: myLib.myGui.myLabel logger start
2026-02-12 11:01:39,142 [INFO] myLib.myGui.myLineEdit.myLib.myGui.myLineEdit: myLib.myGui.myLineEdit logger start
2026-02-12 11:01:39,143 [INFO] myLib.myGui.myCheckBox.myLib.myGui.myCheckBox: myLib.myGui.myCheckBox logger start
2026-02-12 11:01:39,143 [INFO] myLib.myGui.myRadioButton.myLib.myGui.myRadioButton: myLib.myGui.myRadioButton logger start
2026-02-12 11:01:39,144 [INFO] record_Log: record_Log logger start
2026-02-12 11:01:39,156 [INFO] myLib.myGui.AttitudeIndicator.myLib.myGui.AttitudeIndicator: myLib.myGui.AttitudeIndicator logger start
2026-02-12 11:01:39,158 [INFO] myLib.myGui.pig_menu_manager.myLib.myGui.pig_menu_manager: myLib.myGui.pig_menu_manager logger start
2026-02-12 11:01:39,162 [INFO] myLib.mySerial.Connector.myLib.mySerial.Connector: myLib.mySerial.Connector logger start
2026-02-12 11:01:39,167 [INFO] myLib.myGui.myComboBox.myLib.myGui.myComboBox: myLib.myGui.myComboBox logger start
2026-02-12 11:01:39,168 [INFO] drivers.hins_fog_imu.widgets.pig_parameters_widget.drivers.hins_fog_imu.widgets.pig_parameters_widget: drivers.hins_fog_imu.widgets.pig_parameters_widget logger start
2026-02-12 11:01:39,170 [INFO] drivers.hins_fog_imu.widgets.pig_W_A_calibration_parameter_widget.drivers.hins_fog_imu.widgets.pig_W_A_calibration_parameter_widget: drivers.hins_fog_imu.widgets.pig_W_A_calibration_parameter_widget logger start
2026-02-12 11:01:39,171 [INFO] drivers.hins_fog_imu.widgets.pig_version_widget.drivers.hins_fog_imu.widgets.pig_version_widget: drivers.hins_fog_imu.widgets.pig_version_widget logger start
2026-02-12 11:01:39,172 [INFO] drivers.hins_fog_imu.widgets.pig_configuration_widget.drivers.hins_fog_imu.widgets.pig_configuration_widget: drivers.hins_fog_imu.widgets.pig_configuration_widget logger start
2026-02-12 11:01:39,177 [INFO] myLib.crcCalculator.crcLib.myLib.crcCalculator.crcLib: myLib.crcCalculator.crcLib logger start
2026-02-12 11:01:42,194 [INFO] Main: Port Selected: COM40
2026-02-12 11:01:42,194 [INFO] Main: Port Selected: COM40
2026-02-12 11:01:43,914 [INFO] Main: Port Selected: COM19
2026-02-12 11:01:44,514 [INFO] Main: Connecting to COM19 at 230400...
2026-02-12 11:01:44,555 [INFO] myLib.mySerial.Connector.myLib.mySerial.Connector: COM19 is connected
2026-02-12 11:01:44,556 [INFO] drivers.HinsGnss: Connector set and input buffer flushed.
2026-02-12 11:01:44,556 [INFO] drivers.HinsGnss: Connector set and input buffer flushed.
2026-02-12 11:01:44,558 [INFO] main.drivers.HinsHybrid: Hybrid Reader (Dispatcher) Started.
2026-02-12 11:01:58,778 [INFO] main.drivers.HinsHybrid: [HinsHybrid] Thread stop requested.
2026-02-12 11:02:02,768 [INFO] Main: Restarting Hybrid Reader Thread...
2026-02-12 11:02:02,787 [INFO] main.drivers.HinsHybrid: Hybrid Reader (Dispatcher) Started.
2026-02-12 11:10:01,772 [INFO] main.drivers.HinsHybrid: [HinsHybrid] Thread stop requested.
2026-02-12 11:10:02,507 [INFO] main.drivers.HinsHybrid: [HinsHybrid] Thread stop requested.
2026-02-12 11:10:02,508 [INFO] main.drivers.HinsHybrid: [HinsHybrid] Thread stop requested.
2026-02-12 11:10:02,611 [INFO] myLib.mySerial.Connector.myLib.mySerial.Connector: COM19 is disconnected
2026-02-12 11:25:06,634 [INFO] pigImu_Widget.pigImu_Widget: pigImu_Widget logger start
2026-02-12 11:25:06,656 [INFO] myLib.myGui.graph.myLib.myGui.graph: myLib.myGui.graph logger start
2026-02-12 11:25:07,282 [INFO] myLib.common.myLib.common: myLib.common logger start
2026-02-12 11:25:07,283 [INFO] myLib.myGui.mygui_serial.myLib.myGui.mygui_serial: myLib.myGui.mygui_serial logger start
2026-02-12 11:25:07,284 [INFO] myLib.myGui.myLabel.myLib.myGui.myLabel: myLib.myGui.myLabel logger start
2026-02-12 11:25:07,284 [INFO] myLib.myGui.myLineEdit.myLib.myGui.myLineEdit: myLib.myGui.myLineEdit logger start
2026-02-12 11:25:07,285 [INFO] myLib.myGui.myCheckBox.myLib.myGui.myCheckBox: myLib.myGui.myCheckBox logger start
2026-02-12 11:25:07,285 [INFO] myLib.myGui.myRadioButton.myLib.myGui.myRadioButton: myLib.myGui.myRadioButton logger start
2026-02-12 11:25:07,286 [INFO] record_Log: record_Log logger start
2026-02-12 11:25:07,297 [INFO] myLib.myGui.AttitudeIndicator.myLib.myGui.AttitudeIndicator: myLib.myGui.AttitudeIndicator logger start
2026-02-12 11:25:07,299 [INFO] myLib.myGui.pig_menu_manager.myLib.myGui.pig_menu_manager: myLib.myGui.pig_menu_manager logger start
2026-02-12 11:25:07,304 [INFO] myLib.mySerial.Connector.myLib.mySerial.Connector: myLib.mySerial.Connector logger start
2026-02-12 11:25:07,311 [INFO] myLib.myGui.myComboBox.myLib.myGui.myComboBox: myLib.myGui.myComboBox logger start
2026-02-12 11:25:07,312 [INFO] drivers.hins_fog_imu.widgets.pig_parameters_widget.drivers.hins_fog_imu.widgets.pig_parameters_widget: drivers.hins_fog_imu.widgets.pig_parameters_widget logger start
2026-02-12 11:25:07,313 [INFO] drivers.hins_fog_imu.widgets.pig_W_A_calibration_parameter_widget.drivers.hins_fog_imu.widgets.pig_W_A_calibration_parameter_widget: drivers.hins_fog_imu.widgets.pig_W_A_calibration_parameter_widget logger start
2026-02-12 11:25:07,314 [INFO] drivers.hins_fog_imu.widgets.pig_version_widget.drivers.hins_fog_imu.widgets.pig_version_widget: drivers.hins_fog_imu.widgets.pig_version_widget logger start
2026-02-12 11:25:07,315 [INFO] drivers.hins_fog_imu.widgets.pig_configuration_widget.drivers.hins_fog_imu.widgets.pig_configuration_widget: drivers.hins_fog_imu.widgets.pig_configuration_widget logger start
2026-02-12 11:25:07,322 [INFO] myLib.crcCalculator.crcLib.myLib.crcCalculator.crcLib: myLib.crcCalculator.crcLib logger start
2026-02-12 11:25:08,896 [INFO] Main: Port Selected: COM15
2026-02-12 11:25:08,897 [INFO] Main: Port Selected: COM15
2026-02-12 11:25:26,951 [INFO] Main: Port Selected: COM16
2026-02-12 11:25:26,951 [INFO] Main: Port Selected: COM40
2026-02-12 11:25:26,952 [INFO] Main: Port Selected: COM40
2026-02-12 11:25:28,491 [INFO] Main: Port Selected: COM19
2026-02-12 11:25:29,128 [INFO] Main: Connecting to COM19 at 230400...
2026-02-12 11:25:29,417 [INFO] myLib.mySerial.Connector.myLib.mySerial.Connector: COM19 is connected
2026-02-12 11:25:29,419 [INFO] drivers.HinsGnss: Connector set and input buffer flushed.
2026-02-12 11:25:29,419 [INFO] drivers.HinsGnss: Connector set and input buffer flushed.
2026-02-12 11:25:29,421 [INFO] main.drivers.HinsHybrid: Hybrid Reader (Dispatcher) Started.
2026-02-12 11:33:37,274 [INFO] main.drivers.HinsHybrid: [HinsHybrid] Thread stop requested.
2026-02-12 11:33:37,819 [INFO] Main: Restarting Hybrid Reader Thread...
2026-02-12 11:33:37,835 [INFO] main.drivers.HinsHybrid: Hybrid Reader (Dispatcher) Started.
2026-02-12 11:51:33,616 [INFO] main.drivers.HinsHybrid: [HinsHybrid] Thread stop requested.
2026-02-12 11:51:38,972 [INFO] Main: Restarting Hybrid Reader Thread...
2026-02-12 11:51:38,987 [INFO] main.drivers.HinsHybrid: Hybrid Reader (Dispatcher) Started.
2026-02-12 11:52:04,023 [INFO] main.drivers.HinsHybrid: [HinsHybrid] Thread stop requested.
2026-02-12 11:54:58,753 [INFO] Main: Restarting Hybrid Reader Thread...
2026-02-12 11:54:58,762 [INFO] main.drivers.HinsHybrid: Hybrid Reader (Dispatcher) Started.
2026-02-12 11:59:35,508 [INFO] main.drivers.HinsHybrid: [HinsHybrid] Thread stop requested.
2026-02-12 11:59:36,312 [INFO] Main: Restarting Hybrid Reader Thread...
2026-02-12 11:59:36,332 [INFO] main.drivers.HinsHybrid: Hybrid Reader (Dispatcher) Started.
2026-02-12 12:03:33,153 [INFO] main.drivers.HinsHybrid: [HinsHybrid] Thread stop requested.
2026-02-12 12:03:38,656 [INFO] Main: Restarting Hybrid Reader Thread...
2026-02-12 12:03:38,668 [INFO] main.drivers.HinsHybrid: Hybrid Reader (Dispatcher) Started.
2026-02-12 12:03:41,206 [INFO] main.drivers.HinsHybrid: [HinsHybrid] Thread stop requested.
2026-02-12 12:03:45,555 [INFO] Main: Restarting Hybrid Reader Thread...
2026-02-12 12:03:45,561 [INFO] main.drivers.HinsHybrid: Hybrid Reader (Dispatcher) Started.
2026-02-12 12:05:20,712 [INFO] main.drivers.HinsHybrid: [HinsHybrid] Thread stop requested.
2026-02-12 12:05:21,996 [INFO] main.drivers.HinsHybrid: [HinsHybrid] Thread stop requested.
2026-02-12 12:05:21,998 [INFO] main.drivers.HinsHybrid: [HinsHybrid] Thread stop requested.
2026-02-12 12:05:22,115 [INFO] myLib.mySerial.Connector.myLib.mySerial.Connector: COM19 is disconnected
2026-02-12 14:15:12,620 [INFO] Main: Connecting to COM19 at 230400...
2026-02-12 14:15:12,905 [INFO] myLib.mySerial.Connector.myLib.mySerial.Connector: COM19 is connected
2026-02-12 14:15:12,907 [INFO] drivers.HinsGnss: Connector set and input buffer flushed.
2026-02-12 14:15:12,907 [INFO] drivers.HinsGnss: Connector set and input buffer flushed.
2026-02-12 14:15:12,910 [INFO] main.drivers.HinsHybrid: Hybrid Reader (Dispatcher) Started.
2026-02-12 14:15:14,877 [INFO] Main: Restarting Hybrid Reader Thread...
2026-02-12 14:15:14,887 [INFO] main.drivers.HinsHybrid: Hybrid Reader (Dispatcher) Started.
2026-02-12 14:15:21,543 [INFO] main.drivers.HinsHybrid: [HinsHybrid] Thread stop requested.
2026-02-12 14:15:50,046 [INFO] Main: Restarting Hybrid Reader Thread...
2026-02-12 14:15:50,052 [INFO] main.drivers.HinsHybrid: Hybrid Reader (Dispatcher) Started.
2026-02-12 14:17:04,150 [INFO] main.drivers.HinsHybrid: [HinsHybrid] Thread stop requested.
2026-02-12 14:17:06,037 [INFO] main.drivers.HinsHybrid: [HinsHybrid] Thread stop requested.
2026-02-12 14:17:06,038 [INFO] main.drivers.HinsHybrid: [HinsHybrid] Thread stop requested.
2026-02-12 14:17:06,142 [INFO] myLib.mySerial.Connector.myLib.mySerial.Connector: COM19 is disconnected
2026-02-12 14:18:02,825 [INFO] Main: Connecting to COM19 at 230400...
2026-02-12 14:18:02,866 [INFO] myLib.mySerial.Connector.myLib.mySerial.Connector: COM19 is connected
2026-02-12 14:18:02,868 [INFO] drivers.HinsGnss: Connector set and input buffer flushed.
2026-02-12 14:18:02,868 [INFO] drivers.HinsGnss: Connector set and input buffer flushed.
2026-02-12 14:18:02,870 [INFO] main.drivers.HinsHybrid: Hybrid Reader (Dispatcher) Started.
2026-02-12 14:18:03,973 [INFO] Main: Restarting Hybrid Reader Thread...
2026-02-12 14:18:03,981 [INFO] main.drivers.HinsHybrid: Hybrid Reader (Dispatcher) Started.
2026-02-12 14:18:09,471 [INFO] main.drivers.HinsHybrid: [HinsHybrid] Thread stop requested.
2026-02-12 14:19:56,561 [INFO] Main: Restarting Hybrid Reader Thread...
2026-02-12 14:19:56,567 [INFO] main.drivers.HinsHybrid: Hybrid Reader (Dispatcher) Started.
2026-02-12 14:20:03,176 [INFO] main.drivers.HinsHybrid: [HinsHybrid] Thread stop requested.
2026-02-12 14:20:05,869 [INFO] main.drivers.HinsHybrid: [HinsHybrid] Thread stop requested.
2026-02-12 14:20:05,870 [INFO] main.drivers.HinsHybrid: [HinsHybrid] Thread stop requested.
2026-02-12 14:20:05,983 [INFO] myLib.mySerial.Connector.myLib.mySerial.Connector: COM19 is disconnected
2026-02-12 14:21:20,800 [INFO] pigImu_Widget.pigImu_Widget: pigImu_Widget logger start
2026-02-12 14:21:20,821 [INFO] myLib.myGui.graph.myLib.myGui.graph: myLib.myGui.graph logger start
2026-02-12 14:21:30,637 [INFO] myLib.common.myLib.common: myLib.common logger start
2026-02-12 14:21:30,655 [INFO] myLib.myGui.mygui_serial.myLib.myGui.mygui_serial: myLib.myGui.mygui_serial logger start
2026-02-12 14:21:30,668 [INFO] myLib.myGui.myLabel.myLib.myGui.myLabel: myLib.myGui.myLabel logger start
2026-02-12 14:21:30,680 [INFO] myLib.myGui.myLineEdit.myLib.myGui.myLineEdit: myLib.myGui.myLineEdit logger start
2026-02-12 14:21:30,693 [INFO] myLib.myGui.myCheckBox.myLib.myGui.myCheckBox: myLib.myGui.myCheckBox logger start
2026-02-12 14:21:30,706 [INFO] myLib.myGui.myRadioButton.myLib.myGui.myRadioButton: myLib.myGui.myRadioButton logger start
2026-02-12 14:21:30,720 [INFO] record_Log: record_Log logger start
2026-02-12 14:21:30,878 [INFO] myLib.myGui.AttitudeIndicator.myLib.myGui.AttitudeIndicator: myLib.myGui.AttitudeIndicator logger start
2026-02-12 14:21:30,906 [INFO] myLib.myGui.pig_menu_manager.myLib.myGui.pig_menu_manager: myLib.myGui.pig_menu_manager logger start
2026-02-12 14:21:30,974 [INFO] myLib.mySerial.Connector.myLib.mySerial.Connector: myLib.mySerial.Connector logger start
2026-02-12 14:21:31,029 [INFO] myLib.myGui.myComboBox.myLib.myGui.myComboBox: myLib.myGui.myComboBox logger start
2026-02-12 14:21:31,042 [INFO] drivers.hins_fog_imu.widgets.pig_parameters_widget.drivers.hins_fog_imu.widgets.pig_parameters_widget: drivers.hins_fog_imu.widgets.pig_parameters_widget logger start
2026-02-12 14:21:31,059 [INFO] drivers.hins_fog_imu.widgets.pig_W_A_calibration_parameter_widget.drivers.hins_fog_imu.widgets.pig_W_A_calibration_parameter_widget: drivers.hins_fog_imu.widgets.pig_W_A_calibration_parameter_widget logger start
2026-02-12 14:21:31,074 [INFO] drivers.hins_fog_imu.widgets.pig_version_widget.drivers.hins_fog_imu.widgets.pig_version_widget: drivers.hins_fog_imu.widgets.pig_version_widget logger start
2026-02-12 14:21:31,086 [INFO] drivers.hins_fog_imu.widgets.pig_configuration_widget.drivers.hins_fog_imu.widgets.pig_configuration_widget: drivers.hins_fog_imu.widgets.pig_configuration_widget logger start
2026-02-12 14:21:31,169 [INFO] myLib.crcCalculator.crcLib.myLib.crcCalculator.crcLib: myLib.crcCalculator.crcLib logger start
2026-02-12 14:21:33,368 [INFO] Main: Port Selected: COM40
2026-02-12 14:21:33,369 [INFO] Main: Port Selected: COM40
2026-02-12 14:21:36,941 [INFO] Main: Port Selected: COM19
2026-02-12 14:21:37,448 [INFO] Main: Connecting to COM19 at 230400...
2026-02-12 14:21:37,732 [INFO] myLib.mySerial.Connector.myLib.mySerial.Connector: COM19 is connected
2026-02-12 14:21:37,734 [INFO] drivers.HinsGnss: Connector set and input buffer flushed.
2026-02-12 14:21:37,734 [INFO] drivers.HinsGnss: Connector set and input buffer flushed.
2026-02-12 14:21:37,736 [INFO] main.drivers.HinsHybrid: Hybrid Reader (Dispatcher) Started.
2026-02-12 14:24:56,021 [INFO] main.drivers.HinsHybrid: [HinsHybrid] Thread stop requested.
2026-02-12 14:24:56,681 [INFO] Main: Restarting Hybrid Reader Thread...
2026-02-12 14:24:56,690 [INFO] main.drivers.HinsHybrid: Hybrid Reader (Dispatcher) Started.
2026-02-12 14:26:23,168 [INFO] main.drivers.HinsHybrid: [HinsHybrid] Thread stop requested.
2026-02-12 14:26:48,167 [INFO] main.drivers.HinsHybrid: [HinsHybrid] Thread stop requested.
2026-02-12 14:26:48,168 [INFO] main.drivers.HinsHybrid: [HinsHybrid] Thread stop requested.
2026-02-12 14:26:48,272 [INFO] myLib.mySerial.Connector.myLib.mySerial.Connector: COM19 is disconnected
2026-02-12 14:31:02,505 [INFO] Main: Connecting to COM19 at 230400...
2026-02-12 14:31:02,545 [INFO] myLib.mySerial.Connector.myLib.mySerial.Connector: COM19 is connected
2026-02-12 14:31:02,546 [INFO] drivers.HinsGnss: Connector set and input buffer flushed.
2026-02-12 14:31:02,547 [INFO] drivers.HinsGnss: Connector set and input buffer flushed.
2026-02-12 14:31:02,548 [INFO] main.drivers.HinsHybrid: Hybrid Reader (Dispatcher) Started.
2026-02-12 14:31:04,230 [INFO] Main: Restarting Hybrid Reader Thread...
2026-02-12 14:31:04,243 [INFO] main.drivers.HinsHybrid: Hybrid Reader (Dispatcher) Started.
2026-02-12 14:31:08,468 [INFO] main.drivers.HinsHybrid: [HinsHybrid] Thread stop requested.
2026-02-12 14:31:14,017 [INFO] Main: Restarting Hybrid Reader Thread...
2026-02-12 14:31:14,035 [INFO] main.drivers.HinsHybrid: Hybrid Reader (Dispatcher) Started.
2026-02-12 14:31:21,519 [INFO] main.drivers.HinsHybrid: [HinsHybrid] Thread stop requested.
2026-02-12 14:32:19,001 [INFO] main.drivers.HinsHybrid: [HinsHybrid] Thread stop requested.
2026-02-12 14:32:19,002 [INFO] main.drivers.HinsHybrid: [HinsHybrid] Thread stop requested.
2026-02-12 14:32:19,121 [INFO] myLib.mySerial.Connector.myLib.mySerial.Connector: COM19 is disconnected
2026-02-12 14:32:19,602 [INFO] Main: Connecting to COM19 at 230400...
2026-02-12 14:32:19,643 [INFO] myLib.mySerial.Connector.myLib.mySerial.Connector: COM19 is connected
2026-02-12 14:32:19,645 [INFO] drivers.HinsGnss: Connector set and input buffer flushed.
2026-02-12 14:32:19,645 [INFO] drivers.HinsGnss: Connector set and input buffer flushed.
2026-02-12 14:32:19,647 [INFO] main.drivers.HinsHybrid: Hybrid Reader (Dispatcher) Started.
2026-02-12 14:32:20,741 [INFO] Main: Restarting Hybrid Reader Thread...
2026-02-12 14:32:20,758 [INFO] main.drivers.HinsHybrid: Hybrid Reader (Dispatcher) Started.
2026-02-12 14:32:47,023 [INFO] main.drivers.HinsHybrid: [HinsHybrid] Thread stop requested.
2026-02-12 14:32:47,944 [INFO] main.drivers.HinsHybrid: [HinsHybrid] Thread stop requested.
2026-02-12 14:32:47,946 [INFO] main.drivers.HinsHybrid: [HinsHybrid] Thread stop requested.
2026-02-12 14:32:48,064 [INFO] myLib.mySerial.Connector.myLib.mySerial.Connector: COM19 is disconnected
2026-02-12 14:33:03,913 [INFO] Main: Connecting to COM19 at 230400...
2026-02-12 14:33:04,201 [INFO] myLib.mySerial.Connector.myLib.mySerial.Connector: COM19 is connected
2026-02-12 14:33:04,204 [INFO] drivers.HinsGnss: Connector set and input buffer flushed.
2026-02-12 14:33:04,204 [INFO] drivers.HinsGnss: Connector set and input buffer flushed.
2026-02-12 14:33:04,206 [INFO] main.drivers.HinsHybrid: Hybrid Reader (Dispatcher) Started.
2026-02-12 14:33:05,233 [INFO] Main: Restarting Hybrid Reader Thread...
2026-02-12 14:33:05,254 [INFO] main.drivers.HinsHybrid: Hybrid Reader (Dispatcher) Started.
2026-02-12 14:34:38,190 [INFO] main.drivers.HinsHybrid: [HinsHybrid] Thread stop requested.
2026-02-12 14:35:57,803 [INFO] Main: Restarting Hybrid Reader Thread...
2026-02-12 14:35:57,820 [INFO] main.drivers.HinsHybrid: Hybrid Reader (Dispatcher) Started.
2026-02-12 14:36:21,120 [INFO] main.drivers.HinsHybrid: [HinsHybrid] Thread stop requested.
2026-02-12 14:36:28,823 [INFO] Main: Restarting Hybrid Reader Thread...
2026-02-12 14:36:28,832 [INFO] main.drivers.HinsHybrid: Hybrid Reader (Dispatcher) Started.
2026-02-12 14:36:35,844 [INFO] main.drivers.HinsHybrid: [HinsHybrid] Thread stop requested.
2026-02-12 14:36:44,049 [INFO] Main: Restarting Hybrid Reader Thread...
2026-02-12 14:36:44,060 [INFO] main.drivers.HinsHybrid: Hybrid Reader (Dispatcher) Started.
2026-02-12 14:36:51,669 [INFO] main.drivers.HinsHybrid: [HinsHybrid] Thread stop requested.
2026-02-12 14:37:10,797 [INFO] main.drivers.HinsHybrid: [HinsHybrid] Thread stop requested.
2026-02-12 14:37:10,799 [INFO] main.drivers.HinsHybrid: [HinsHybrid] Thread stop requested.
2026-02-12 14:37:10,913 [INFO] myLib.mySerial.Connector.myLib.mySerial.Connector: COM19 is disconnected
2026-02-12 14:37:32,839 [INFO] pigImu_Widget.pigImu_Widget: pigImu_Widget logger start
2026-02-12 14:37:32,865 [INFO] myLib.myGui.graph.myLib.myGui.graph: myLib.myGui.graph logger start
2026-02-12 14:37:33,505 [INFO] myLib.common.myLib.common: myLib.common logger start
2026-02-12 14:37:33,506 [INFO] myLib.myGui.mygui_serial.myLib.myGui.mygui_serial: myLib.myGui.mygui_serial logger start
2026-02-12 14:37:33,506 [INFO] myLib.myGui.myLabel.myLib.myGui.myLabel: myLib.myGui.myLabel logger start
2026-02-12 14:37:33,507 [INFO] myLib.myGui.myLineEdit.myLib.myGui.myLineEdit: myLib.myGui.myLineEdit logger start
2026-02-12 14:37:33,508 [INFO] myLib.myGui.myCheckBox.myLib.myGui.myCheckBox: myLib.myGui.myCheckBox logger start
2026-02-12 14:37:33,508 [INFO] myLib.myGui.myRadioButton.myLib.myGui.myRadioButton: myLib.myGui.myRadioButton logger start
2026-02-12 14:37:33,509 [INFO] record_Log: record_Log logger start
2026-02-12 14:37:33,521 [INFO] myLib.myGui.AttitudeIndicator.myLib.myGui.AttitudeIndicator: myLib.myGui.AttitudeIndicator logger start
2026-02-12 14:37:33,523 [INFO] myLib.myGui.pig_menu_manager.myLib.myGui.pig_menu_manager: myLib.myGui.pig_menu_manager logger start
2026-02-12 14:37:33,527 [INFO] myLib.mySerial.Connector.myLib.mySerial.Connector: myLib.mySerial.Connector logger start
2026-02-12 14:37:33,533 [INFO] myLib.myGui.myComboBox.myLib.myGui.myComboBox: myLib.myGui.myComboBox logger start
2026-02-12 14:37:33,534 [INFO] drivers.hins_fog_imu.widgets.pig_parameters_widget.drivers.hins_fog_imu.widgets.pig_parameters_widget: drivers.hins_fog_imu.widgets.pig_parameters_widget logger start
2026-02-12 14:37:33,535 [INFO] drivers.hins_fog_imu.widgets.pig_W_A_calibration_parameter_widget.drivers.hins_fog_imu.widgets.pig_W_A_calibration_parameter_widget: drivers.hins_fog_imu.widgets.pig_W_A_calibration_parameter_widget logger start
2026-02-12 14:37:33,536 [INFO] drivers.hins_fog_imu.widgets.pig_version_widget.drivers.hins_fog_imu.widgets.pig_version_widget: drivers.hins_fog_imu.widgets.pig_version_widget logger start
2026-02-12 14:37:33,537 [INFO] drivers.hins_fog_imu.widgets.pig_configuration_widget.drivers.hins_fog_imu.widgets.pig_configuration_widget: drivers.hins_fog_imu.widgets.pig_configuration_widget logger start
2026-02-12 14:37:33,542 [INFO] myLib.crcCalculator.crcLib.myLib.crcCalculator.crcLib: myLib.crcCalculator.crcLib logger start
2026-02-12 14:37:34,839 [INFO] Main: Port Selected: COM40
2026-02-12 14:37:34,840 [INFO] Main: Port Selected: COM40
2026-02-12 14:37:36,604 [INFO] Main: Port Selected: COM19
2026-02-12 14:37:37,212 [INFO] Main: Connecting to COM19 at 230400...
2026-02-12 14:37:37,496 [INFO] myLib.mySerial.Connector.myLib.mySerial.Connector: COM19 is connected
2026-02-12 14:37:37,498 [INFO] drivers.HinsGnss: Connector set and input buffer flushed.
2026-02-12 14:37:37,498 [INFO] drivers.HinsGnss: Connector set and input buffer flushed.
2026-02-12 14:37:37,500 [INFO] main.drivers.HinsHybrid: Hybrid Reader (Dispatcher) Started.
2026-02-12 14:39:09,587 [INFO] main.drivers.HinsHybrid: [HinsHybrid] Thread stop requested.
2026-02-12 14:39:10,591 [INFO] Main: Restarting Hybrid Reader Thread...
2026-02-12 14:39:10,600 [INFO] main.drivers.HinsHybrid: Hybrid Reader (Dispatcher) Started.
2026-02-12 14:39:15,851 [INFO] main.drivers.HinsHybrid: [HinsHybrid] Thread stop requested.
2026-02-12 14:39:52,368 [INFO] Main: Restarting Hybrid Reader Thread...
2026-02-12 14:39:52,380 [INFO] main.drivers.HinsHybrid: Hybrid Reader (Dispatcher) Started.
2026-02-12 16:18:58,790 [ERROR] main.drivers.HinsHybrid: Run loop error: ClearCommError failed (PermissionError(13, '存取被拒。', None, 5))
2026-02-12 17:18:25,466 [ERROR] myLib.mySerial.Connector.myLib.mySerial.Connector: The device can not be found or can not be configured.
2026-02-12 17:18:25,467 [ERROR] myLib.mySerial.Connector.myLib.mySerial.Connector: The device can not be found or can not be configured.
2026-02-12 17:18:25,467 [ERROR] myLib.mySerial.Connector.myLib.mySerial.Connector: The device can not be found or can not be configured.
2026-02-12 17:18:25,618 [INFO] main.drivers.HinsHybrid: [HinsHybrid] Thread stop requested.
2026-02-12 17:18:25,618 [INFO] main.drivers.HinsHybrid: [HinsHybrid] Thread stop requested.
2026-02-12 17:18:25,619 [INFO] myLib.mySerial.Connector.myLib.mySerial.Connector: COM19 is disconnected
