2026-02-05 11:56:57,421 [INFO] pigImu_Widget.pigImu_Widget: pigImu_Widget logger start
2026-02-05 11:56:57,443 [INFO] myLib.myGui.graph.myLib.myGui.graph: myLib.myGui.graph logger start
2026-02-05 11:57:07,690 [INFO] myLib.common.myLib.common: myLib.common logger start
2026-02-05 11:57:07,709 [INFO] myLib.myGui.mygui_serial.myLib.myGui.mygui_serial: myLib.myGui.mygui_serial logger start
2026-02-05 11:57:07,722 [INFO] myLib.myGui.myLabel.myLib.myGui.myLabel: myLib.myGui.myLabel logger start
2026-02-05 11:57:07,734 [INFO] myLib.myGui.myLineEdit.myLib.myGui.myLineEdit: myLib.myGui.myLineEdit logger start
2026-02-05 11:57:07,746 [INFO] myLib.myGui.myCheckBox.myLib.myGui.myCheckBox: myLib.myGui.myCheckBox logger start
2026-02-05 11:57:07,759 [INFO] myLib.myGui.myRadioButton.myLib.myGui.myRadioButton: myLib.myGui.myRadioButton logger start
2026-02-05 11:57:07,770 [INFO] record_Log: record_Log logger start
2026-02-05 11:57:07,940 [INFO] myLib.myGui.AttitudeIndicator.myLib.myGui.AttitudeIndicator: myLib.myGui.AttitudeIndicator logger start
2026-02-05 11:57:07,970 [INFO] myLib.myGui.pig_menu_manager.myLib.myGui.pig_menu_manager: myLib.myGui.pig_menu_manager logger start
2026-02-05 11:57:08,035 [INFO] myLib.mySerial.Connector.myLib.mySerial.Connector: myLib.mySerial.Connector logger start
2026-02-05 11:57:08,088 [INFO] myLib.myGui.myComboBox.myLib.myGui.myComboBox: myLib.myGui.myComboBox logger start
2026-02-05 11:57:08,101 [INFO] drivers.hins_fog_imu.widgets.pig_parameters_widget.drivers.hins_fog_imu.widgets.pig_parameters_widget: drivers.hins_fog_imu.widgets.pig_parameters_widget logger start
2026-02-05 11:57:08,118 [INFO] drivers.hins_fog_imu.widgets.pig_W_A_calibration_parameter_widget.drivers.hins_fog_imu.widgets.pig_W_A_calibration_parameter_widget: drivers.hins_fog_imu.widgets.pig_W_A_calibration_parameter_widget logger start
2026-02-05 11:57:08,134 [INFO] drivers.hins_fog_imu.widgets.pig_version_widget.drivers.hins_fog_imu.widgets.pig_version_widget: drivers.hins_fog_imu.widgets.pig_version_widget logger start
2026-02-05 11:57:08,148 [INFO] drivers.hins_fog_imu.widgets.pig_configuration_widget.drivers.hins_fog_imu.widgets.pig_configuration_widget: drivers.hins_fog_imu.widgets.pig_configuration_widget logger start
2026-02-05 11:57:08,253 [INFO] myLib.crcCalculator.crcLib.myLib.crcCalculator.crcLib: myLib.crcCalculator.crcLib logger start
2026-02-05 11:58:53,749 [INFO] Main: Port Selected: COM19
2026-02-05 11:58:53,750 [INFO] Main: Port Selected: COM19
2026-02-05 11:58:55,634 [INFO] Main: Connecting to COM19 at 230400...
2026-02-05 11:58:55,675 [INFO] myLib.mySerial.Connector.myLib.mySerial.Connector: COM19 is connected
2026-02-05 11:58:55,677 [INFO] drivers.HinsGnss: Connector set and input buffer flushed.
2026-02-05 11:58:55,677 [INFO] drivers.HinsGnss: Connector set and input buffer flushed.
2026-02-05 11:58:55,679 [INFO] main.drivers.HinsHybrid: Hybrid Reader (Dispatcher) Started.
2026-02-05 11:58:59,708 [INFO] main.drivers.HinsHybrid: [HinsHybrid] Thread stop requested.
2026-02-05 11:59:26,918 [ERROR] myLib.mySerial.Connector.myLib.mySerial.Connector: The device can not be found or can not be configured.
2026-02-05 11:59:26,919 [ERROR] myLib.mySerial.Connector.myLib.mySerial.Connector: The device can not be found or can not be configured.
2026-02-05 11:59:26,919 [ERROR] myLib.mySerial.Connector.myLib.mySerial.Connector: The device can not be found or can not be configured.
2026-02-05 11:59:27,070 [INFO] main.drivers.HinsHybrid: [HinsHybrid] Thread stop requested.
2026-02-05 11:59:27,071 [INFO] main.drivers.HinsHybrid: [HinsHybrid] Thread stop requested.
2026-02-05 11:59:27,071 [INFO] myLib.mySerial.Connector.myLib.mySerial.Connector: COM19 is disconnected
2026-02-05 11:59:27,531 [INFO] Main: Port Selected: COM8
2026-02-05 11:59:27,532 [INFO] Main: Port Selected: COM15
2026-02-05 11:59:27,533 [INFO] Main: Port Selected: COM15
2026-02-05 11:59:29,385 [INFO] Main: Port Selected: COM8
2026-02-05 11:59:29,386 [INFO] Main: Port Selected: COM15
2026-02-05 11:59:29,386 [INFO] Main: Port Selected: COM15
2026-02-05 11:59:30,748 [INFO] Main: Port Selected: COM8
2026-02-05 11:59:31,419 [INFO] Main: Connecting to COM8 at 230400...
2026-02-05 11:59:31,460 [INFO] myLib.mySerial.Connector.myLib.mySerial.Connector: COM8 is connected
2026-02-05 11:59:31,461 [INFO] drivers.HinsGnss: Connector set and input buffer flushed.
2026-02-05 11:59:31,462 [INFO] drivers.HinsGnss: Connector set and input buffer flushed.
2026-02-05 11:59:31,464 [INFO] main.drivers.HinsHybrid: Hybrid Reader (Dispatcher) Started.
2026-02-05 11:59:32,154 [INFO] Main: Restarting Hybrid Reader Thread...
2026-02-05 11:59:32,165 [INFO] main.drivers.HinsHybrid: Hybrid Reader (Dispatcher) Started.
2026-02-05 11:59:34,765 [INFO] main.drivers.HinsHybrid: [HinsHybrid] Thread stop requested.
2026-02-05 11:59:36,019 [INFO] main.drivers.HinsHybrid: [HinsHybrid] Thread stop requested.
2026-02-05 11:59:36,021 [INFO] main.drivers.HinsHybrid: [HinsHybrid] Thread stop requested.
2026-02-05 11:59:36,128 [INFO] myLib.mySerial.Connector.myLib.mySerial.Connector: COM8 is disconnected
2026-02-05 12:05:48,518 [INFO] Main: Connecting to COM8 at 230400...
2026-02-05 12:05:48,519 [ERROR] myLib.mySerial.Connector.myLib.mySerial.Connector: IOError, the device: COM8 can not be found or can not be configured!
2026-02-05 12:05:51,812 [INFO] Main: Port Selected: COM16
2026-02-05 12:05:51,813 [INFO] Main: Port Selected: COM19
2026-02-05 12:05:51,814 [INFO] Main: Port Selected: COM19
2026-02-05 12:05:53,152 [INFO] Main: Connecting to COM19 at 230400...
2026-02-05 12:05:53,433 [INFO] myLib.mySerial.Connector.myLib.mySerial.Connector: COM19 is connected
2026-02-05 12:05:53,434 [INFO] drivers.HinsGnss: Connector set and input buffer flushed.
2026-02-05 12:05:53,435 [INFO] drivers.HinsGnss: Connector set and input buffer flushed.
2026-02-05 12:05:53,437 [INFO] main.drivers.HinsHybrid: Hybrid Reader (Dispatcher) Started.
2026-02-05 12:12:46,012 [INFO] main.drivers.HinsHybrid: [HinsHybrid] Thread stop requested.
2026-02-05 12:12:46,013 [INFO] main.drivers.HinsHybrid: [HinsHybrid] Thread stop requested.
2026-02-05 12:12:46,125 [INFO] myLib.mySerial.Connector.myLib.mySerial.Connector: COM19 is disconnected
2026-02-05 12:12:46,569 [INFO] Main: Port Selected: COM16
2026-02-05 12:12:46,570 [INFO] Main: Port Selected: COM19
2026-02-05 12:12:46,571 [INFO] Main: Port Selected: COM19
2026-02-05 12:12:48,426 [INFO] Main: Connecting to COM19 at 230400...
2026-02-05 12:12:48,467 [INFO] myLib.mySerial.Connector.myLib.mySerial.Connector: COM19 is connected
2026-02-05 12:12:48,468 [INFO] drivers.HinsGnss: Connector set and input buffer flushed.
2026-02-05 12:12:48,469 [INFO] drivers.HinsGnss: Connector set and input buffer flushed.
2026-02-05 12:12:48,471 [INFO] main.drivers.HinsHybrid: Hybrid Reader (Dispatcher) Started.
2026-02-05 12:12:49,085 [INFO] Main: Restarting Hybrid Reader Thread...
2026-02-05 12:12:49,106 [INFO] main.drivers.HinsHybrid: Hybrid Reader (Dispatcher) Started.
2026-02-05 12:12:58,649 [INFO] main.drivers.HinsHybrid: [HinsHybrid] Thread stop requested.
2026-02-05 12:12:59,454 [INFO] main.drivers.HinsHybrid: [HinsHybrid] Thread stop requested.
2026-02-05 12:12:59,455 [INFO] main.drivers.HinsHybrid: [HinsHybrid] Thread stop requested.
2026-02-05 12:12:59,574 [INFO] myLib.mySerial.Connector.myLib.mySerial.Connector: COM19 is disconnected
2026-02-05 12:13:01,237 [INFO] Main: Connecting to COM19 at 230400...
2026-02-05 12:13:01,277 [INFO] myLib.mySerial.Connector.myLib.mySerial.Connector: COM19 is connected
2026-02-05 12:13:01,279 [INFO] drivers.HinsGnss: Connector set and input buffer flushed.
2026-02-05 12:13:01,279 [INFO] drivers.HinsGnss: Connector set and input buffer flushed.
2026-02-05 12:13:01,281 [INFO] main.drivers.HinsHybrid: Hybrid Reader (Dispatcher) Started.
2026-02-05 12:13:08,371 [INFO] myLib.myGui.myLabel.myLib.myGui.myLabel: set CUTOFF : 650
2026-02-05 12:13:08,975 [INFO] myLib.myGui.myLabel.myLib.myGui.myLabel: set BIAS T1 : 55
2026-02-05 12:13:09,127 [INFO] myLib.myGui.myLabel.myLib.myGui.myLabel: set BIAS T2 : 61
2026-02-05 12:13:09,278 [INFO] myLib.myGui.myLabel.myLib.myGui.myLabel: set BIAS SF SLOPE1 : 0
2026-02-05 12:13:09,430 [INFO] myLib.myGui.myLabel.myLib.myGui.myLabel: set BIAS SF SLOPE2 : 0
2026-02-05 12:13:09,582 [INFO] myLib.myGui.myLabel.myLib.myGui.myLabel: set BIAS SF SLOPE3 : 0
2026-02-05 12:13:09,734 [INFO] myLib.myGui.myLabel.myLib.myGui.myLabel: set BIAS SF OFFSET1 : 0
2026-02-05 12:13:09,885 [INFO] myLib.myGui.myLabel.myLib.myGui.myLabel: set BIAS SF OFFSET2 : 0
2026-02-05 12:13:10,037 [INFO] myLib.myGui.myLabel.myLib.myGui.myLabel: set BIAS SF OFFSET3 : 0
2026-02-05 12:13:10,490 [INFO] myLib.myGui.myLabel.myLib.myGui.myLabel: set ACC SF SLOPE1 : 0
2026-02-05 12:13:10,643 [INFO] myLib.myGui.myLabel.myLib.myGui.myLabel: set ACC SF OFFSET1 : 0
2026-02-05 12:14:58,443 [ERROR] myLib.mySerial.Connector.myLib.mySerial.Connector: getVersion parse error: unexpected ACK frame: {'type': 161, 'cmd': 63, 'status': 0, 'len': 0, 'payload': b''}
2026-02-05 12:15:01,508 [ERROR] myLib.mySerial.Connector.myLib.mySerial.Connector: getVersion parse error: unexpected ACK frame: {'type': 161, 'cmd': 64, 'status': 0, 'len': 0, 'payload': b''}
2026-02-05 12:15:04,850 [INFO] main.drivers.HinsHybrid: [HinsHybrid] Thread stop requested.
2026-02-05 12:15:04,851 [INFO] main.drivers.HinsHybrid: [HinsHybrid] Thread stop requested.
2026-02-05 12:15:04,964 [INFO] myLib.mySerial.Connector.myLib.mySerial.Connector: COM19 is disconnected
2026-02-05 12:15:15,646 [INFO] pigImu_Widget.pigImu_Widget: pigImu_Widget logger start
2026-02-05 12:15:15,669 [INFO] myLib.myGui.graph.myLib.myGui.graph: myLib.myGui.graph logger start
2026-02-05 12:15:16,341 [INFO] myLib.common.myLib.common: myLib.common logger start
2026-02-05 12:15:16,342 [INFO] myLib.myGui.mygui_serial.myLib.myGui.mygui_serial: myLib.myGui.mygui_serial logger start
2026-02-05 12:15:16,342 [INFO] myLib.myGui.myLabel.myLib.myGui.myLabel: myLib.myGui.myLabel logger start
2026-02-05 12:15:16,343 [INFO] myLib.myGui.myLineEdit.myLib.myGui.myLineEdit: myLib.myGui.myLineEdit logger start
2026-02-05 12:15:16,344 [INFO] myLib.myGui.myCheckBox.myLib.myGui.myCheckBox: myLib.myGui.myCheckBox logger start
2026-02-05 12:15:16,344 [INFO] myLib.myGui.myRadioButton.myLib.myGui.myRadioButton: myLib.myGui.myRadioButton logger start
2026-02-05 12:15:16,346 [INFO] record_Log: record_Log logger start
2026-02-05 12:15:16,357 [INFO] myLib.myGui.AttitudeIndicator.myLib.myGui.AttitudeIndicator: myLib.myGui.AttitudeIndicator logger start
2026-02-05 12:15:16,360 [INFO] myLib.myGui.pig_menu_manager.myLib.myGui.pig_menu_manager: myLib.myGui.pig_menu_manager logger start
2026-02-05 12:15:16,364 [INFO] myLib.mySerial.Connector.myLib.mySerial.Connector: myLib.mySerial.Connector logger start
2026-02-05 12:15:16,369 [INFO] myLib.myGui.myComboBox.myLib.myGui.myComboBox: myLib.myGui.myComboBox logger start
2026-02-05 12:15:16,370 [INFO] drivers.hins_fog_imu.widgets.pig_parameters_widget.drivers.hins_fog_imu.widgets.pig_parameters_widget: drivers.hins_fog_imu.widgets.pig_parameters_widget logger start
2026-02-05 12:15:16,372 [INFO] drivers.hins_fog_imu.widgets.pig_W_A_calibration_parameter_widget.drivers.hins_fog_imu.widgets.pig_W_A_calibration_parameter_widget: drivers.hins_fog_imu.widgets.pig_W_A_calibration_parameter_widget logger start
2026-02-05 12:15:16,373 [INFO] drivers.hins_fog_imu.widgets.pig_version_widget.drivers.hins_fog_imu.widgets.pig_version_widget: drivers.hins_fog_imu.widgets.pig_version_widget logger start
2026-02-05 12:15:16,373 [INFO] drivers.hins_fog_imu.widgets.pig_configuration_widget.drivers.hins_fog_imu.widgets.pig_configuration_widget: drivers.hins_fog_imu.widgets.pig_configuration_widget logger start
2026-02-05 12:15:16,381 [INFO] myLib.crcCalculator.crcLib.myLib.crcCalculator.crcLib: myLib.crcCalculator.crcLib logger start
2026-02-05 12:15:17,441 [INFO] Main: Port Selected: COM19
2026-02-05 12:15:17,442 [INFO] Main: Port Selected: COM19
2026-02-05 12:15:18,764 [INFO] Main: Connecting to COM19 at 230400...
2026-02-05 12:15:18,806 [INFO] myLib.mySerial.Connector.myLib.mySerial.Connector: COM19 is connected
2026-02-05 12:15:18,808 [INFO] drivers.HinsGnss: Connector set and input buffer flushed.
2026-02-05 12:15:18,808 [INFO] drivers.HinsGnss: Connector set and input buffer flushed.
2026-02-05 12:15:18,809 [INFO] main.drivers.HinsHybrid: Hybrid Reader (Dispatcher) Started.
2026-02-05 12:15:22,761 [INFO] main.drivers.HinsHybrid: [HinsHybrid] Thread stop requested.
2026-02-05 12:17:26,735 [INFO] Main: Restarting Hybrid Reader Thread...
2026-02-05 12:17:26,748 [INFO] main.drivers.HinsHybrid: Hybrid Reader (Dispatcher) Started.
2026-02-05 12:17:34,372 [INFO] main.drivers.HinsHybrid: [HinsHybrid] Thread stop requested.
2026-02-05 12:17:35,055 [INFO] main.drivers.HinsHybrid: [HinsHybrid] Thread stop requested.
2026-02-05 12:17:35,057 [INFO] main.drivers.HinsHybrid: [HinsHybrid] Thread stop requested.
2026-02-05 12:17:35,165 [INFO] myLib.mySerial.Connector.myLib.mySerial.Connector: COM19 is disconnected
2026-02-05 12:17:59,686 [INFO] Main: Connecting to COM19 at 230400...
2026-02-05 12:17:59,727 [INFO] myLib.mySerial.Connector.myLib.mySerial.Connector: COM19 is connected
2026-02-05 12:17:59,728 [INFO] drivers.HinsGnss: Connector set and input buffer flushed.
2026-02-05 12:17:59,729 [INFO] drivers.HinsGnss: Connector set and input buffer flushed.
2026-02-05 12:17:59,731 [INFO] main.drivers.HinsHybrid: Hybrid Reader (Dispatcher) Started.
2026-02-05 12:18:03,857 [INFO] Main: Restarting Hybrid Reader Thread...
2026-02-05 12:18:03,868 [INFO] main.drivers.HinsHybrid: Hybrid Reader (Dispatcher) Started.
2026-02-05 12:18:23,544 [INFO] main.drivers.HinsHybrid: [HinsHybrid] Thread stop requested.
2026-02-05 12:18:24,519 [INFO] Main: Restarting Hybrid Reader Thread...
2026-02-05 12:18:24,535 [INFO] main.drivers.HinsHybrid: Hybrid Reader (Dispatcher) Started.
2026-02-05 12:18:30,046 [INFO] main.drivers.HinsHybrid: [HinsHybrid] Thread stop requested.
2026-02-05 12:18:30,871 [INFO] main.drivers.HinsHybrid: [HinsHybrid] Thread stop requested.
2026-02-05 12:18:30,872 [INFO] main.drivers.HinsHybrid: [HinsHybrid] Thread stop requested.
2026-02-05 12:18:30,979 [INFO] myLib.mySerial.Connector.myLib.mySerial.Connector: COM19 is disconnected
2026-02-05 12:18:47,403 [INFO] Main: Connecting to COM19 at 230400...
2026-02-05 12:18:47,444 [INFO] myLib.mySerial.Connector.myLib.mySerial.Connector: COM19 is connected
2026-02-05 12:18:47,447 [INFO] drivers.HinsGnss: Connector set and input buffer flushed.
2026-02-05 12:18:47,447 [INFO] drivers.HinsGnss: Connector set and input buffer flushed.
2026-02-05 12:18:47,449 [INFO] main.drivers.HinsHybrid: Hybrid Reader (Dispatcher) Started.
2026-02-05 12:18:48,303 [INFO] Main: Restarting Hybrid Reader Thread...
2026-02-05 12:18:48,321 [INFO] main.drivers.HinsHybrid: Hybrid Reader (Dispatcher) Started.
2026-02-05 12:19:35,402 [INFO] main.drivers.HinsHybrid: [HinsHybrid] Thread stop requested.
2026-02-05 12:22:15,667 [INFO] main.drivers.HinsHybrid: [HinsHybrid] Thread stop requested.
2026-02-05 12:22:15,668 [INFO] main.drivers.HinsHybrid: [HinsHybrid] Thread stop requested.
2026-02-05 12:22:15,785 [INFO] myLib.mySerial.Connector.myLib.mySerial.Connector: COM19 is disconnected
2026-02-05 12:22:16,964 [INFO] Main: Connecting to COM19 at 230400...
2026-02-05 12:22:17,004 [INFO] myLib.mySerial.Connector.myLib.mySerial.Connector: COM19 is connected
2026-02-05 12:22:17,006 [INFO] drivers.HinsGnss: Connector set and input buffer flushed.
2026-02-05 12:22:17,006 [INFO] drivers.HinsGnss: Connector set and input buffer flushed.
2026-02-05 12:22:17,008 [INFO] main.drivers.HinsHybrid: Hybrid Reader (Dispatcher) Started.
2026-02-05 12:22:18,067 [INFO] Main: Restarting Hybrid Reader Thread...
2026-02-05 12:22:18,079 [INFO] main.drivers.HinsHybrid: Hybrid Reader (Dispatcher) Started.
2026-02-05 12:23:58,166 [INFO] main.drivers.HinsHybrid: [HinsHybrid] Thread stop requested.
2026-02-05 12:23:59,374 [INFO] main.drivers.HinsHybrid: [HinsHybrid] Thread stop requested.
2026-02-05 12:23:59,375 [INFO] main.drivers.HinsHybrid: [HinsHybrid] Thread stop requested.
2026-02-05 12:23:59,494 [INFO] myLib.mySerial.Connector.myLib.mySerial.Connector: COM19 is disconnected
2026-02-05 12:40:01,937 [INFO] Main: Connecting to COM19 at 230400...
2026-02-05 12:40:01,979 [INFO] myLib.mySerial.Connector.myLib.mySerial.Connector: COM19 is connected
2026-02-05 12:40:01,981 [INFO] drivers.HinsGnss: Connector set and input buffer flushed.
2026-02-05 12:40:01,981 [INFO] drivers.HinsGnss: Connector set and input buffer flushed.
2026-02-05 12:40:01,983 [INFO] main.drivers.HinsHybrid: Hybrid Reader (Dispatcher) Started.
2026-02-05 12:47:20,596 [INFO] main.drivers.HinsHybrid: [HinsHybrid] Thread stop requested.
2026-02-05 12:47:20,597 [INFO] main.drivers.HinsHybrid: [HinsHybrid] Thread stop requested.
2026-02-05 12:47:20,706 [INFO] myLib.mySerial.Connector.myLib.mySerial.Connector: COM19 is disconnected
2026-02-05 14:14:38,414 [INFO] pigImu_Widget.pigImu_Widget: pigImu_Widget logger start
2026-02-05 14:14:38,436 [INFO] myLib.myGui.graph.myLib.myGui.graph: myLib.myGui.graph logger start
2026-02-05 14:14:39,081 [INFO] myLib.common.myLib.common: myLib.common logger start
2026-02-05 14:14:39,082 [INFO] myLib.myGui.mygui_serial.myLib.myGui.mygui_serial: myLib.myGui.mygui_serial logger start
2026-02-05 14:14:39,083 [INFO] myLib.myGui.myLabel.myLib.myGui.myLabel: myLib.myGui.myLabel logger start
2026-02-05 14:14:39,083 [INFO] myLib.myGui.myLineEdit.myLib.myGui.myLineEdit: myLib.myGui.myLineEdit logger start
2026-02-05 14:14:39,084 [INFO] myLib.myGui.myCheckBox.myLib.myGui.myCheckBox: myLib.myGui.myCheckBox logger start
2026-02-05 14:14:39,085 [INFO] myLib.myGui.myRadioButton.myLib.myGui.myRadioButton: myLib.myGui.myRadioButton logger start
2026-02-05 14:14:39,085 [INFO] record_Log: record_Log logger start
2026-02-05 14:14:39,096 [INFO] myLib.myGui.AttitudeIndicator.myLib.myGui.AttitudeIndicator: myLib.myGui.AttitudeIndicator logger start
2026-02-05 14:14:39,099 [INFO] myLib.myGui.pig_menu_manager.myLib.myGui.pig_menu_manager: myLib.myGui.pig_menu_manager logger start
2026-02-05 14:14:39,103 [INFO] myLib.mySerial.Connector.myLib.mySerial.Connector: myLib.mySerial.Connector logger start
2026-02-05 14:14:39,110 [INFO] myLib.myGui.myComboBox.myLib.myGui.myComboBox: myLib.myGui.myComboBox logger start
2026-02-05 14:14:39,111 [INFO] drivers.hins_fog_imu.widgets.pig_parameters_widget.drivers.hins_fog_imu.widgets.pig_parameters_widget: drivers.hins_fog_imu.widgets.pig_parameters_widget logger start
2026-02-05 14:14:39,112 [INFO] drivers.hins_fog_imu.widgets.pig_W_A_calibration_parameter_widget.drivers.hins_fog_imu.widgets.pig_W_A_calibration_parameter_widget: drivers.hins_fog_imu.widgets.pig_W_A_calibration_parameter_widget logger start
2026-02-05 14:14:39,113 [INFO] drivers.hins_fog_imu.widgets.pig_version_widget.drivers.hins_fog_imu.widgets.pig_version_widget: drivers.hins_fog_imu.widgets.pig_version_widget logger start
2026-02-05 14:14:39,114 [INFO] drivers.hins_fog_imu.widgets.pig_configuration_widget.drivers.hins_fog_imu.widgets.pig_configuration_widget: drivers.hins_fog_imu.widgets.pig_configuration_widget logger start
2026-02-05 14:14:39,120 [INFO] myLib.crcCalculator.crcLib.myLib.crcCalculator.crcLib: myLib.crcCalculator.crcLib logger start
2026-02-05 14:14:42,855 [INFO] Main: Port Selected: COM19
2026-02-05 14:14:42,856 [INFO] Main: Port Selected: COM19
2026-02-05 14:14:45,934 [INFO] Main: Connecting to COM19 at 230400...
2026-02-05 14:14:46,226 [INFO] myLib.mySerial.Connector.myLib.mySerial.Connector: COM19 is connected
2026-02-05 14:14:46,227 [INFO] drivers.HinsGnss: Connector set and input buffer flushed.
2026-02-05 14:14:46,228 [INFO] drivers.HinsGnss: Connector set and input buffer flushed.
2026-02-05 14:14:46,229 [INFO] main.drivers.HinsHybrid: Hybrid Reader (Dispatcher) Started.
2026-02-05 14:15:22,835 [INFO] main.drivers.HinsHybrid: [HinsHybrid] Thread stop requested.
2026-02-05 14:18:10,230 [INFO] Main: Restarting Hybrid Reader Thread...
2026-02-05 14:18:10,244 [INFO] main.drivers.HinsHybrid: Hybrid Reader (Dispatcher) Started.
2026-02-05 14:21:17,740 [INFO] main.drivers.HinsHybrid: [HinsHybrid] Thread stop requested.
2026-02-05 14:51:13,204 [INFO] Main: Restarting Hybrid Reader Thread...
2026-02-05 14:51:13,213 [INFO] main.drivers.HinsHybrid: Hybrid Reader (Dispatcher) Started.
2026-02-05 15:03:28,159 [INFO] main.drivers.HinsHybrid: [HinsHybrid] Thread stop requested.
2026-02-05 15:16:34,898 [INFO] main.drivers.HinsHybrid: [HinsHybrid] Thread stop requested.
2026-02-05 15:16:34,900 [INFO] main.drivers.HinsHybrid: [HinsHybrid] Thread stop requested.
2026-02-05 15:16:35,004 [INFO] myLib.mySerial.Connector.myLib.mySerial.Connector: COM19 is disconnected
