2026-01-26 10:41:38,429 [INFO] pigImu_Widget.pigImu_Widget: pigImu_Widget logger start
2026-01-26 10:41:38,462 [INFO] myLib.myGui.graph.myLib.myGui.graph: myLib.myGui.graph logger start
2026-01-26 10:41:46,549 [INFO] myLib.common.myLib.common: myLib.common logger start
2026-01-26 10:41:46,569 [INFO] myLib.myGui.mygui_serial.myLib.myGui.mygui_serial: myLib.myGui.mygui_serial logger start
2026-01-26 10:41:46,580 [INFO] myLib.myGui.myLabel.myLib.myGui.myLabel: myLib.myGui.myLabel logger start
2026-01-26 10:41:46,590 [INFO] myLib.myGui.myLineEdit.myLib.myGui.myLineEdit: myLib.myGui.myLineEdit logger start
2026-01-26 10:41:46,600 [INFO] myLib.myGui.myCheckBox.myLib.myGui.myCheckBox: myLib.myGui.myCheckBox logger start
2026-01-26 10:41:46,610 [INFO] myLib.myGui.myRadioButton.myLib.myGui.myRadioButton: myLib.myGui.myRadioButton logger start
2026-01-26 10:41:46,622 [INFO] record_Log: record_Log logger start
2026-01-26 10:41:46,769 [INFO] myLib.myGui.AttitudeIndicator.myLib.myGui.AttitudeIndicator: myLib.myGui.AttitudeIndicator logger start
2026-01-26 10:41:46,792 [INFO] myLib.myGui.pig_menu_manager.myLib.myGui.pig_menu_manager: myLib.myGui.pig_menu_manager logger start
2026-01-26 10:41:46,848 [INFO] myLib.mySerial.Connector.myLib.mySerial.Connector: myLib.mySerial.Connector logger start
2026-01-26 10:41:46,896 [INFO] myLib.myGui.myComboBox.myLib.myGui.myComboBox: myLib.myGui.myComboBox logger start
2026-01-26 10:41:46,906 [INFO] drivers.hins_fog_imu.widgets.pig_parameters_widget.drivers.hins_fog_imu.widgets.pig_parameters_widget: drivers.hins_fog_imu.widgets.pig_parameters_widget logger start
2026-01-26 10:41:46,921 [INFO] drivers.hins_fog_imu.widgets.pig_W_A_calibration_parameter_widget.drivers.hins_fog_imu.widgets.pig_W_A_calibration_parameter_widget: drivers.hins_fog_imu.widgets.pig_W_A_calibration_parameter_widget logger start
2026-01-26 10:41:46,936 [INFO] drivers.hins_fog_imu.widgets.pig_version_widget.drivers.hins_fog_imu.widgets.pig_version_widget: drivers.hins_fog_imu.widgets.pig_version_widget logger start
2026-01-26 10:41:46,950 [INFO] drivers.hins_fog_imu.widgets.pig_configuration_widget.drivers.hins_fog_imu.widgets.pig_configuration_widget: drivers.hins_fog_imu.widgets.pig_configuration_widget logger start
2026-01-26 10:41:47,032 [INFO] myLib.crcCalculator.crcLib.myLib.crcCalculator.crcLib: myLib.crcCalculator.crcLib logger start
2026-01-26 10:42:15,088 [INFO] Main: Port Selected: COM33
2026-01-26 10:42:15,089 [INFO] Main: Port Selected: COM33
2026-01-26 10:42:17,515 [INFO] Main: Port Selected: COM19
2026-01-26 10:42:20,273 [INFO] Main: Connecting to COM19 at 230400...
2026-01-26 10:42:20,559 [INFO] myLib.mySerial.Connector.myLib.mySerial.Connector: COM19 is connected
2026-01-26 10:42:20,560 [INFO] drivers.HinsGnss: Connector set and input buffer flushed.
2026-01-26 10:42:20,560 [INFO] drivers.HinsGnss: Connector set and input buffer flushed.
2026-01-26 10:42:20,562 [INFO] main.drivers.HinsHybrid: Hybrid Reader (Dispatcher) Started.
2026-01-26 10:42:27,272 [INFO] main.drivers.HinsHybrid: [HinsHybrid] Thread stop requested.
2026-01-26 10:44:08,185 [INFO] Main: Restarting Hybrid Reader Thread...
2026-01-26 10:44:08,202 [INFO] main.drivers.HinsHybrid: Hybrid Reader (Dispatcher) Started.
2026-01-26 10:48:51,256 [INFO] main.drivers.HinsHybrid: [HinsHybrid] Thread stop requested.
2026-01-26 10:51:35,480 [INFO] Main: Restarting Hybrid Reader Thread...
2026-01-26 10:51:35,499 [INFO] main.drivers.HinsHybrid: Hybrid Reader (Dispatcher) Started.
2026-01-26 10:52:14,864 [INFO] main.drivers.HinsHybrid: [HinsHybrid] Thread stop requested.
2026-01-26 10:56:17,021 [INFO] main.drivers.HinsHybrid: [HinsHybrid] Thread stop requested.
2026-01-26 10:56:17,022 [INFO] main.drivers.HinsHybrid: [HinsHybrid] Thread stop requested.
2026-01-26 10:56:17,131 [INFO] myLib.mySerial.Connector.myLib.mySerial.Connector: COM19 is disconnected
2026-01-26 12:58:00,469 [INFO] pigImu_Widget.pigImu_Widget: pigImu_Widget logger start
2026-01-26 12:58:00,492 [INFO] myLib.myGui.graph.myLib.myGui.graph: myLib.myGui.graph logger start
2026-01-26 12:58:01,175 [INFO] myLib.common.myLib.common: myLib.common logger start
2026-01-26 12:58:01,176 [INFO] myLib.myGui.mygui_serial.myLib.myGui.mygui_serial: myLib.myGui.mygui_serial logger start
2026-01-26 12:58:01,177 [INFO] myLib.myGui.myLabel.myLib.myGui.myLabel: myLib.myGui.myLabel logger start
2026-01-26 12:58:01,178 [INFO] myLib.myGui.myLineEdit.myLib.myGui.myLineEdit: myLib.myGui.myLineEdit logger start
2026-01-26 12:58:01,179 [INFO] myLib.myGui.myCheckBox.myLib.myGui.myCheckBox: myLib.myGui.myCheckBox logger start
2026-01-26 12:58:01,180 [INFO] myLib.myGui.myRadioButton.myLib.myGui.myRadioButton: myLib.myGui.myRadioButton logger start
2026-01-26 12:58:01,181 [INFO] record_Log: record_Log logger start
2026-01-26 12:58:01,192 [INFO] myLib.myGui.AttitudeIndicator.myLib.myGui.AttitudeIndicator: myLib.myGui.AttitudeIndicator logger start
2026-01-26 12:58:01,195 [INFO] myLib.myGui.pig_menu_manager.myLib.myGui.pig_menu_manager: myLib.myGui.pig_menu_manager logger start
2026-01-26 12:58:01,199 [INFO] myLib.mySerial.Connector.myLib.mySerial.Connector: myLib.mySerial.Connector logger start
2026-01-26 12:58:01,206 [INFO] myLib.myGui.myComboBox.myLib.myGui.myComboBox: myLib.myGui.myComboBox logger start
2026-01-26 12:58:01,207 [INFO] drivers.hins_fog_imu.widgets.pig_parameters_widget.drivers.hins_fog_imu.widgets.pig_parameters_widget: drivers.hins_fog_imu.widgets.pig_parameters_widget logger start
2026-01-26 12:58:01,208 [INFO] drivers.hins_fog_imu.widgets.pig_W_A_calibration_parameter_widget.drivers.hins_fog_imu.widgets.pig_W_A_calibration_parameter_widget: drivers.hins_fog_imu.widgets.pig_W_A_calibration_parameter_widget logger start
2026-01-26 12:58:01,209 [INFO] drivers.hins_fog_imu.widgets.pig_version_widget.drivers.hins_fog_imu.widgets.pig_version_widget: drivers.hins_fog_imu.widgets.pig_version_widget logger start
2026-01-26 12:58:01,210 [INFO] drivers.hins_fog_imu.widgets.pig_configuration_widget.drivers.hins_fog_imu.widgets.pig_configuration_widget: drivers.hins_fog_imu.widgets.pig_configuration_widget logger start
2026-01-26 12:58:01,216 [INFO] myLib.crcCalculator.crcLib.myLib.crcCalculator.crcLib: myLib.crcCalculator.crcLib logger start
2026-01-26 12:58:03,024 [INFO] Main: Port Selected: COM40
2026-01-26 12:58:03,024 [INFO] Main: Port Selected: COM40
2026-01-26 12:58:10,055 [INFO] Main: Port Selected: COM39
2026-01-26 12:58:11,346 [INFO] Main: Port Selected: COM33
2026-01-26 12:58:12,717 [INFO] Main: Port Selected: COM19
2026-01-26 12:58:13,504 [INFO] Main: Connecting to COM19 at 230400...
2026-01-26 12:58:13,545 [INFO] myLib.mySerial.Connector.myLib.mySerial.Connector: COM19 is connected
2026-01-26 12:58:13,547 [INFO] drivers.HinsGnss: Connector set and input buffer flushed.
2026-01-26 12:58:13,547 [INFO] drivers.HinsGnss: Connector set and input buffer flushed.
2026-01-26 12:58:13,549 [INFO] main.drivers.HinsHybrid: Hybrid Reader (Dispatcher) Started.
2026-01-26 13:46:04,346 [INFO] main.drivers.HinsHybrid: [HinsHybrid] Thread stop requested.
2026-01-26 13:46:18,652 [INFO] main.drivers.HinsHybrid: [HinsHybrid] Thread stop requested.
2026-01-26 13:46:18,653 [INFO] main.drivers.HinsHybrid: [HinsHybrid] Thread stop requested.
2026-01-26 13:46:18,763 [INFO] myLib.mySerial.Connector.myLib.mySerial.Connector: COM19 is disconnected
2026-01-26 13:49:33,721 [INFO] pigImu_Widget.pigImu_Widget: pigImu_Widget logger start
2026-01-26 13:49:33,742 [INFO] myLib.myGui.graph.myLib.myGui.graph: myLib.myGui.graph logger start
2026-01-26 13:49:34,368 [INFO] myLib.common.myLib.common: myLib.common logger start
2026-01-26 13:49:34,369 [INFO] myLib.myGui.mygui_serial.myLib.myGui.mygui_serial: myLib.myGui.mygui_serial logger start
2026-01-26 13:49:34,370 [INFO] myLib.myGui.myLabel.myLib.myGui.myLabel: myLib.myGui.myLabel logger start
2026-01-26 13:49:34,371 [INFO] myLib.myGui.myLineEdit.myLib.myGui.myLineEdit: myLib.myGui.myLineEdit logger start
2026-01-26 13:49:34,371 [INFO] myLib.myGui.myCheckBox.myLib.myGui.myCheckBox: myLib.myGui.myCheckBox logger start
2026-01-26 13:49:34,372 [INFO] myLib.myGui.myRadioButton.myLib.myGui.myRadioButton: myLib.myGui.myRadioButton logger start
2026-01-26 13:49:34,373 [INFO] record_Log: record_Log logger start
2026-01-26 13:49:34,385 [INFO] myLib.myGui.AttitudeIndicator.myLib.myGui.AttitudeIndicator: myLib.myGui.AttitudeIndicator logger start
2026-01-26 13:49:34,388 [INFO] myLib.myGui.pig_menu_manager.myLib.myGui.pig_menu_manager: myLib.myGui.pig_menu_manager logger start
2026-01-26 13:49:34,394 [INFO] myLib.mySerial.Connector.myLib.mySerial.Connector: myLib.mySerial.Connector logger start
2026-01-26 13:49:34,400 [INFO] myLib.myGui.myComboBox.myLib.myGui.myComboBox: myLib.myGui.myComboBox logger start
2026-01-26 13:49:34,401 [INFO] drivers.hins_fog_imu.widgets.pig_parameters_widget.drivers.hins_fog_imu.widgets.pig_parameters_widget: drivers.hins_fog_imu.widgets.pig_parameters_widget logger start
2026-01-26 13:49:34,402 [INFO] drivers.hins_fog_imu.widgets.pig_W_A_calibration_parameter_widget.drivers.hins_fog_imu.widgets.pig_W_A_calibration_parameter_widget: drivers.hins_fog_imu.widgets.pig_W_A_calibration_parameter_widget logger start
2026-01-26 13:49:34,404 [INFO] drivers.hins_fog_imu.widgets.pig_version_widget.drivers.hins_fog_imu.widgets.pig_version_widget: drivers.hins_fog_imu.widgets.pig_version_widget logger start
2026-01-26 13:49:34,405 [INFO] drivers.hins_fog_imu.widgets.pig_configuration_widget.drivers.hins_fog_imu.widgets.pig_configuration_widget: drivers.hins_fog_imu.widgets.pig_configuration_widget logger start
2026-01-26 13:49:34,410 [INFO] myLib.crcCalculator.crcLib.myLib.crcCalculator.crcLib: myLib.crcCalculator.crcLib logger start
2026-01-26 13:49:41,642 [INFO] Main: Port Selected: COM40
2026-01-26 13:49:41,643 [INFO] Main: Port Selected: COM40
2026-01-26 13:49:42,001 [INFO] Main: Port Selected: COM16
2026-01-26 13:49:42,002 [INFO] Main: Port Selected: COM40
2026-01-26 13:49:42,002 [INFO] Main: Port Selected: COM40
2026-01-26 13:49:43,640 [INFO] Main: Port Selected: COM19
2026-01-26 13:49:44,367 [INFO] Main: Connecting to COM19 at 230400...
2026-01-26 13:49:44,409 [INFO] myLib.mySerial.Connector.myLib.mySerial.Connector: COM19 is connected
2026-01-26 13:49:44,410 [INFO] drivers.HinsGnss: Connector set and input buffer flushed.
2026-01-26 13:49:44,411 [INFO] drivers.HinsGnss: Connector set and input buffer flushed.
2026-01-26 13:49:44,413 [INFO] main.drivers.HinsHybrid: Hybrid Reader (Dispatcher) Started.
2026-01-26 14:14:35,126 [INFO] main.drivers.HinsHybrid: [HinsHybrid] Thread stop requested.
2026-01-26 14:14:35,129 [INFO] main.drivers.HinsHybrid: [HinsHybrid] Thread stop requested.
2026-01-26 14:14:35,241 [INFO] myLib.mySerial.Connector.myLib.mySerial.Connector: COM19 is disconnected
2026-01-26 14:44:43,750 [INFO] pigImu_Widget.pigImu_Widget: pigImu_Widget logger start
2026-01-26 14:44:43,777 [INFO] myLib.myGui.graph.myLib.myGui.graph: myLib.myGui.graph logger start
2026-01-26 14:44:44,481 [INFO] myLib.common.myLib.common: myLib.common logger start
2026-01-26 14:44:44,482 [INFO] myLib.myGui.mygui_serial.myLib.myGui.mygui_serial: myLib.myGui.mygui_serial logger start
2026-01-26 14:44:44,483 [INFO] myLib.myGui.myLabel.myLib.myGui.myLabel: myLib.myGui.myLabel logger start
2026-01-26 14:44:44,484 [INFO] myLib.myGui.myLineEdit.myLib.myGui.myLineEdit: myLib.myGui.myLineEdit logger start
2026-01-26 14:44:44,485 [INFO] myLib.myGui.myCheckBox.myLib.myGui.myCheckBox: myLib.myGui.myCheckBox logger start
2026-01-26 14:44:44,486 [INFO] myLib.myGui.myRadioButton.myLib.myGui.myRadioButton: myLib.myGui.myRadioButton logger start
2026-01-26 14:44:44,487 [INFO] record_Log: record_Log logger start
2026-01-26 14:44:44,498 [INFO] myLib.myGui.AttitudeIndicator.myLib.myGui.AttitudeIndicator: myLib.myGui.AttitudeIndicator logger start
2026-01-26 14:44:44,500 [INFO] myLib.myGui.pig_menu_manager.myLib.myGui.pig_menu_manager: myLib.myGui.pig_menu_manager logger start
2026-01-26 14:44:44,505 [INFO] myLib.mySerial.Connector.myLib.mySerial.Connector: myLib.mySerial.Connector logger start
2026-01-26 14:44:44,511 [INFO] myLib.myGui.myComboBox.myLib.myGui.myComboBox: myLib.myGui.myComboBox logger start
2026-01-26 14:44:44,512 [INFO] drivers.hins_fog_imu.widgets.pig_parameters_widget.drivers.hins_fog_imu.widgets.pig_parameters_widget: drivers.hins_fog_imu.widgets.pig_parameters_widget logger start
2026-01-26 14:44:44,513 [INFO] drivers.hins_fog_imu.widgets.pig_W_A_calibration_parameter_widget.drivers.hins_fog_imu.widgets.pig_W_A_calibration_parameter_widget: drivers.hins_fog_imu.widgets.pig_W_A_calibration_parameter_widget logger start
2026-01-26 14:44:44,514 [INFO] drivers.hins_fog_imu.widgets.pig_version_widget.drivers.hins_fog_imu.widgets.pig_version_widget: drivers.hins_fog_imu.widgets.pig_version_widget logger start
2026-01-26 14:44:44,515 [INFO] drivers.hins_fog_imu.widgets.pig_configuration_widget.drivers.hins_fog_imu.widgets.pig_configuration_widget: drivers.hins_fog_imu.widgets.pig_configuration_widget logger start
2026-01-26 14:44:44,521 [INFO] myLib.crcCalculator.crcLib.myLib.crcCalculator.crcLib: myLib.crcCalculator.crcLib logger start
2026-01-26 14:44:46,159 [INFO] Main: Port Selected: COM40
2026-01-26 14:44:46,159 [INFO] Main: Port Selected: COM40
2026-01-26 14:44:47,683 [INFO] Main: Port Selected: COM19
2026-01-26 14:44:48,471 [INFO] Main: Connecting to COM19 at 230400...
2026-01-26 14:44:48,512 [INFO] myLib.mySerial.Connector.myLib.mySerial.Connector: COM19 is connected
2026-01-26 14:44:48,513 [INFO] drivers.HinsGnss: Connector set and input buffer flushed.
2026-01-26 14:44:48,513 [INFO] drivers.HinsGnss: Connector set and input buffer flushed.
2026-01-26 14:44:48,514 [INFO] main.drivers.HinsHybrid: Hybrid Reader (Dispatcher) Started.
2026-01-26 14:45:19,160 [INFO] main.drivers.HinsHybrid: [HinsHybrid] Thread stop requested.
2026-01-26 14:45:23,798 [INFO] main.drivers.HinsHybrid: [HinsHybrid] Thread stop requested.
2026-01-26 14:45:23,799 [INFO] main.drivers.HinsHybrid: [HinsHybrid] Thread stop requested.
2026-01-26 14:45:23,912 [INFO] myLib.mySerial.Connector.myLib.mySerial.Connector: COM19 is disconnected
2026-01-26 14:46:54,196 [INFO] pigImu_Widget.pigImu_Widget: pigImu_Widget logger start
2026-01-26 14:46:54,218 [INFO] myLib.myGui.graph.myLib.myGui.graph: myLib.myGui.graph logger start
2026-01-26 14:46:54,859 [INFO] myLib.common.myLib.common: myLib.common logger start
2026-01-26 14:46:54,860 [INFO] myLib.myGui.mygui_serial.myLib.myGui.mygui_serial: myLib.myGui.mygui_serial logger start
2026-01-26 14:46:54,861 [INFO] myLib.myGui.myLabel.myLib.myGui.myLabel: myLib.myGui.myLabel logger start
2026-01-26 14:46:54,862 [INFO] myLib.myGui.myLineEdit.myLib.myGui.myLineEdit: myLib.myGui.myLineEdit logger start
2026-01-26 14:46:54,863 [INFO] myLib.myGui.myCheckBox.myLib.myGui.myCheckBox: myLib.myGui.myCheckBox logger start
2026-01-26 14:46:54,863 [INFO] myLib.myGui.myRadioButton.myLib.myGui.myRadioButton: myLib.myGui.myRadioButton logger start
2026-01-26 14:46:54,864 [INFO] record_Log: record_Log logger start
2026-01-26 14:46:54,875 [INFO] myLib.myGui.AttitudeIndicator.myLib.myGui.AttitudeIndicator: myLib.myGui.AttitudeIndicator logger start
2026-01-26 14:46:54,877 [INFO] myLib.myGui.pig_menu_manager.myLib.myGui.pig_menu_manager: myLib.myGui.pig_menu_manager logger start
2026-01-26 14:46:54,881 [INFO] myLib.mySerial.Connector.myLib.mySerial.Connector: myLib.mySerial.Connector logger start
2026-01-26 14:46:54,886 [INFO] myLib.myGui.myComboBox.myLib.myGui.myComboBox: myLib.myGui.myComboBox logger start
2026-01-26 14:46:54,886 [INFO] drivers.hins_fog_imu.widgets.pig_parameters_widget.drivers.hins_fog_imu.widgets.pig_parameters_widget: drivers.hins_fog_imu.widgets.pig_parameters_widget logger start
2026-01-26 14:46:54,888 [INFO] drivers.hins_fog_imu.widgets.pig_W_A_calibration_parameter_widget.drivers.hins_fog_imu.widgets.pig_W_A_calibration_parameter_widget: drivers.hins_fog_imu.widgets.pig_W_A_calibration_parameter_widget logger start
2026-01-26 14:46:54,889 [INFO] drivers.hins_fog_imu.widgets.pig_version_widget.drivers.hins_fog_imu.widgets.pig_version_widget: drivers.hins_fog_imu.widgets.pig_version_widget logger start
2026-01-26 14:46:54,889 [INFO] drivers.hins_fog_imu.widgets.pig_configuration_widget.drivers.hins_fog_imu.widgets.pig_configuration_widget: drivers.hins_fog_imu.widgets.pig_configuration_widget logger start
2026-01-26 14:46:54,894 [INFO] myLib.crcCalculator.crcLib.myLib.crcCalculator.crcLib: myLib.crcCalculator.crcLib logger start
2026-01-26 14:46:56,279 [INFO] Main: Port Selected: COM15
2026-01-26 14:46:56,280 [INFO] Main: Port Selected: COM15
2026-01-26 14:51:07,217 [INFO] pigImu_Widget.pigImu_Widget: pigImu_Widget logger start
2026-01-26 14:51:07,238 [INFO] myLib.myGui.graph.myLib.myGui.graph: myLib.myGui.graph logger start
2026-01-26 14:51:07,870 [INFO] myLib.common.myLib.common: myLib.common logger start
2026-01-26 14:51:07,871 [INFO] myLib.myGui.mygui_serial.myLib.myGui.mygui_serial: myLib.myGui.mygui_serial logger start
2026-01-26 14:51:07,872 [INFO] myLib.myGui.myLabel.myLib.myGui.myLabel: myLib.myGui.myLabel logger start
2026-01-26 14:51:07,872 [INFO] myLib.myGui.myLineEdit.myLib.myGui.myLineEdit: myLib.myGui.myLineEdit logger start
2026-01-26 14:51:07,873 [INFO] myLib.myGui.myCheckBox.myLib.myGui.myCheckBox: myLib.myGui.myCheckBox logger start
2026-01-26 14:51:07,874 [INFO] myLib.myGui.myRadioButton.myLib.myGui.myRadioButton: myLib.myGui.myRadioButton logger start
2026-01-26 14:51:07,875 [INFO] record_Log: record_Log logger start
2026-01-26 14:51:07,885 [INFO] myLib.myGui.AttitudeIndicator.myLib.myGui.AttitudeIndicator: myLib.myGui.AttitudeIndicator logger start
2026-01-26 14:51:07,888 [INFO] myLib.myGui.pig_menu_manager.myLib.myGui.pig_menu_manager: myLib.myGui.pig_menu_manager logger start
2026-01-26 14:51:07,891 [INFO] myLib.mySerial.Connector.myLib.mySerial.Connector: myLib.mySerial.Connector logger start
2026-01-26 14:51:07,896 [INFO] myLib.myGui.myComboBox.myLib.myGui.myComboBox: myLib.myGui.myComboBox logger start
2026-01-26 14:51:07,897 [INFO] drivers.hins_fog_imu.widgets.pig_parameters_widget.drivers.hins_fog_imu.widgets.pig_parameters_widget: drivers.hins_fog_imu.widgets.pig_parameters_widget logger start
2026-01-26 14:51:07,898 [INFO] drivers.hins_fog_imu.widgets.pig_W_A_calibration_parameter_widget.drivers.hins_fog_imu.widgets.pig_W_A_calibration_parameter_widget: drivers.hins_fog_imu.widgets.pig_W_A_calibration_parameter_widget logger start
2026-01-26 14:51:07,899 [INFO] drivers.hins_fog_imu.widgets.pig_version_widget.drivers.hins_fog_imu.widgets.pig_version_widget: drivers.hins_fog_imu.widgets.pig_version_widget logger start
2026-01-26 14:51:07,900 [INFO] drivers.hins_fog_imu.widgets.pig_configuration_widget.drivers.hins_fog_imu.widgets.pig_configuration_widget: drivers.hins_fog_imu.widgets.pig_configuration_widget logger start
2026-01-26 14:51:07,904 [INFO] myLib.crcCalculator.crcLib.myLib.crcCalculator.crcLib: myLib.crcCalculator.crcLib logger start
2026-01-26 14:51:08,957 [INFO] Main: Port Selected: COM23
2026-01-26 14:51:08,958 [INFO] Main: Port Selected: COM23
2026-01-26 14:51:11,754 [INFO] Main: Port Selected: COM19
2026-01-26 14:51:12,202 [INFO] Main: Connecting to COM19 at 230400...
2026-01-26 14:51:12,243 [INFO] myLib.mySerial.Connector.myLib.mySerial.Connector: COM19 is connected
2026-01-26 14:51:12,245 [INFO] drivers.HinsGnss: Connector set and input buffer flushed.
2026-01-26 14:51:12,245 [INFO] drivers.HinsGnss: Connector set and input buffer flushed.
2026-01-26 14:51:12,247 [INFO] main.drivers.HinsHybrid: Hybrid Reader (Dispatcher) Started.
2026-01-26 14:51:16,258 [INFO] main.drivers.HinsHybrid: [HinsHybrid] Thread stop requested.
2026-01-26 14:51:22,955 [INFO] myLib.myGui.myLabel.myLib.myGui.myLabel: set CUTOFF : 650
2026-01-26 14:51:23,558 [INFO] myLib.myGui.myLabel.myLib.myGui.myLabel: set BIAS T1 : 0
2026-01-26 14:51:23,710 [INFO] myLib.myGui.myLabel.myLib.myGui.myLabel: set BIAS T2 : 0
2026-01-26 14:51:23,862 [INFO] myLib.myGui.myLabel.myLib.myGui.myLabel: set BIAS SF SLOPE1 : 0
2026-01-26 14:51:24,013 [INFO] myLib.myGui.myLabel.myLib.myGui.myLabel: set BIAS SF SLOPE2 : 0
2026-01-26 14:51:24,165 [INFO] myLib.myGui.myLabel.myLib.myGui.myLabel: set BIAS SF SLOPE3 : 0
2026-01-26 14:51:24,317 [INFO] myLib.myGui.myLabel.myLib.myGui.myLabel: set BIAS SF OFFSET1 : 0
2026-01-26 14:51:24,469 [INFO] myLib.myGui.myLabel.myLib.myGui.myLabel: set BIAS SF OFFSET2 : 0
2026-01-26 14:51:24,621 [INFO] myLib.myGui.myLabel.myLib.myGui.myLabel: set BIAS SF OFFSET3 : 0
2026-01-26 14:51:25,073 [INFO] myLib.myGui.myLabel.myLib.myGui.myLabel: set ACC SF SLOPE1 : 0
2026-01-26 14:51:25,225 [INFO] myLib.myGui.myLabel.myLib.myGui.myLabel: set ACC SF OFFSET1 : 0
2026-01-26 14:51:52,671 [INFO] Main: Restarting Hybrid Reader Thread...
2026-01-26 14:51:52,682 [INFO] main.drivers.HinsHybrid: Hybrid Reader (Dispatcher) Started.
2026-01-26 14:52:15,194 [INFO] main.drivers.HinsHybrid: [HinsHybrid] Thread stop requested.
2026-01-26 14:52:16,051 [INFO] main.drivers.HinsHybrid: [HinsHybrid] Thread stop requested.
2026-01-26 14:52:16,052 [INFO] main.drivers.HinsHybrid: [HinsHybrid] Thread stop requested.
2026-01-26 14:52:16,158 [INFO] myLib.mySerial.Connector.myLib.mySerial.Connector: COM19 is disconnected
2026-01-26 14:52:26,909 [INFO] pigImu_Widget.pigImu_Widget: pigImu_Widget logger start
2026-01-26 14:52:26,932 [INFO] myLib.myGui.graph.myLib.myGui.graph: myLib.myGui.graph logger start
2026-01-26 14:52:27,547 [INFO] myLib.common.myLib.common: myLib.common logger start
2026-01-26 14:52:27,548 [INFO] myLib.myGui.mygui_serial.myLib.myGui.mygui_serial: myLib.myGui.mygui_serial logger start
2026-01-26 14:52:27,549 [INFO] myLib.myGui.myLabel.myLib.myGui.myLabel: myLib.myGui.myLabel logger start
2026-01-26 14:52:27,550 [INFO] myLib.myGui.myLineEdit.myLib.myGui.myLineEdit: myLib.myGui.myLineEdit logger start
2026-01-26 14:52:27,550 [INFO] myLib.myGui.myCheckBox.myLib.myGui.myCheckBox: myLib.myGui.myCheckBox logger start
2026-01-26 14:52:27,551 [INFO] myLib.myGui.myRadioButton.myLib.myGui.myRadioButton: myLib.myGui.myRadioButton logger start
2026-01-26 14:52:27,552 [INFO] record_Log: record_Log logger start
2026-01-26 14:52:27,563 [INFO] myLib.myGui.AttitudeIndicator.myLib.myGui.AttitudeIndicator: myLib.myGui.AttitudeIndicator logger start
2026-01-26 14:52:27,566 [INFO] myLib.myGui.pig_menu_manager.myLib.myGui.pig_menu_manager: myLib.myGui.pig_menu_manager logger start
2026-01-26 14:52:27,569 [INFO] myLib.mySerial.Connector.myLib.mySerial.Connector: myLib.mySerial.Connector logger start
2026-01-26 14:52:27,574 [INFO] myLib.myGui.myComboBox.myLib.myGui.myComboBox: myLib.myGui.myComboBox logger start
2026-01-26 14:52:27,575 [INFO] drivers.hins_fog_imu.widgets.pig_parameters_widget.drivers.hins_fog_imu.widgets.pig_parameters_widget: drivers.hins_fog_imu.widgets.pig_parameters_widget logger start
2026-01-26 14:52:27,576 [INFO] drivers.hins_fog_imu.widgets.pig_W_A_calibration_parameter_widget.drivers.hins_fog_imu.widgets.pig_W_A_calibration_parameter_widget: drivers.hins_fog_imu.widgets.pig_W_A_calibration_parameter_widget logger start
2026-01-26 14:52:27,577 [INFO] drivers.hins_fog_imu.widgets.pig_version_widget.drivers.hins_fog_imu.widgets.pig_version_widget: drivers.hins_fog_imu.widgets.pig_version_widget logger start
2026-01-26 14:52:27,578 [INFO] drivers.hins_fog_imu.widgets.pig_configuration_widget.drivers.hins_fog_imu.widgets.pig_configuration_widget: drivers.hins_fog_imu.widgets.pig_configuration_widget logger start
2026-01-26 14:52:27,584 [INFO] myLib.crcCalculator.crcLib.myLib.crcCalculator.crcLib: myLib.crcCalculator.crcLib logger start
2026-01-26 14:52:29,105 [INFO] Main: Port Selected: COM23
2026-01-26 14:52:29,106 [INFO] Main: Port Selected: COM23
2026-01-26 14:52:30,473 [INFO] Main: Port Selected: COM19
2026-01-26 14:52:30,856 [INFO] Main: Connecting to COM19 at 230400...
2026-01-26 14:52:30,898 [INFO] myLib.mySerial.Connector.myLib.mySerial.Connector: COM19 is connected
2026-01-26 14:52:30,899 [INFO] drivers.HinsGnss: Connector set and input buffer flushed.
2026-01-26 14:52:30,900 [INFO] drivers.HinsGnss: Connector set and input buffer flushed.
2026-01-26 14:52:30,901 [INFO] main.drivers.HinsHybrid: Hybrid Reader (Dispatcher) Started.
2026-01-26 14:53:05,655 [INFO] main.drivers.HinsHybrid: [HinsHybrid] Thread stop requested.
2026-01-26 14:53:05,657 [INFO] main.drivers.HinsHybrid: [HinsHybrid] Thread stop requested.
2026-01-26 14:53:05,774 [INFO] myLib.mySerial.Connector.myLib.mySerial.Connector: COM19 is disconnected
2026-01-26 14:54:45,750 [INFO] pigImu_Widget.pigImu_Widget: pigImu_Widget logger start
2026-01-26 14:54:45,772 [INFO] myLib.myGui.graph.myLib.myGui.graph: myLib.myGui.graph logger start
2026-01-26 14:54:46,412 [INFO] myLib.common.myLib.common: myLib.common logger start
2026-01-26 14:54:46,413 [INFO] myLib.myGui.mygui_serial.myLib.myGui.mygui_serial: myLib.myGui.mygui_serial logger start
2026-01-26 14:54:46,414 [INFO] myLib.myGui.myLabel.myLib.myGui.myLabel: myLib.myGui.myLabel logger start
2026-01-26 14:54:46,415 [INFO] myLib.myGui.myLineEdit.myLib.myGui.myLineEdit: myLib.myGui.myLineEdit logger start
2026-01-26 14:54:46,416 [INFO] myLib.myGui.myCheckBox.myLib.myGui.myCheckBox: myLib.myGui.myCheckBox logger start
2026-01-26 14:54:46,417 [INFO] myLib.myGui.myRadioButton.myLib.myGui.myRadioButton: myLib.myGui.myRadioButton logger start
2026-01-26 14:54:46,419 [INFO] record_Log: record_Log logger start
2026-01-26 14:54:46,430 [INFO] myLib.myGui.AttitudeIndicator.myLib.myGui.AttitudeIndicator: myLib.myGui.AttitudeIndicator logger start
2026-01-26 14:54:46,432 [INFO] myLib.myGui.pig_menu_manager.myLib.myGui.pig_menu_manager: myLib.myGui.pig_menu_manager logger start
2026-01-26 14:54:46,436 [INFO] myLib.mySerial.Connector.myLib.mySerial.Connector: myLib.mySerial.Connector logger start
2026-01-26 14:54:46,442 [INFO] myLib.myGui.myComboBox.myLib.myGui.myComboBox: myLib.myGui.myComboBox logger start
2026-01-26 14:54:46,443 [INFO] drivers.hins_fog_imu.widgets.pig_parameters_widget.drivers.hins_fog_imu.widgets.pig_parameters_widget: drivers.hins_fog_imu.widgets.pig_parameters_widget logger start
2026-01-26 14:54:46,445 [INFO] drivers.hins_fog_imu.widgets.pig_W_A_calibration_parameter_widget.drivers.hins_fog_imu.widgets.pig_W_A_calibration_parameter_widget: drivers.hins_fog_imu.widgets.pig_W_A_calibration_parameter_widget logger start
2026-01-26 14:54:46,446 [INFO] drivers.hins_fog_imu.widgets.pig_version_widget.drivers.hins_fog_imu.widgets.pig_version_widget: drivers.hins_fog_imu.widgets.pig_version_widget logger start
2026-01-26 14:54:46,446 [INFO] drivers.hins_fog_imu.widgets.pig_configuration_widget.drivers.hins_fog_imu.widgets.pig_configuration_widget: drivers.hins_fog_imu.widgets.pig_configuration_widget logger start
2026-01-26 14:54:46,452 [INFO] myLib.crcCalculator.crcLib.myLib.crcCalculator.crcLib: myLib.crcCalculator.crcLib logger start
2026-01-26 14:54:47,482 [INFO] Main: Port Selected: COM23
2026-01-26 14:54:47,483 [INFO] Main: Port Selected: COM23
2026-01-26 14:54:49,123 [INFO] Main: Port Selected: COM19
2026-01-26 14:54:49,481 [INFO] Main: Connecting to COM19 at 230400...
2026-01-26 14:54:49,522 [INFO] myLib.mySerial.Connector.myLib.mySerial.Connector: COM19 is connected
2026-01-26 14:54:49,524 [INFO] drivers.HinsGnss: Connector set and input buffer flushed.
2026-01-26 14:54:49,524 [INFO] drivers.HinsGnss: Connector set and input buffer flushed.
2026-01-26 14:54:49,526 [INFO] main.drivers.HinsHybrid: Hybrid Reader (Dispatcher) Started.
2026-01-26 14:54:53,591 [INFO] main.drivers.HinsHybrid: [HinsHybrid] Thread stop requested.
2026-01-26 14:54:53,592 [INFO] main.drivers.HinsHybrid: [HinsHybrid] Thread stop requested.
2026-01-26 14:54:53,701 [INFO] myLib.mySerial.Connector.myLib.mySerial.Connector: COM19 is disconnected
2026-01-26 14:55:23,545 [INFO] pigImu_Widget.pigImu_Widget: pigImu_Widget logger start
2026-01-26 14:55:23,566 [INFO] myLib.myGui.graph.myLib.myGui.graph: myLib.myGui.graph logger start
2026-01-26 14:55:24,168 [INFO] myLib.common.myLib.common: myLib.common logger start
2026-01-26 14:55:24,169 [INFO] myLib.myGui.mygui_serial.myLib.myGui.mygui_serial: myLib.myGui.mygui_serial logger start
2026-01-26 14:55:24,170 [INFO] myLib.myGui.myLabel.myLib.myGui.myLabel: myLib.myGui.myLabel logger start
2026-01-26 14:55:24,171 [INFO] myLib.myGui.myLineEdit.myLib.myGui.myLineEdit: myLib.myGui.myLineEdit logger start
2026-01-26 14:55:24,172 [INFO] myLib.myGui.myCheckBox.myLib.myGui.myCheckBox: myLib.myGui.myCheckBox logger start
2026-01-26 14:55:24,172 [INFO] myLib.myGui.myRadioButton.myLib.myGui.myRadioButton: myLib.myGui.myRadioButton logger start
2026-01-26 14:55:24,173 [INFO] record_Log: record_Log logger start
2026-01-26 14:55:24,184 [INFO] myLib.myGui.AttitudeIndicator.myLib.myGui.AttitudeIndicator: myLib.myGui.AttitudeIndicator logger start
2026-01-26 14:55:24,186 [INFO] myLib.myGui.pig_menu_manager.myLib.myGui.pig_menu_manager: myLib.myGui.pig_menu_manager logger start
2026-01-26 14:55:24,190 [INFO] myLib.mySerial.Connector.myLib.mySerial.Connector: myLib.mySerial.Connector logger start
2026-01-26 14:55:24,195 [INFO] myLib.myGui.myComboBox.myLib.myGui.myComboBox: myLib.myGui.myComboBox logger start
2026-01-26 14:55:24,196 [INFO] drivers.hins_fog_imu.widgets.pig_parameters_widget.drivers.hins_fog_imu.widgets.pig_parameters_widget: drivers.hins_fog_imu.widgets.pig_parameters_widget logger start
2026-01-26 14:55:24,197 [INFO] drivers.hins_fog_imu.widgets.pig_W_A_calibration_parameter_widget.drivers.hins_fog_imu.widgets.pig_W_A_calibration_parameter_widget: drivers.hins_fog_imu.widgets.pig_W_A_calibration_parameter_widget logger start
2026-01-26 14:55:24,198 [INFO] drivers.hins_fog_imu.widgets.pig_version_widget.drivers.hins_fog_imu.widgets.pig_version_widget: drivers.hins_fog_imu.widgets.pig_version_widget logger start
2026-01-26 14:55:24,199 [INFO] drivers.hins_fog_imu.widgets.pig_configuration_widget.drivers.hins_fog_imu.widgets.pig_configuration_widget: drivers.hins_fog_imu.widgets.pig_configuration_widget logger start
2026-01-26 14:55:24,204 [INFO] myLib.crcCalculator.crcLib.myLib.crcCalculator.crcLib: myLib.crcCalculator.crcLib logger start
2026-01-26 14:55:25,787 [INFO] Main: Port Selected: COM23
2026-01-26 14:55:25,788 [INFO] Main: Port Selected: COM23
2026-01-26 14:55:26,765 [INFO] Main: Port Selected: COM19
2026-01-26 14:55:27,124 [INFO] Main: Connecting to COM19 at 230400...
2026-01-26 14:55:27,164 [INFO] myLib.mySerial.Connector.myLib.mySerial.Connector: COM19 is connected
2026-01-26 14:55:27,165 [INFO] drivers.HinsGnss: Connector set and input buffer flushed.
2026-01-26 14:55:27,165 [INFO] drivers.HinsGnss: Connector set and input buffer flushed.
2026-01-26 14:55:27,167 [INFO] main.drivers.HinsHybrid: Hybrid Reader (Dispatcher) Started.
2026-01-26 14:55:57,858 [INFO] pigImu_Widget.pigImu_Widget: pigImu_Widget logger start
2026-01-26 14:55:57,880 [INFO] myLib.myGui.graph.myLib.myGui.graph: myLib.myGui.graph logger start
2026-01-26 14:55:58,525 [INFO] myLib.common.myLib.common: myLib.common logger start
2026-01-26 14:55:58,527 [INFO] myLib.myGui.mygui_serial.myLib.myGui.mygui_serial: myLib.myGui.mygui_serial logger start
2026-01-26 14:55:58,528 [INFO] myLib.myGui.myLabel.myLib.myGui.myLabel: myLib.myGui.myLabel logger start
2026-01-26 14:55:58,528 [INFO] myLib.myGui.myLineEdit.myLib.myGui.myLineEdit: myLib.myGui.myLineEdit logger start
2026-01-26 14:55:58,529 [INFO] myLib.myGui.myCheckBox.myLib.myGui.myCheckBox: myLib.myGui.myCheckBox logger start
2026-01-26 14:55:58,530 [INFO] myLib.myGui.myRadioButton.myLib.myGui.myRadioButton: myLib.myGui.myRadioButton logger start
2026-01-26 14:55:58,531 [INFO] record_Log: record_Log logger start
2026-01-26 14:55:58,543 [INFO] myLib.myGui.AttitudeIndicator.myLib.myGui.AttitudeIndicator: myLib.myGui.AttitudeIndicator logger start
2026-01-26 14:55:58,545 [INFO] myLib.myGui.pig_menu_manager.myLib.myGui.pig_menu_manager: myLib.myGui.pig_menu_manager logger start
2026-01-26 14:55:58,549 [INFO] myLib.mySerial.Connector.myLib.mySerial.Connector: myLib.mySerial.Connector logger start
2026-01-26 14:55:58,555 [INFO] myLib.myGui.myComboBox.myLib.myGui.myComboBox: myLib.myGui.myComboBox logger start
2026-01-26 14:55:58,556 [INFO] drivers.hins_fog_imu.widgets.pig_parameters_widget.drivers.hins_fog_imu.widgets.pig_parameters_widget: drivers.hins_fog_imu.widgets.pig_parameters_widget logger start
2026-01-26 14:55:58,559 [INFO] drivers.hins_fog_imu.widgets.pig_W_A_calibration_parameter_widget.drivers.hins_fog_imu.widgets.pig_W_A_calibration_parameter_widget: drivers.hins_fog_imu.widgets.pig_W_A_calibration_parameter_widget logger start
2026-01-26 14:55:58,560 [INFO] drivers.hins_fog_imu.widgets.pig_version_widget.drivers.hins_fog_imu.widgets.pig_version_widget: drivers.hins_fog_imu.widgets.pig_version_widget logger start
2026-01-26 14:55:58,561 [INFO] drivers.hins_fog_imu.widgets.pig_configuration_widget.drivers.hins_fog_imu.widgets.pig_configuration_widget: drivers.hins_fog_imu.widgets.pig_configuration_widget logger start
2026-01-26 14:55:58,566 [INFO] myLib.crcCalculator.crcLib.myLib.crcCalculator.crcLib: myLib.crcCalculator.crcLib logger start
2026-01-26 14:56:00,225 [INFO] Main: Port Selected: COM23
2026-01-26 14:56:00,226 [INFO] Main: Port Selected: COM23
2026-01-26 14:56:02,721 [INFO] Main: Port Selected: COM19
2026-01-26 14:56:03,149 [INFO] Main: Connecting to COM19 at 230400...
2026-01-26 14:56:03,190 [INFO] myLib.mySerial.Connector.myLib.mySerial.Connector: COM19 is connected
2026-01-26 14:56:03,191 [INFO] drivers.HinsGnss: Connector set and input buffer flushed.
2026-01-26 14:56:03,192 [INFO] drivers.HinsGnss: Connector set and input buffer flushed.
2026-01-26 14:56:03,194 [INFO] main.drivers.HinsHybrid: Hybrid Reader (Dispatcher) Started.
2026-01-26 14:56:39,185 [INFO] main.drivers.HinsHybrid: [HinsHybrid] Thread stop requested.
2026-01-26 14:56:39,929 [INFO] main.drivers.HinsHybrid: [HinsHybrid] Thread stop requested.
2026-01-26 14:56:39,930 [INFO] main.drivers.HinsHybrid: [HinsHybrid] Thread stop requested.
2026-01-26 14:56:40,035 [INFO] myLib.mySerial.Connector.myLib.mySerial.Connector: COM19 is disconnected
2026-01-26 14:59:04,491 [INFO] pigImu_Widget.pigImu_Widget: pigImu_Widget logger start
2026-01-26 14:59:04,512 [INFO] myLib.myGui.graph.myLib.myGui.graph: myLib.myGui.graph logger start
2026-01-26 14:59:05,168 [INFO] myLib.common.myLib.common: myLib.common logger start
2026-01-26 14:59:05,169 [INFO] myLib.myGui.mygui_serial.myLib.myGui.mygui_serial: myLib.myGui.mygui_serial logger start
2026-01-26 14:59:05,170 [INFO] myLib.myGui.myLabel.myLib.myGui.myLabel: myLib.myGui.myLabel logger start
2026-01-26 14:59:05,171 [INFO] myLib.myGui.myLineEdit.myLib.myGui.myLineEdit: myLib.myGui.myLineEdit logger start
2026-01-26 14:59:05,171 [INFO] myLib.myGui.myCheckBox.myLib.myGui.myCheckBox: myLib.myGui.myCheckBox logger start
2026-01-26 14:59:05,173 [INFO] myLib.myGui.myRadioButton.myLib.myGui.myRadioButton: myLib.myGui.myRadioButton logger start
2026-01-26 14:59:05,174 [INFO] record_Log: record_Log logger start
2026-01-26 14:59:05,185 [INFO] myLib.myGui.AttitudeIndicator.myLib.myGui.AttitudeIndicator: myLib.myGui.AttitudeIndicator logger start
2026-01-26 14:59:05,188 [INFO] myLib.myGui.pig_menu_manager.myLib.myGui.pig_menu_manager: myLib.myGui.pig_menu_manager logger start
2026-01-26 14:59:05,192 [INFO] myLib.mySerial.Connector.myLib.mySerial.Connector: myLib.mySerial.Connector logger start
2026-01-26 14:59:05,198 [INFO] myLib.myGui.myComboBox.myLib.myGui.myComboBox: myLib.myGui.myComboBox logger start
2026-01-26 14:59:05,198 [INFO] drivers.hins_fog_imu.widgets.pig_parameters_widget.drivers.hins_fog_imu.widgets.pig_parameters_widget: drivers.hins_fog_imu.widgets.pig_parameters_widget logger start
2026-01-26 14:59:05,200 [INFO] drivers.hins_fog_imu.widgets.pig_W_A_calibration_parameter_widget.drivers.hins_fog_imu.widgets.pig_W_A_calibration_parameter_widget: drivers.hins_fog_imu.widgets.pig_W_A_calibration_parameter_widget logger start
2026-01-26 14:59:05,201 [INFO] drivers.hins_fog_imu.widgets.pig_version_widget.drivers.hins_fog_imu.widgets.pig_version_widget: drivers.hins_fog_imu.widgets.pig_version_widget logger start
2026-01-26 14:59:05,202 [INFO] drivers.hins_fog_imu.widgets.pig_configuration_widget.drivers.hins_fog_imu.widgets.pig_configuration_widget: drivers.hins_fog_imu.widgets.pig_configuration_widget logger start
2026-01-26 14:59:05,208 [INFO] myLib.crcCalculator.crcLib.myLib.crcCalculator.crcLib: myLib.crcCalculator.crcLib logger start
2026-01-26 14:59:06,236 [INFO] Main: Port Selected: COM23
2026-01-26 14:59:06,237 [INFO] Main: Port Selected: COM23
2026-01-26 14:59:07,293 [INFO] Main: Port Selected: COM19
2026-01-26 14:59:07,763 [INFO] Main: Connecting to COM19 at 230400...
2026-01-26 14:59:07,804 [INFO] myLib.mySerial.Connector.myLib.mySerial.Connector: COM19 is connected
2026-01-26 14:59:07,806 [INFO] drivers.HinsGnss: Connector set and input buffer flushed.
2026-01-26 14:59:07,806 [INFO] drivers.HinsGnss: Connector set and input buffer flushed.
2026-01-26 14:59:07,808 [INFO] main.drivers.HinsHybrid: Hybrid Reader (Dispatcher) Started.
2026-01-26 14:59:33,608 [INFO] main.drivers.HinsHybrid: [HinsHybrid] Thread stop requested.
2026-01-26 14:59:35,131 [INFO] Main: Restarting Hybrid Reader Thread...
2026-01-26 14:59:35,143 [INFO] main.drivers.HinsHybrid: Hybrid Reader (Dispatcher) Started.
2026-01-26 14:59:36,420 [INFO] main.drivers.HinsHybrid: [HinsHybrid] Thread stop requested.
2026-01-26 14:59:43,489 [INFO] myLib.myGui.myLabel.myLib.myGui.myLabel: set CUTOFF : 650
2026-01-26 14:59:44,092 [INFO] myLib.myGui.myLabel.myLib.myGui.myLabel: set BIAS T1 : 0
2026-01-26 14:59:44,244 [INFO] myLib.myGui.myLabel.myLib.myGui.myLabel: set BIAS T2 : 0
2026-01-26 14:59:44,396 [INFO] myLib.myGui.myLabel.myLib.myGui.myLabel: set BIAS SF SLOPE1 : 0
2026-01-26 14:59:44,548 [INFO] myLib.myGui.myLabel.myLib.myGui.myLabel: set BIAS SF SLOPE2 : 0
2026-01-26 14:59:44,700 [INFO] myLib.myGui.myLabel.myLib.myGui.myLabel: set BIAS SF SLOPE3 : 0
2026-01-26 14:59:44,852 [INFO] myLib.myGui.myLabel.myLib.myGui.myLabel: set BIAS SF OFFSET1 : 0
2026-01-26 14:59:45,004 [INFO] myLib.myGui.myLabel.myLib.myGui.myLabel: set BIAS SF OFFSET2 : 0
2026-01-26 14:59:45,156 [INFO] myLib.myGui.myLabel.myLib.myGui.myLabel: set BIAS SF OFFSET3 : 0
2026-01-26 14:59:45,609 [INFO] myLib.myGui.myLabel.myLib.myGui.myLabel: set ACC SF SLOPE1 : 0
2026-01-26 14:59:45,761 [INFO] myLib.myGui.myLabel.myLib.myGui.myLabel: set ACC SF OFFSET1 : 0
2026-01-26 15:00:23,807 [INFO] main.drivers.HinsHybrid: [HinsHybrid] Thread stop requested.
2026-01-26 15:00:23,808 [INFO] main.drivers.HinsHybrid: [HinsHybrid] Thread stop requested.
2026-01-26 15:00:23,927 [INFO] myLib.mySerial.Connector.myLib.mySerial.Connector: COM19 is disconnected
2026-01-26 15:01:16,029 [INFO] pigImu_Widget.pigImu_Widget: pigImu_Widget logger start
2026-01-26 15:01:16,051 [INFO] myLib.myGui.graph.myLib.myGui.graph: myLib.myGui.graph logger start
2026-01-26 15:01:16,697 [INFO] myLib.common.myLib.common: myLib.common logger start
2026-01-26 15:01:16,698 [INFO] myLib.myGui.mygui_serial.myLib.myGui.mygui_serial: myLib.myGui.mygui_serial logger start
2026-01-26 15:01:16,699 [INFO] myLib.myGui.myLabel.myLib.myGui.myLabel: myLib.myGui.myLabel logger start
2026-01-26 15:01:16,700 [INFO] myLib.myGui.myLineEdit.myLib.myGui.myLineEdit: myLib.myGui.myLineEdit logger start
2026-01-26 15:01:16,700 [INFO] myLib.myGui.myCheckBox.myLib.myGui.myCheckBox: myLib.myGui.myCheckBox logger start
2026-01-26 15:01:16,701 [INFO] myLib.myGui.myRadioButton.myLib.myGui.myRadioButton: myLib.myGui.myRadioButton logger start
2026-01-26 15:01:16,702 [INFO] record_Log: record_Log logger start
2026-01-26 15:01:16,715 [INFO] myLib.myGui.AttitudeIndicator.myLib.myGui.AttitudeIndicator: myLib.myGui.AttitudeIndicator logger start
2026-01-26 15:01:16,717 [INFO] myLib.myGui.pig_menu_manager.myLib.myGui.pig_menu_manager: myLib.myGui.pig_menu_manager logger start
2026-01-26 15:01:16,721 [INFO] myLib.mySerial.Connector.myLib.mySerial.Connector: myLib.mySerial.Connector logger start
2026-01-26 15:01:16,727 [INFO] myLib.myGui.myComboBox.myLib.myGui.myComboBox: myLib.myGui.myComboBox logger start
2026-01-26 15:01:16,728 [INFO] drivers.hins_fog_imu.widgets.pig_parameters_widget.drivers.hins_fog_imu.widgets.pig_parameters_widget: drivers.hins_fog_imu.widgets.pig_parameters_widget logger start
2026-01-26 15:01:16,729 [INFO] drivers.hins_fog_imu.widgets.pig_W_A_calibration_parameter_widget.drivers.hins_fog_imu.widgets.pig_W_A_calibration_parameter_widget: drivers.hins_fog_imu.widgets.pig_W_A_calibration_parameter_widget logger start
2026-01-26 15:01:16,731 [INFO] drivers.hins_fog_imu.widgets.pig_version_widget.drivers.hins_fog_imu.widgets.pig_version_widget: drivers.hins_fog_imu.widgets.pig_version_widget logger start
2026-01-26 15:01:16,731 [INFO] drivers.hins_fog_imu.widgets.pig_configuration_widget.drivers.hins_fog_imu.widgets.pig_configuration_widget: drivers.hins_fog_imu.widgets.pig_configuration_widget logger start
2026-01-26 15:01:16,736 [INFO] myLib.crcCalculator.crcLib.myLib.crcCalculator.crcLib: myLib.crcCalculator.crcLib logger start
2026-01-26 15:01:18,046 [INFO] Main: Port Selected: COM23
2026-01-26 15:01:18,046 [INFO] Main: Port Selected: COM23
2026-01-26 15:01:19,459 [INFO] Main: Port Selected: COM19
2026-01-26 15:01:19,885 [INFO] Main: Connecting to COM19 at 230400...
2026-01-26 15:01:19,927 [INFO] myLib.mySerial.Connector.myLib.mySerial.Connector: COM19 is connected
2026-01-26 15:01:19,928 [INFO] drivers.HinsGnss: Connector set and input buffer flushed.
2026-01-26 15:01:19,929 [INFO] drivers.HinsGnss: Connector set and input buffer flushed.
2026-01-26 15:01:19,931 [INFO] main.drivers.HinsHybrid: Hybrid Reader (Dispatcher) Started.
2026-01-26 15:01:48,363 [INFO] main.drivers.HinsHybrid: [HinsHybrid] Thread stop requested.
2026-01-26 15:01:48,364 [INFO] main.drivers.HinsHybrid: [HinsHybrid] Thread stop requested.
2026-01-26 15:01:48,470 [INFO] myLib.mySerial.Connector.myLib.mySerial.Connector: COM19 is disconnected
2026-01-26 15:01:50,171 [INFO] Main: Connecting to COM19 at 230400...
2026-01-26 15:01:50,213 [INFO] myLib.mySerial.Connector.myLib.mySerial.Connector: COM19 is connected
2026-01-26 15:01:50,214 [INFO] drivers.HinsGnss: Connector set and input buffer flushed.
2026-01-26 15:01:50,214 [INFO] drivers.HinsGnss: Connector set and input buffer flushed.
2026-01-26 15:01:50,217 [INFO] main.drivers.HinsHybrid: Hybrid Reader (Dispatcher) Started.
2026-01-26 15:01:51,273 [INFO] Main: Restarting Hybrid Reader Thread...
2026-01-26 15:01:51,290 [INFO] main.drivers.HinsHybrid: Hybrid Reader (Dispatcher) Started.
2026-01-26 15:01:52,323 [INFO] main.drivers.HinsHybrid: [HinsHybrid] Thread stop requested.
2026-01-26 15:01:53,313 [INFO] main.drivers.HinsHybrid: [HinsHybrid] Thread stop requested.
2026-01-26 15:01:53,315 [INFO] main.drivers.HinsHybrid: [HinsHybrid] Thread stop requested.
2026-01-26 15:01:53,427 [INFO] myLib.mySerial.Connector.myLib.mySerial.Connector: COM19 is disconnected
2026-01-26 15:08:15,542 [INFO] pigImu_Widget.pigImu_Widget: pigImu_Widget logger start
2026-01-26 15:08:15,564 [INFO] myLib.myGui.graph.myLib.myGui.graph: myLib.myGui.graph logger start
2026-01-26 15:08:16,177 [INFO] myLib.common.myLib.common: myLib.common logger start
2026-01-26 15:08:16,178 [INFO] myLib.myGui.mygui_serial.myLib.myGui.mygui_serial: myLib.myGui.mygui_serial logger start
2026-01-26 15:08:16,179 [INFO] myLib.myGui.myLabel.myLib.myGui.myLabel: myLib.myGui.myLabel logger start
2026-01-26 15:08:16,179 [INFO] myLib.myGui.myLineEdit.myLib.myGui.myLineEdit: myLib.myGui.myLineEdit logger start
2026-01-26 15:08:16,180 [INFO] myLib.myGui.myCheckBox.myLib.myGui.myCheckBox: myLib.myGui.myCheckBox logger start
2026-01-26 15:08:16,180 [INFO] myLib.myGui.myRadioButton.myLib.myGui.myRadioButton: myLib.myGui.myRadioButton logger start
2026-01-26 15:08:16,181 [INFO] record_Log: record_Log logger start
2026-01-26 15:08:16,192 [INFO] myLib.myGui.AttitudeIndicator.myLib.myGui.AttitudeIndicator: myLib.myGui.AttitudeIndicator logger start
2026-01-26 15:08:16,194 [INFO] myLib.myGui.pig_menu_manager.myLib.myGui.pig_menu_manager: myLib.myGui.pig_menu_manager logger start
2026-01-26 15:08:16,198 [INFO] myLib.mySerial.Connector.myLib.mySerial.Connector: myLib.mySerial.Connector logger start
2026-01-26 15:08:16,203 [INFO] myLib.myGui.myComboBox.myLib.myGui.myComboBox: myLib.myGui.myComboBox logger start
2026-01-26 15:08:16,203 [INFO] drivers.hins_fog_imu.widgets.pig_parameters_widget.drivers.hins_fog_imu.widgets.pig_parameters_widget: drivers.hins_fog_imu.widgets.pig_parameters_widget logger start
2026-01-26 15:08:16,205 [INFO] drivers.hins_fog_imu.widgets.pig_W_A_calibration_parameter_widget.drivers.hins_fog_imu.widgets.pig_W_A_calibration_parameter_widget: drivers.hins_fog_imu.widgets.pig_W_A_calibration_parameter_widget logger start
2026-01-26 15:08:16,206 [INFO] drivers.hins_fog_imu.widgets.pig_version_widget.drivers.hins_fog_imu.widgets.pig_version_widget: drivers.hins_fog_imu.widgets.pig_version_widget logger start
2026-01-26 15:08:16,207 [INFO] drivers.hins_fog_imu.widgets.pig_configuration_widget.drivers.hins_fog_imu.widgets.pig_configuration_widget: drivers.hins_fog_imu.widgets.pig_configuration_widget logger start
2026-01-26 15:08:16,212 [INFO] myLib.crcCalculator.crcLib.myLib.crcCalculator.crcLib: myLib.crcCalculator.crcLib logger start
2026-01-26 15:08:17,723 [INFO] Main: Port Selected: COM23
2026-01-26 15:08:17,724 [INFO] Main: Port Selected: COM23
2026-01-26 15:08:19,046 [INFO] Main: Port Selected: COM19
2026-01-26 15:08:19,428 [INFO] Main: Connecting to COM19 at 230400...
2026-01-26 15:08:19,469 [INFO] myLib.mySerial.Connector.myLib.mySerial.Connector: COM19 is connected
2026-01-26 15:08:19,471 [INFO] drivers.HinsGnss: Connector set and input buffer flushed.
2026-01-26 15:08:19,471 [INFO] drivers.HinsGnss: Connector set and input buffer flushed.
2026-01-26 15:08:19,473 [INFO] main.drivers.HinsHybrid: Hybrid Reader (Dispatcher) Started.
2026-01-26 15:08:34,924 [INFO] main.drivers.HinsHybrid: [HinsHybrid] Thread stop requested.
2026-01-26 15:08:35,585 [INFO] main.drivers.HinsHybrid: [HinsHybrid] Thread stop requested.
2026-01-26 15:08:35,586 [INFO] main.drivers.HinsHybrid: [HinsHybrid] Thread stop requested.
2026-01-26 15:08:35,695 [INFO] myLib.mySerial.Connector.myLib.mySerial.Connector: COM19 is disconnected
2026-01-26 15:11:58,718 [INFO] Main: Connecting to COM19 at 230400...
2026-01-26 15:11:59,006 [INFO] myLib.mySerial.Connector.myLib.mySerial.Connector: COM19 is connected
2026-01-26 15:11:59,007 [INFO] drivers.HinsGnss: Connector set and input buffer flushed.
2026-01-26 15:11:59,008 [INFO] drivers.HinsGnss: Connector set and input buffer flushed.
2026-01-26 15:11:59,009 [INFO] main.drivers.HinsHybrid: Hybrid Reader (Dispatcher) Started.
2026-01-26 15:11:59,954 [INFO] Main: Restarting Hybrid Reader Thread...
2026-01-26 15:11:59,971 [INFO] main.drivers.HinsHybrid: Hybrid Reader (Dispatcher) Started.
2026-01-26 15:12:05,424 [INFO] main.drivers.HinsHybrid: [HinsHybrid] Thread stop requested.
2026-01-26 15:13:19,188 [INFO] Main: Restarting Hybrid Reader Thread...
2026-01-26 15:13:19,207 [INFO] main.drivers.HinsHybrid: Hybrid Reader (Dispatcher) Started.
2026-01-26 15:13:53,471 [INFO] main.drivers.HinsHybrid: [HinsHybrid] Thread stop requested.
2026-01-26 15:13:54,340 [INFO] main.drivers.HinsHybrid: [HinsHybrid] Thread stop requested.
2026-01-26 15:13:54,341 [INFO] main.drivers.HinsHybrid: [HinsHybrid] Thread stop requested.
2026-01-26 15:13:54,458 [INFO] myLib.mySerial.Connector.myLib.mySerial.Connector: COM19 is disconnected
2026-01-26 15:17:06,531 [INFO] Main: Connecting to COM19 at 230400...
2026-01-26 15:17:06,572 [INFO] myLib.mySerial.Connector.myLib.mySerial.Connector: COM19 is connected
2026-01-26 15:17:06,573 [INFO] drivers.HinsGnss: Connector set and input buffer flushed.
2026-01-26 15:17:06,573 [INFO] drivers.HinsGnss: Connector set and input buffer flushed.
2026-01-26 15:17:06,574 [INFO] main.drivers.HinsHybrid: Hybrid Reader (Dispatcher) Started.
2026-01-26 15:17:07,245 [INFO] Main: Restarting Hybrid Reader Thread...
2026-01-26 15:17:07,253 [INFO] main.drivers.HinsHybrid: Hybrid Reader (Dispatcher) Started.
2026-01-26 15:17:12,389 [INFO] main.drivers.HinsHybrid: [HinsHybrid] Thread stop requested.
2026-01-26 15:17:13,882 [INFO] Main: Restarting Hybrid Reader Thread...
2026-01-26 15:17:13,901 [INFO] main.drivers.HinsHybrid: Hybrid Reader (Dispatcher) Started.
2026-01-26 15:17:15,255 [INFO] main.drivers.HinsHybrid: [HinsHybrid] Thread stop requested.
2026-01-26 15:17:58,580 [INFO] Main: Restarting Hybrid Reader Thread...
2026-01-26 15:17:58,592 [INFO] main.drivers.HinsHybrid: Hybrid Reader (Dispatcher) Started.
2026-01-26 15:18:01,582 [INFO] main.drivers.HinsHybrid: [HinsHybrid] Thread stop requested.
2026-01-26 15:18:03,712 [INFO] Main: Restarting Hybrid Reader Thread...
2026-01-26 15:18:03,726 [INFO] main.drivers.HinsHybrid: Hybrid Reader (Dispatcher) Started.
2026-01-26 15:18:14,872 [INFO] main.drivers.HinsHybrid: [HinsHybrid] Thread stop requested.
2026-01-26 15:18:19,515 [INFO] main.drivers.HinsHybrid: [HinsHybrid] Thread stop requested.
2026-01-26 15:18:19,517 [INFO] main.drivers.HinsHybrid: [HinsHybrid] Thread stop requested.
2026-01-26 15:18:19,627 [INFO] myLib.mySerial.Connector.myLib.mySerial.Connector: COM19 is disconnected
2026-01-26 15:18:20,843 [INFO] Main: Connecting to COM19 at 230400...
2026-01-26 15:18:20,884 [INFO] myLib.mySerial.Connector.myLib.mySerial.Connector: COM19 is connected
2026-01-26 15:18:20,885 [INFO] drivers.HinsGnss: Connector set and input buffer flushed.
2026-01-26 15:18:20,886 [INFO] drivers.HinsGnss: Connector set and input buffer flushed.
2026-01-26 15:18:20,888 [INFO] main.drivers.HinsHybrid: Hybrid Reader (Dispatcher) Started.
2026-01-26 15:18:21,459 [INFO] Main: Restarting Hybrid Reader Thread...
2026-01-26 15:18:21,467 [INFO] main.drivers.HinsHybrid: Hybrid Reader (Dispatcher) Started.
2026-01-26 15:22:59,983 [INFO] main.drivers.HinsHybrid: [HinsHybrid] Thread stop requested.
2026-01-26 15:23:00,590 [INFO] Main: Restarting Hybrid Reader Thread...
2026-01-26 15:23:00,601 [INFO] main.drivers.HinsHybrid: Hybrid Reader (Dispatcher) Started.
2026-01-26 15:23:05,375 [INFO] main.drivers.HinsHybrid: [HinsHybrid] Thread stop requested.
2026-01-26 15:23:18,244 [INFO] pigImu_Widget.pigImu_Widget: pigImu_Widget logger start
2026-01-26 15:23:18,266 [INFO] myLib.myGui.graph.myLib.myGui.graph: myLib.myGui.graph logger start
2026-01-26 15:23:18,871 [INFO] myLib.common.myLib.common: myLib.common logger start
2026-01-26 15:23:18,872 [INFO] myLib.myGui.mygui_serial.myLib.myGui.mygui_serial: myLib.myGui.mygui_serial logger start
2026-01-26 15:23:18,873 [INFO] myLib.myGui.myLabel.myLib.myGui.myLabel: myLib.myGui.myLabel logger start
2026-01-26 15:23:18,873 [INFO] myLib.myGui.myLineEdit.myLib.myGui.myLineEdit: myLib.myGui.myLineEdit logger start
2026-01-26 15:23:18,874 [INFO] myLib.myGui.myCheckBox.myLib.myGui.myCheckBox: myLib.myGui.myCheckBox logger start
2026-01-26 15:23:18,875 [INFO] myLib.myGui.myRadioButton.myLib.myGui.myRadioButton: myLib.myGui.myRadioButton logger start
2026-01-26 15:23:18,876 [INFO] record_Log: record_Log logger start
2026-01-26 15:23:18,887 [INFO] myLib.myGui.AttitudeIndicator.myLib.myGui.AttitudeIndicator: myLib.myGui.AttitudeIndicator logger start
2026-01-26 15:23:18,889 [INFO] myLib.myGui.pig_menu_manager.myLib.myGui.pig_menu_manager: myLib.myGui.pig_menu_manager logger start
2026-01-26 15:23:18,892 [INFO] myLib.mySerial.Connector.myLib.mySerial.Connector: myLib.mySerial.Connector logger start
2026-01-26 15:23:18,897 [INFO] myLib.myGui.myComboBox.myLib.myGui.myComboBox: myLib.myGui.myComboBox logger start
2026-01-26 15:23:18,898 [INFO] drivers.hins_fog_imu.widgets.pig_parameters_widget.drivers.hins_fog_imu.widgets.pig_parameters_widget: drivers.hins_fog_imu.widgets.pig_parameters_widget logger start
2026-01-26 15:23:18,899 [INFO] drivers.hins_fog_imu.widgets.pig_W_A_calibration_parameter_widget.drivers.hins_fog_imu.widgets.pig_W_A_calibration_parameter_widget: drivers.hins_fog_imu.widgets.pig_W_A_calibration_parameter_widget logger start
2026-01-26 15:23:18,900 [INFO] drivers.hins_fog_imu.widgets.pig_version_widget.drivers.hins_fog_imu.widgets.pig_version_widget: drivers.hins_fog_imu.widgets.pig_version_widget logger start
2026-01-26 15:23:18,901 [INFO] drivers.hins_fog_imu.widgets.pig_configuration_widget.drivers.hins_fog_imu.widgets.pig_configuration_widget: drivers.hins_fog_imu.widgets.pig_configuration_widget logger start
2026-01-26 15:23:18,906 [INFO] myLib.crcCalculator.crcLib.myLib.crcCalculator.crcLib: myLib.crcCalculator.crcLib logger start
2026-01-26 15:23:19,992 [INFO] Main: Port Selected: COM23
2026-01-26 15:23:19,992 [INFO] Main: Port Selected: COM23
2026-01-26 15:23:21,406 [INFO] Main: Port Selected: COM19
2026-01-26 15:23:21,808 [INFO] Main: Connecting to COM19 at 230400...
2026-01-26 15:23:21,849 [INFO] myLib.mySerial.Connector.myLib.mySerial.Connector: COM19 is connected
2026-01-26 15:23:21,851 [INFO] drivers.HinsGnss: Connector set and input buffer flushed.
2026-01-26 15:23:21,851 [INFO] drivers.HinsGnss: Connector set and input buffer flushed.
2026-01-26 15:23:21,853 [INFO] main.drivers.HinsHybrid: Hybrid Reader (Dispatcher) Started.
2026-01-26 15:23:37,080 [INFO] main.drivers.HinsHybrid: [HinsHybrid] Thread stop requested.
2026-01-26 15:23:42,357 [INFO] myLib.myGui.myLabel.myLib.myGui.myLabel: set CUTOFF : 650
2026-01-26 15:23:42,961 [INFO] myLib.myGui.myLabel.myLib.myGui.myLabel: set BIAS T1 : 0
2026-01-26 15:23:43,113 [INFO] myLib.myGui.myLabel.myLib.myGui.myLabel: set BIAS T2 : 0
2026-01-26 15:23:43,264 [INFO] myLib.myGui.myLabel.myLib.myGui.myLabel: set BIAS SF SLOPE1 : 0
2026-01-26 15:23:43,416 [INFO] myLib.myGui.myLabel.myLib.myGui.myLabel: set BIAS SF SLOPE2 : 0
2026-01-26 15:23:43,568 [INFO] myLib.myGui.myLabel.myLib.myGui.myLabel: set BIAS SF SLOPE3 : 0
2026-01-26 15:23:43,720 [INFO] myLib.myGui.myLabel.myLib.myGui.myLabel: set BIAS SF OFFSET1 : 0
2026-01-26 15:23:43,871 [INFO] myLib.myGui.myLabel.myLib.myGui.myLabel: set BIAS SF OFFSET2 : 0
2026-01-26 15:23:44,023 [INFO] myLib.myGui.myLabel.myLib.myGui.myLabel: set BIAS SF OFFSET3 : 0
2026-01-26 15:23:44,476 [INFO] myLib.myGui.myLabel.myLib.myGui.myLabel: set ACC SF SLOPE1 : 0
2026-01-26 15:23:44,628 [INFO] myLib.myGui.myLabel.myLib.myGui.myLabel: set ACC SF OFFSET1 : 0
2026-01-26 15:23:53,968 [INFO] Main: Restarting Hybrid Reader Thread...
2026-01-26 15:23:53,989 [INFO] main.drivers.HinsHybrid: Hybrid Reader (Dispatcher) Started.
2026-01-26 15:23:55,582 [INFO] main.drivers.HinsHybrid: [HinsHybrid] Thread stop requested.
2026-01-26 15:23:56,204 [INFO] main.drivers.HinsHybrid: [HinsHybrid] Thread stop requested.
2026-01-26 15:23:56,205 [INFO] main.drivers.HinsHybrid: [HinsHybrid] Thread stop requested.
2026-01-26 15:23:56,313 [INFO] myLib.mySerial.Connector.myLib.mySerial.Connector: COM19 is disconnected
