2026-02-23 13:55:19,252 [INFO] pigImu_Widget.pigImu_Widget: pigImu_Widget logger start
2026-02-23 13:55:19,275 [INFO] myLib.myGui.graph.myLib.myGui.graph: myLib.myGui.graph logger start
2026-02-23 13:55:19,996 [INFO] matplotlib.font_manager: generated new fontManager
2026-02-23 13:55:20,542 [INFO] myLib.common.myLib.common: myLib.common logger start
2026-02-23 13:55:20,543 [INFO] myLib.myGui.mygui_serial.myLib.myGui.mygui_serial: myLib.myGui.mygui_serial logger start
2026-02-23 13:55:20,544 [INFO] myLib.myGui.myLabel.myLib.myGui.myLabel: myLib.myGui.myLabel logger start
2026-02-23 13:55:20,545 [INFO] myLib.myGui.myLineEdit.myLib.myGui.myLineEdit: myLib.myGui.myLineEdit logger start
2026-02-23 13:55:20,546 [INFO] myLib.myGui.myCheckBox.myLib.myGui.myCheckBox: myLib.myGui.myCheckBox logger start
2026-02-23 13:55:20,548 [INFO] myLib.myGui.myRadioButton.myLib.myGui.myRadioButton: myLib.myGui.myRadioButton logger start
2026-02-23 13:55:20,549 [INFO] record_Log: record_Log logger start
2026-02-23 13:55:20,564 [INFO] myLib.myGui.AttitudeIndicator.myLib.myGui.AttitudeIndicator: myLib.myGui.AttitudeIndicator logger start
2026-02-23 13:55:20,567 [INFO] myLib.myGui.pig_menu_manager.myLib.myGui.pig_menu_manager: myLib.myGui.pig_menu_manager logger start
2026-02-23 13:55:20,571 [INFO] myLib.mySerial.Connector.myLib.mySerial.Connector: myLib.mySerial.Connector logger start
2026-02-23 13:55:20,577 [INFO] myLib.myGui.myComboBox.myLib.myGui.myComboBox: myLib.myGui.myComboBox logger start
2026-02-23 13:55:20,578 [INFO] drivers.hins_fog_imu.widgets.pig_parameters_widget.drivers.hins_fog_imu.widgets.pig_parameters_widget: drivers.hins_fog_imu.widgets.pig_parameters_widget logger start
2026-02-23 13:55:20,580 [INFO] drivers.hins_fog_imu.widgets.pig_W_A_calibration_parameter_widget.drivers.hins_fog_imu.widgets.pig_W_A_calibration_parameter_widget: drivers.hins_fog_imu.widgets.pig_W_A_calibration_parameter_widget logger start
2026-02-23 13:55:20,581 [INFO] drivers.hins_fog_imu.widgets.pig_version_widget.drivers.hins_fog_imu.widgets.pig_version_widget: drivers.hins_fog_imu.widgets.pig_version_widget logger start
2026-02-23 13:55:20,582 [INFO] drivers.hins_fog_imu.widgets.pig_configuration_widget.drivers.hins_fog_imu.widgets.pig_configuration_widget: drivers.hins_fog_imu.widgets.pig_configuration_widget logger start
2026-02-23 13:55:20,588 [INFO] myLib.crcCalculator.crcLib.myLib.crcCalculator.crcLib: myLib.crcCalculator.crcLib logger start
2026-02-23 13:55:27,468 [INFO] Main: Port Selected: COM15
2026-02-23 13:55:27,469 [INFO] Main: Port Selected: COM15
2026-02-23 13:55:29,732 [INFO] Main: Port Selected: COM18
2026-02-23 13:55:30,883 [INFO] Main: Connecting to COM18 at 230400...
2026-02-23 13:55:30,930 [INFO] myLib.mySerial.Connector.myLib.mySerial.Connector: COM18 is connected
2026-02-23 13:55:30,933 [INFO] drivers.HinsGnss: Connector set and input buffer flushed.
2026-02-23 13:55:30,933 [INFO] drivers.HinsGnss: Connector set and input buffer flushed.
2026-02-23 13:55:30,936 [INFO] main.drivers.HinsHybrid: Hybrid Reader (Dispatcher) Started.
2026-02-23 13:55:35,553 [INFO] main.drivers.HinsHybrid: [HinsHybrid] Thread stop requested.
2026-02-23 13:56:59,794 [INFO] Main: Restarting Hybrid Reader Thread...
2026-02-23 13:56:59,813 [INFO] main.drivers.HinsHybrid: Hybrid Reader (Dispatcher) Started.
2026-02-23 13:58:53,386 [INFO] main.drivers.HinsHybrid: [HinsHybrid] Thread stop requested.
2026-02-23 13:58:54,551 [INFO] main.drivers.HinsHybrid: [HinsHybrid] Thread stop requested.
2026-02-23 13:58:54,553 [INFO] main.drivers.HinsHybrid: [HinsHybrid] Thread stop requested.
2026-02-23 13:58:54,683 [INFO] myLib.mySerial.Connector.myLib.mySerial.Connector: COM18 is disconnected
