2026-03-04 14:53:44,647 [INFO] pigImu_Widget.pigImu_Widget: pigImu_Widget logger start
2026-03-04 14:53:44,679 [INFO] myLib.myGui.graph.myLib.myGui.graph: myLib.myGui.graph logger start
2026-03-04 14:53:49,433 [INFO] myLib.common.myLib.common: myLib.common logger start
2026-03-04 14:53:49,449 [INFO] myLib.myGui.mygui_serial.myLib.myGui.mygui_serial: myLib.myGui.mygui_serial logger start
2026-03-04 14:53:49,463 [INFO] myLib.myGui.myLabel.myLib.myGui.myLabel: myLib.myGui.myLabel logger start
2026-03-04 14:53:49,465 [INFO] myLib.myGui.myLineEdit.myLib.myGui.myLineEdit: myLib.myGui.myLineEdit logger start
2026-03-04 14:53:49,477 [INFO] myLib.myGui.myCheckBox.myLib.myGui.myCheckBox: myLib.myGui.myCheckBox logger start
2026-03-04 14:53:49,489 [INFO] myLib.myGui.myRadioButton.myLib.myGui.myRadioButton: myLib.myGui.myRadioButton logger start
2026-03-04 14:53:49,501 [INFO] record_Log: record_Log logger start
2026-03-04 14:53:49,688 [INFO] myLib.myGui.AttitudeIndicator.myLib.myGui.AttitudeIndicator: myLib.myGui.AttitudeIndicator logger start
2026-03-04 14:53:49,717 [INFO] myLib.myGui.pig_menu_manager.myLib.myGui.pig_menu_manager: myLib.myGui.pig_menu_manager logger start
2026-03-04 14:53:49,788 [INFO] myLib.mySerial.Connector.myLib.mySerial.Connector: myLib.mySerial.Connector logger start
2026-03-04 14:53:49,869 [INFO] myLib.myGui.myComboBox.myLib.myGui.myComboBox: myLib.myGui.myComboBox logger start
2026-03-04 14:53:49,882 [INFO] drivers.hins_fog_imu.widgets.pig_parameters_widget.drivers.hins_fog_imu.widgets.pig_parameters_widget: drivers.hins_fog_imu.widgets.pig_parameters_widget logger start
2026-03-04 14:53:49,902 [INFO] drivers.hins_fog_imu.widgets.pig_W_A_calibration_parameter_widget.drivers.hins_fog_imu.widgets.pig_W_A_calibration_parameter_widget: drivers.hins_fog_imu.widgets.pig_W_A_calibration_parameter_widget logger start
2026-03-04 14:53:49,922 [INFO] drivers.hins_fog_imu.widgets.pig_version_widget.drivers.hins_fog_imu.widgets.pig_version_widget: drivers.hins_fog_imu.widgets.pig_version_widget logger start
2026-03-04 14:53:50,016 [INFO] myLib.crcCalculator.crcLib.myLib.crcCalculator.crcLib: myLib.crcCalculator.crcLib logger start
2026-03-04 14:53:53,590 [INFO] Main: Port Selected: COM5
2026-03-04 14:53:53,592 [INFO] Main: Port Selected: COM5
2026-03-04 14:53:55,971 [INFO] Main: Port Selected: COM8
2026-03-04 14:54:01,445 [INFO] Main: Connecting to COM8 at 230400...
2026-03-04 14:54:01,452 [INFO] myLib.mySerial.Connector.myLib.mySerial.Connector: COM8 is connected
2026-03-04 14:54:01,454 [INFO] drivers.HinsGnss: Connector set and input buffer flushed.
2026-03-04 14:54:01,455 [INFO] drivers.HinsGnss: Connector set and input buffer flushed.
2026-03-04 14:54:01,455 [INFO] Main: Connection established. Synchronizing configuration...
2026-03-04 14:54:01,457 [INFO] main.drivers.HinsHybrid: Hybrid Reader (Dispatcher) Started.
2026-03-04 14:54:02,032 [INFO] drivers.HinsFog: Software RCS updated: [0.0, -1.0, 0.0, 1.0, 0.0, 0.0, 0.0, 0.0, 1.0]
2026-03-04 14:54:05,844 [INFO] main.drivers.HinsHybrid: [HinsHybrid] Thread stop requested.
2026-03-04 14:54:06,553 [INFO] main.drivers.HinsHybrid: [HinsHybrid] Thread stop requested.
2026-03-04 14:54:06,555 [INFO] main.drivers.HinsHybrid: [HinsHybrid] Thread stop requested.
2026-03-04 14:54:06,664 [INFO] myLib.mySerial.Connector.myLib.mySerial.Connector: COM8 is disconnected
2026-03-04 15:42:59,922 [INFO] pigImu_Widget.pigImu_Widget: pigImu_Widget logger start
2026-03-04 15:42:59,948 [INFO] myLib.myGui.graph.myLib.myGui.graph: myLib.myGui.graph logger start
2026-03-04 15:43:00,737 [INFO] myLib.common.myLib.common: myLib.common logger start
2026-03-04 15:43:00,739 [INFO] myLib.myGui.mygui_serial.myLib.myGui.mygui_serial: myLib.myGui.mygui_serial logger start
2026-03-04 15:43:00,740 [INFO] myLib.myGui.myLabel.myLib.myGui.myLabel: myLib.myGui.myLabel logger start
2026-03-04 15:43:00,741 [INFO] myLib.myGui.myLineEdit.myLib.myGui.myLineEdit: myLib.myGui.myLineEdit logger start
2026-03-04 15:43:00,741 [INFO] myLib.myGui.myCheckBox.myLib.myGui.myCheckBox: myLib.myGui.myCheckBox logger start
2026-03-04 15:43:00,743 [INFO] myLib.myGui.myRadioButton.myLib.myGui.myRadioButton: myLib.myGui.myRadioButton logger start
2026-03-04 15:43:00,744 [INFO] record_Log: record_Log logger start
2026-03-04 15:43:00,756 [INFO] myLib.myGui.AttitudeIndicator.myLib.myGui.AttitudeIndicator: myLib.myGui.AttitudeIndicator logger start
2026-03-04 15:43:00,759 [INFO] myLib.myGui.pig_menu_manager.myLib.myGui.pig_menu_manager: myLib.myGui.pig_menu_manager logger start
2026-03-04 15:43:00,765 [INFO] myLib.mySerial.Connector.myLib.mySerial.Connector: myLib.mySerial.Connector logger start
2026-03-04 15:43:00,772 [INFO] myLib.myGui.myComboBox.myLib.myGui.myComboBox: myLib.myGui.myComboBox logger start
2026-03-04 15:43:00,773 [INFO] drivers.hins_fog_imu.widgets.pig_parameters_widget.drivers.hins_fog_imu.widgets.pig_parameters_widget: drivers.hins_fog_imu.widgets.pig_parameters_widget logger start
2026-03-04 15:43:00,775 [INFO] drivers.hins_fog_imu.widgets.pig_W_A_calibration_parameter_widget.drivers.hins_fog_imu.widgets.pig_W_A_calibration_parameter_widget: drivers.hins_fog_imu.widgets.pig_W_A_calibration_parameter_widget logger start
2026-03-04 15:43:00,777 [INFO] drivers.hins_fog_imu.widgets.pig_version_widget.drivers.hins_fog_imu.widgets.pig_version_widget: drivers.hins_fog_imu.widgets.pig_version_widget logger start
2026-03-04 15:43:00,785 [INFO] myLib.crcCalculator.crcLib.myLib.crcCalculator.crcLib: myLib.crcCalculator.crcLib logger start
2026-03-04 15:43:02,362 [INFO] Main: Port Selected: COM5
2026-03-04 15:43:02,364 [INFO] Main: Port Selected: COM5
2026-03-04 15:43:03,934 [INFO] Main: Port Selected: COM8
2026-03-04 15:43:04,642 [INFO] Main: Connecting to COM8 at 230400...
2026-03-04 15:43:04,648 [INFO] myLib.mySerial.Connector.myLib.mySerial.Connector: COM8 is connected
2026-03-04 15:43:04,649 [INFO] drivers.HinsGnss: Connector set and input buffer flushed.
2026-03-04 15:43:04,650 [INFO] drivers.HinsGnss: Connector set and input buffer flushed.
2026-03-04 15:43:04,651 [INFO] Main: Connection established. Synchronizing configuration...
2026-03-04 15:43:04,653 [INFO] main.drivers.HinsHybrid: Hybrid Reader (Dispatcher) Started.
2026-03-04 15:43:05,211 [INFO] drivers.HinsFog: Software RCS updated: [0.0, -1.0, 0.0, 1.0, 0.0, 0.0, 0.0, 0.0, 1.0]
2026-03-04 15:43:33,565 [INFO] main.drivers.HinsHybrid: [HinsHybrid] Thread stop requested.
2026-03-04 15:43:34,425 [INFO] main.drivers.HinsHybrid: [HinsHybrid] Thread stop requested.
2026-03-04 15:43:34,427 [INFO] main.drivers.HinsHybrid: [HinsHybrid] Thread stop requested.
2026-03-04 15:43:34,530 [INFO] myLib.mySerial.Connector.myLib.mySerial.Connector: COM8 is disconnected
2026-03-04 15:46:27,105 [INFO] pigImu_Widget.pigImu_Widget: pigImu_Widget logger start
2026-03-04 15:46:27,135 [INFO] myLib.myGui.graph.myLib.myGui.graph: myLib.myGui.graph logger start
2026-03-04 15:46:27,922 [INFO] myLib.common.myLib.common: myLib.common logger start
2026-03-04 15:46:27,924 [INFO] myLib.myGui.mygui_serial.myLib.myGui.mygui_serial: myLib.myGui.mygui_serial logger start
2026-03-04 15:46:27,925 [INFO] myLib.myGui.myLabel.myLib.myGui.myLabel: myLib.myGui.myLabel logger start
2026-03-04 15:46:27,926 [INFO] myLib.myGui.myLineEdit.myLib.myGui.myLineEdit: myLib.myGui.myLineEdit logger start
2026-03-04 15:46:27,926 [INFO] myLib.myGui.myCheckBox.myLib.myGui.myCheckBox: myLib.myGui.myCheckBox logger start
2026-03-04 15:46:27,927 [INFO] myLib.myGui.myRadioButton.myLib.myGui.myRadioButton: myLib.myGui.myRadioButton logger start
2026-03-04 15:46:27,928 [INFO] record_Log: record_Log logger start
2026-03-04 15:46:27,941 [INFO] myLib.myGui.AttitudeIndicator.myLib.myGui.AttitudeIndicator: myLib.myGui.AttitudeIndicator logger start
2026-03-04 15:46:27,944 [INFO] myLib.myGui.pig_menu_manager.myLib.myGui.pig_menu_manager: myLib.myGui.pig_menu_manager logger start
2026-03-04 15:46:27,949 [INFO] myLib.mySerial.Connector.myLib.mySerial.Connector: myLib.mySerial.Connector logger start
2026-03-04 15:46:27,956 [INFO] myLib.myGui.myComboBox.myLib.myGui.myComboBox: myLib.myGui.myComboBox logger start
2026-03-04 15:46:27,957 [INFO] drivers.hins_fog_imu.widgets.pig_parameters_widget.drivers.hins_fog_imu.widgets.pig_parameters_widget: drivers.hins_fog_imu.widgets.pig_parameters_widget logger start
2026-03-04 15:46:27,960 [INFO] drivers.hins_fog_imu.widgets.pig_W_A_calibration_parameter_widget.drivers.hins_fog_imu.widgets.pig_W_A_calibration_parameter_widget: drivers.hins_fog_imu.widgets.pig_W_A_calibration_parameter_widget logger start
2026-03-04 15:46:27,961 [INFO] drivers.hins_fog_imu.widgets.pig_version_widget.drivers.hins_fog_imu.widgets.pig_version_widget: drivers.hins_fog_imu.widgets.pig_version_widget logger start
2026-03-04 15:46:27,969 [INFO] myLib.crcCalculator.crcLib.myLib.crcCalculator.crcLib: myLib.crcCalculator.crcLib logger start
2026-03-04 15:46:29,381 [INFO] Main: Port Selected: COM5
2026-03-04 15:46:29,383 [INFO] Main: Port Selected: COM5
2026-03-04 15:46:31,274 [INFO] Main: Port Selected: COM8
2026-03-04 15:46:31,888 [INFO] Main: Connecting to COM8 at 230400...
2026-03-04 15:46:31,893 [INFO] myLib.mySerial.Connector.myLib.mySerial.Connector: COM8 is connected
2026-03-04 15:46:31,895 [INFO] drivers.HinsGnss: Connector set and input buffer flushed.
2026-03-04 15:46:31,895 [INFO] drivers.HinsGnss: Connector set and input buffer flushed.
2026-03-04 15:46:31,896 [INFO] Main: Connection established. Synchronizing configuration...
2026-03-04 15:46:31,897 [INFO] main.drivers.HinsHybrid: Hybrid Reader (Dispatcher) Started.
2026-03-04 15:46:32,522 [INFO] drivers.HinsFog: Software RCS updated: [0.0, -1.0, 0.0, 1.0, 0.0, 0.0, 0.0, 0.0, 1.0]
2026-03-04 15:47:36,989 [INFO] main.drivers.HinsHybrid: [HinsHybrid] Thread stop requested.
2026-03-04 15:47:38,889 [INFO] main.drivers.HinsHybrid: [HinsHybrid] Thread stop requested.
2026-03-04 15:47:38,891 [INFO] main.drivers.HinsHybrid: [HinsHybrid] Thread stop requested.
2026-03-04 15:47:39,003 [INFO] myLib.mySerial.Connector.myLib.mySerial.Connector: COM8 is disconnected
2026-03-04 15:52:39,088 [INFO] pigImu_Widget.pigImu_Widget: pigImu_Widget logger start
2026-03-04 15:52:39,117 [INFO] myLib.myGui.graph.myLib.myGui.graph: myLib.myGui.graph logger start
2026-03-04 15:52:39,964 [INFO] myLib.common.myLib.common: myLib.common logger start
2026-03-04 15:52:39,965 [INFO] myLib.myGui.mygui_serial.myLib.myGui.mygui_serial: myLib.myGui.mygui_serial logger start
2026-03-04 15:52:39,967 [INFO] myLib.myGui.myLabel.myLib.myGui.myLabel: myLib.myGui.myLabel logger start
2026-03-04 15:52:39,968 [INFO] myLib.myGui.myLineEdit.myLib.myGui.myLineEdit: myLib.myGui.myLineEdit logger start
2026-03-04 15:52:39,969 [INFO] myLib.myGui.myCheckBox.myLib.myGui.myCheckBox: myLib.myGui.myCheckBox logger start
2026-03-04 15:52:39,969 [INFO] myLib.myGui.myRadioButton.myLib.myGui.myRadioButton: myLib.myGui.myRadioButton logger start
2026-03-04 15:52:39,971 [INFO] record_Log: record_Log logger start
2026-03-04 15:52:39,984 [INFO] myLib.myGui.AttitudeIndicator.myLib.myGui.AttitudeIndicator: myLib.myGui.AttitudeIndicator logger start
2026-03-04 15:52:39,988 [INFO] myLib.myGui.pig_menu_manager.myLib.myGui.pig_menu_manager: myLib.myGui.pig_menu_manager logger start
2026-03-04 15:52:39,994 [INFO] myLib.mySerial.Connector.myLib.mySerial.Connector: myLib.mySerial.Connector logger start
2026-03-04 15:52:40,001 [INFO] myLib.myGui.myComboBox.myLib.myGui.myComboBox: myLib.myGui.myComboBox logger start
2026-03-04 15:52:40,002 [INFO] drivers.hins_fog_imu.widgets.pig_parameters_widget.drivers.hins_fog_imu.widgets.pig_parameters_widget: drivers.hins_fog_imu.widgets.pig_parameters_widget logger start
2026-03-04 15:52:40,006 [INFO] drivers.hins_fog_imu.widgets.pig_W_A_calibration_parameter_widget.drivers.hins_fog_imu.widgets.pig_W_A_calibration_parameter_widget: drivers.hins_fog_imu.widgets.pig_W_A_calibration_parameter_widget logger start
2026-03-04 15:52:40,008 [INFO] drivers.hins_fog_imu.widgets.pig_version_widget.drivers.hins_fog_imu.widgets.pig_version_widget: drivers.hins_fog_imu.widgets.pig_version_widget logger start
2026-03-04 15:52:40,017 [INFO] myLib.crcCalculator.crcLib.myLib.crcCalculator.crcLib: myLib.crcCalculator.crcLib logger start
2026-03-04 15:52:41,626 [INFO] Main: Port Selected: COM5
2026-03-04 15:52:41,627 [INFO] Main: Port Selected: COM5
2026-03-04 15:52:48,829 [INFO] Main: Port Selected: COM8
2026-03-04 15:52:49,330 [INFO] Main: Connecting to COM8 at 230400...
2026-03-04 15:52:49,335 [INFO] myLib.mySerial.Connector.myLib.mySerial.Connector: COM8 is connected
2026-03-04 15:52:49,337 [INFO] drivers.HinsGnss: Connector set and input buffer flushed.
2026-03-04 15:52:49,338 [INFO] drivers.HinsGnss: Connector set and input buffer flushed.
2026-03-04 15:52:49,338 [INFO] Main: Connection established. Synchronizing configuration...
2026-03-04 15:52:49,340 [INFO] main.drivers.HinsHybrid: Hybrid Reader (Dispatcher) Started.
2026-03-04 15:52:49,958 [INFO] drivers.HinsFog: Software RCS updated: [0.0, -1.0, 0.0, 1.0, 0.0, 0.0, 0.0, 0.0, 1.0]
2026-03-04 15:52:58,549 [INFO] main.drivers.HinsHybrid: [HinsHybrid] Thread stop requested.
2026-03-04 15:52:59,591 [INFO] main.drivers.HinsHybrid: [HinsHybrid] Thread stop requested.
2026-03-04 15:52:59,593 [INFO] main.drivers.HinsHybrid: [HinsHybrid] Thread stop requested.
2026-03-04 15:52:59,708 [INFO] myLib.mySerial.Connector.myLib.mySerial.Connector: COM8 is disconnected
2026-03-04 17:07:52,113 [INFO] pigImu_Widget.pigImu_Widget: pigImu_Widget logger start
2026-03-04 17:07:52,137 [INFO] myLib.myGui.graph.myLib.myGui.graph: myLib.myGui.graph logger start
2026-03-04 17:07:52,940 [INFO] myLib.common.myLib.common: myLib.common logger start
2026-03-04 17:07:52,941 [INFO] myLib.myGui.mygui_serial.myLib.myGui.mygui_serial: myLib.myGui.mygui_serial logger start
2026-03-04 17:07:52,942 [INFO] myLib.myGui.myLabel.myLib.myGui.myLabel: myLib.myGui.myLabel logger start
2026-03-04 17:07:52,943 [INFO] myLib.myGui.myLineEdit.myLib.myGui.myLineEdit: myLib.myGui.myLineEdit logger start
2026-03-04 17:07:52,944 [INFO] myLib.myGui.myCheckBox.myLib.myGui.myCheckBox: myLib.myGui.myCheckBox logger start
2026-03-04 17:07:52,945 [INFO] myLib.myGui.myRadioButton.myLib.myGui.myRadioButton: myLib.myGui.myRadioButton logger start
2026-03-04 17:07:52,945 [INFO] record_Log: record_Log logger start
2026-03-04 17:07:52,957 [INFO] myLib.myGui.AttitudeIndicator.myLib.myGui.AttitudeIndicator: myLib.myGui.AttitudeIndicator logger start
2026-03-04 17:07:52,960 [INFO] myLib.myGui.pig_menu_manager.myLib.myGui.pig_menu_manager: myLib.myGui.pig_menu_manager logger start
2026-03-04 17:07:52,964 [INFO] myLib.mySerial.Connector.myLib.mySerial.Connector: myLib.mySerial.Connector logger start
2026-03-04 17:07:52,971 [INFO] myLib.myGui.myComboBox.myLib.myGui.myComboBox: myLib.myGui.myComboBox logger start
2026-03-04 17:07:52,972 [INFO] drivers.hins_fog_imu.widgets.pig_parameters_widget.drivers.hins_fog_imu.widgets.pig_parameters_widget: drivers.hins_fog_imu.widgets.pig_parameters_widget logger start
2026-03-04 17:07:52,975 [INFO] drivers.hins_fog_imu.widgets.pig_W_A_calibration_parameter_widget.drivers.hins_fog_imu.widgets.pig_W_A_calibration_parameter_widget: drivers.hins_fog_imu.widgets.pig_W_A_calibration_parameter_widget logger start
2026-03-04 17:07:52,976 [INFO] drivers.hins_fog_imu.widgets.pig_version_widget.drivers.hins_fog_imu.widgets.pig_version_widget: drivers.hins_fog_imu.widgets.pig_version_widget logger start
2026-03-04 17:07:52,983 [INFO] myLib.crcCalculator.crcLib.myLib.crcCalculator.crcLib: myLib.crcCalculator.crcLib logger start
2026-03-04 17:07:54,569 [INFO] Main: Port Selected: COM5
2026-03-04 17:07:54,572 [INFO] Main: Port Selected: COM5
2026-03-04 17:07:57,241 [INFO] Main: Port Selected: COM8
2026-03-04 17:07:57,774 [INFO] Main: Connecting to COM8 at 230400...
2026-03-04 17:07:57,779 [INFO] myLib.mySerial.Connector.myLib.mySerial.Connector: COM8 is connected
2026-03-04 17:07:57,780 [INFO] drivers.HinsGnss: Connector set and input buffer flushed.
2026-03-04 17:07:57,781 [INFO] drivers.HinsGnss: Connector set and input buffer flushed.
2026-03-04 17:07:57,782 [INFO] Main: Connection established. Synchronizing configuration...
2026-03-04 17:07:57,783 [INFO] main.drivers.HinsHybrid: Hybrid Reader (Dispatcher) Started.
2026-03-04 17:07:58,412 [INFO] drivers.HinsFog: Software RCS updated: [0.0, -1.0, 0.0, 1.0, 0.0, 0.0, 0.0, 0.0, 1.0]
2026-03-04 17:07:59,864 [INFO] main.drivers.HinsHybrid: [HinsHybrid] Thread stop requested.
2026-03-04 17:08:00,639 [INFO] main.drivers.HinsHybrid: [HinsHybrid] Thread stop requested.
2026-03-04 17:08:00,640 [INFO] main.drivers.HinsHybrid: [HinsHybrid] Thread stop requested.
2026-03-04 17:08:00,741 [INFO] myLib.mySerial.Connector.myLib.mySerial.Connector: COM8 is disconnected
2026-03-04 22:38:32,457 [INFO] pigImu_Widget.pigImu_Widget: pigImu_Widget logger start
2026-03-04 22:38:32,483 [INFO] myLib.myGui.graph.myLib.myGui.graph: myLib.myGui.graph logger start
2026-03-04 22:38:33,299 [INFO] myLib.common.myLib.common: myLib.common logger start
2026-03-04 22:38:33,300 [INFO] myLib.myGui.mygui_serial.myLib.myGui.mygui_serial: myLib.myGui.mygui_serial logger start
2026-03-04 22:38:33,301 [INFO] myLib.myGui.myLabel.myLib.myGui.myLabel: myLib.myGui.myLabel logger start
2026-03-04 22:38:33,303 [INFO] myLib.myGui.myLineEdit.myLib.myGui.myLineEdit: myLib.myGui.myLineEdit logger start
2026-03-04 22:38:33,303 [INFO] myLib.myGui.myCheckBox.myLib.myGui.myCheckBox: myLib.myGui.myCheckBox logger start
2026-03-04 22:38:33,304 [INFO] myLib.myGui.myRadioButton.myLib.myGui.myRadioButton: myLib.myGui.myRadioButton logger start
2026-03-04 22:38:33,305 [INFO] record_Log: record_Log logger start
2026-03-04 22:38:33,318 [INFO] myLib.myGui.AttitudeIndicator.myLib.myGui.AttitudeIndicator: myLib.myGui.AttitudeIndicator logger start
2026-03-04 22:38:33,321 [INFO] myLib.myGui.pig_menu_manager.myLib.myGui.pig_menu_manager: myLib.myGui.pig_menu_manager logger start
2026-03-04 22:38:33,326 [INFO] myLib.mySerial.Connector.myLib.mySerial.Connector: myLib.mySerial.Connector logger start
2026-03-04 22:38:33,334 [INFO] myLib.myGui.myComboBox.myLib.myGui.myComboBox: myLib.myGui.myComboBox logger start
2026-03-04 22:38:33,335 [INFO] drivers.hins_fog_imu.widgets.pig_parameters_widget.drivers.hins_fog_imu.widgets.pig_parameters_widget: drivers.hins_fog_imu.widgets.pig_parameters_widget logger start
2026-03-04 22:38:33,338 [INFO] drivers.hins_fog_imu.widgets.pig_W_A_calibration_parameter_widget.drivers.hins_fog_imu.widgets.pig_W_A_calibration_parameter_widget: drivers.hins_fog_imu.widgets.pig_W_A_calibration_parameter_widget logger start
2026-03-04 22:38:33,340 [INFO] drivers.hins_fog_imu.widgets.pig_version_widget.drivers.hins_fog_imu.widgets.pig_version_widget: drivers.hins_fog_imu.widgets.pig_version_widget logger start
2026-03-04 22:38:33,347 [INFO] myLib.crcCalculator.crcLib.myLib.crcCalculator.crcLib: myLib.crcCalculator.crcLib logger start
2026-03-04 22:38:34,922 [INFO] Main: Port Selected: COM5
2026-03-04 22:38:34,923 [INFO] Main: Port Selected: COM5
2026-03-04 22:38:36,412 [INFO] Main: Port Selected: COM8
2026-03-04 22:38:36,974 [INFO] Main: Connecting to COM8 at 230400...
2026-03-04 22:38:36,980 [INFO] myLib.mySerial.Connector.myLib.mySerial.Connector: COM8 is connected
2026-03-04 22:38:36,982 [INFO] drivers.HinsGnss: Connector set and input buffer flushed.
2026-03-04 22:38:36,983 [INFO] drivers.HinsGnss: Connector set and input buffer flushed.
2026-03-04 22:38:36,983 [INFO] Main: Connection established. Synchronizing configuration...
2026-03-04 22:38:36,985 [INFO] main.drivers.HinsHybrid: Hybrid Reader (Dispatcher) Started.
2026-03-04 22:38:37,538 [INFO] drivers.HinsFog: Software RCS updated: [0.0, -1.0, 0.0, 1.0, 0.0, 0.0, 0.0, 0.0, 1.0]
2026-03-04 22:39:36,523 [INFO] main.drivers.HinsHybrid: [HinsHybrid] Thread stop requested.
2026-03-04 22:39:37,094 [INFO] main.drivers.HinsHybrid: [HinsHybrid] Thread stop requested.
2026-03-04 22:39:37,095 [INFO] main.drivers.HinsHybrid: [HinsHybrid] Thread stop requested.
2026-03-04 22:39:37,199 [INFO] myLib.mySerial.Connector.myLib.mySerial.Connector: COM8 is disconnected
2026-03-04 22:40:07,415 [INFO] Main: Connecting to COM8 at 230400...
2026-03-04 22:40:07,422 [INFO] myLib.mySerial.Connector.myLib.mySerial.Connector: COM8 is connected
2026-03-04 22:40:07,423 [INFO] drivers.HinsGnss: Connector set and input buffer flushed.
2026-03-04 22:40:07,424 [INFO] drivers.HinsGnss: Connector set and input buffer flushed.
2026-03-04 22:40:07,425 [INFO] Main: Connection established. Synchronizing configuration...
2026-03-04 22:40:07,427 [INFO] main.drivers.HinsHybrid: Hybrid Reader (Dispatcher) Started.
2026-03-04 22:40:08,050 [INFO] drivers.HinsFog: Software RCS updated: [0.0, -1.0, 0.0, 1.0, 0.0, 0.0, 0.0, 0.0, 1.0]
2026-03-04 22:40:08,257 [INFO] Main: Restarting Hybrid Reader Thread...
2026-03-04 22:40:08,268 [INFO] main.drivers.HinsHybrid: Hybrid Reader (Dispatcher) Started.
2026-03-04 22:41:04,202 [INFO] main.drivers.HinsHybrid: [HinsHybrid] Thread stop requested.
2026-03-04 22:41:04,997 [INFO] main.drivers.HinsHybrid: [HinsHybrid] Thread stop requested.
2026-03-04 22:41:04,998 [INFO] main.drivers.HinsHybrid: [HinsHybrid] Thread stop requested.
2026-03-04 22:41:05,103 [INFO] myLib.mySerial.Connector.myLib.mySerial.Connector: COM8 is disconnected
2026-03-04 22:41:42,047 [INFO] Main: Connecting to COM8 at 230400...
2026-03-04 22:41:42,054 [INFO] myLib.mySerial.Connector.myLib.mySerial.Connector: COM8 is connected
2026-03-04 22:41:42,056 [INFO] drivers.HinsGnss: Connector set and input buffer flushed.
2026-03-04 22:41:42,057 [INFO] drivers.HinsGnss: Connector set and input buffer flushed.
2026-03-04 22:41:42,058 [INFO] Main: Connection established. Synchronizing configuration...
2026-03-04 22:41:42,060 [INFO] main.drivers.HinsHybrid: Hybrid Reader (Dispatcher) Started.
2026-03-04 22:41:42,682 [INFO] drivers.HinsFog: Software RCS updated: [0.0, -1.0, 0.0, 1.0, 0.0, 0.0, 0.0, 0.0, 1.0]
2026-03-04 22:41:44,614 [INFO] Main: Restarting Hybrid Reader Thread...
2026-03-04 22:41:44,626 [INFO] main.drivers.HinsHybrid: Hybrid Reader (Dispatcher) Started.
2026-03-04 22:43:37,433 [INFO] main.drivers.HinsHybrid: [HinsHybrid] Thread stop requested.
2026-03-04 22:43:38,064 [INFO] main.drivers.HinsHybrid: [HinsHybrid] Thread stop requested.
2026-03-04 22:43:38,065 [INFO] main.drivers.HinsHybrid: [HinsHybrid] Thread stop requested.
2026-03-04 22:43:38,178 [INFO] myLib.mySerial.Connector.myLib.mySerial.Connector: COM8 is disconnected
2026-03-04 22:55:08,878 [INFO] pigImu_Widget.pigImu_Widget: pigImu_Widget logger start
2026-03-04 22:55:08,905 [INFO] myLib.myGui.graph.myLib.myGui.graph: myLib.myGui.graph logger start
2026-03-04 22:55:09,722 [INFO] myLib.common.myLib.common: myLib.common logger start
2026-03-04 22:55:09,723 [INFO] myLib.myGui.mygui_serial.myLib.myGui.mygui_serial: myLib.myGui.mygui_serial logger start
2026-03-04 22:55:09,724 [INFO] myLib.myGui.myLabel.myLib.myGui.myLabel: myLib.myGui.myLabel logger start
2026-03-04 22:55:09,724 [INFO] myLib.myGui.myLineEdit.myLib.myGui.myLineEdit: myLib.myGui.myLineEdit logger start
2026-03-04 22:55:09,726 [INFO] myLib.myGui.myCheckBox.myLib.myGui.myCheckBox: myLib.myGui.myCheckBox logger start
2026-03-04 22:55:09,727 [INFO] myLib.myGui.myRadioButton.myLib.myGui.myRadioButton: myLib.myGui.myRadioButton logger start
2026-03-04 22:55:09,728 [INFO] record_Log: record_Log logger start
2026-03-04 22:55:09,740 [INFO] myLib.myGui.AttitudeIndicator.myLib.myGui.AttitudeIndicator: myLib.myGui.AttitudeIndicator logger start
2026-03-04 22:55:09,744 [INFO] myLib.myGui.pig_menu_manager.myLib.myGui.pig_menu_manager: myLib.myGui.pig_menu_manager logger start
2026-03-04 22:55:09,749 [INFO] myLib.mySerial.Connector.myLib.mySerial.Connector: myLib.mySerial.Connector logger start
2026-03-04 22:55:09,756 [INFO] myLib.myGui.myComboBox.myLib.myGui.myComboBox: myLib.myGui.myComboBox logger start
2026-03-04 22:55:09,757 [INFO] drivers.hins_fog_imu.widgets.pig_parameters_widget.drivers.hins_fog_imu.widgets.pig_parameters_widget: drivers.hins_fog_imu.widgets.pig_parameters_widget logger start
2026-03-04 22:55:09,761 [INFO] drivers.hins_fog_imu.widgets.pig_W_A_calibration_parameter_widget.drivers.hins_fog_imu.widgets.pig_W_A_calibration_parameter_widget: drivers.hins_fog_imu.widgets.pig_W_A_calibration_parameter_widget logger start
2026-03-04 22:55:09,763 [INFO] drivers.hins_fog_imu.widgets.pig_version_widget.drivers.hins_fog_imu.widgets.pig_version_widget: drivers.hins_fog_imu.widgets.pig_version_widget logger start
2026-03-04 22:55:09,771 [INFO] myLib.crcCalculator.crcLib.myLib.crcCalculator.crcLib: myLib.crcCalculator.crcLib logger start
2026-03-04 22:55:11,071 [INFO] Main: Port Selected: COM5
2026-03-04 22:55:11,073 [INFO] Main: Port Selected: COM5
2026-03-04 22:55:12,762 [INFO] Main: Port Selected: COM8
2026-03-04 22:55:13,339 [INFO] Main: Connecting to COM8 at 230400...
2026-03-04 22:55:13,344 [INFO] myLib.mySerial.Connector.myLib.mySerial.Connector: COM8 is connected
2026-03-04 22:55:13,345 [INFO] drivers.HinsGnss: Connector set and input buffer flushed.
2026-03-04 22:55:13,345 [INFO] drivers.HinsGnss: Connector set and input buffer flushed.
2026-03-04 22:55:13,346 [INFO] Main: Connection established. Synchronizing configuration...
2026-03-04 22:55:13,347 [INFO] main.drivers.HinsHybrid: Hybrid Reader (Dispatcher) Started.
2026-03-04 22:55:13,915 [INFO] drivers.HinsFog: Software RCS updated: [0.0, -1.0, 0.0, 1.0, 0.0, 0.0, 0.0, 0.0, 1.0]
2026-03-04 22:55:14,157 [ERROR] myLib.mySerial.Connector.myLib.mySerial.Connector: serial read timeout: check if the input power is ON, close the GUI and re-excute.
2026-03-04 22:57:05,829 [INFO] main.drivers.HinsHybrid: [HinsHybrid] Thread stop requested.
2026-03-04 22:57:06,744 [INFO] main.drivers.HinsHybrid: [HinsHybrid] Thread stop requested.
2026-03-04 22:57:06,745 [INFO] main.drivers.HinsHybrid: [HinsHybrid] Thread stop requested.
2026-03-04 22:57:06,850 [INFO] myLib.mySerial.Connector.myLib.mySerial.Connector: COM8 is disconnected
2026-03-04 22:57:18,819 [INFO] Main: Connecting to COM8 at 230400...
2026-03-04 22:57:18,824 [INFO] myLib.mySerial.Connector.myLib.mySerial.Connector: COM8 is connected
2026-03-04 22:57:18,826 [INFO] drivers.HinsGnss: Connector set and input buffer flushed.
2026-03-04 22:57:18,827 [INFO] drivers.HinsGnss: Connector set and input buffer flushed.
2026-03-04 22:57:18,827 [INFO] Main: Connection established. Synchronizing configuration...
2026-03-04 22:57:18,829 [INFO] main.drivers.HinsHybrid: Hybrid Reader (Dispatcher) Started.
2026-03-04 22:57:19,401 [INFO] drivers.HinsFog: Software RCS updated: [0.0, -1.0, 0.0, 1.0, 0.0, 0.0, 0.0, 0.0, 1.0]
2026-03-04 22:57:21,161 [INFO] Main: Restarting Hybrid Reader Thread...
2026-03-04 22:57:21,180 [INFO] main.drivers.HinsHybrid: Hybrid Reader (Dispatcher) Started.
2026-03-04 22:57:26,628 [INFO] main.drivers.HinsHybrid: [HinsHybrid] Thread stop requested.
2026-03-04 22:57:30,692 [INFO] drivers.HinsFog: Software RCS updated: [0.0, -1.0, 0.0, 1.0, 0.0, 0.0, 0.0, 0.0, 1.0]
2026-03-04 22:57:36,819 [INFO] Main: Restarting Hybrid Reader Thread...
2026-03-04 22:57:36,828 [INFO] main.drivers.HinsHybrid: Hybrid Reader (Dispatcher) Started.
2026-03-04 22:57:45,445 [INFO] main.drivers.HinsHybrid: [HinsHybrid] Thread stop requested.
2026-03-04 22:57:47,426 [INFO] main.drivers.HinsHybrid: [HinsHybrid] Thread stop requested.
2026-03-04 22:57:47,428 [INFO] main.drivers.HinsHybrid: [HinsHybrid] Thread stop requested.
2026-03-04 22:57:47,544 [INFO] myLib.mySerial.Connector.myLib.mySerial.Connector: COM8 is disconnected
