2026-02-02 10:19:50,653 [INFO] pigImu_Widget.pigImu_Widget: pigImu_Widget logger start
2026-02-02 10:19:50,688 [INFO] myLib.myGui.graph.myLib.myGui.graph: myLib.myGui.graph logger start
2026-02-02 10:19:59,631 [INFO] myLib.common.myLib.common: myLib.common logger start
2026-02-02 10:19:59,652 [INFO] myLib.myGui.mygui_serial.myLib.myGui.mygui_serial: myLib.myGui.mygui_serial logger start
2026-02-02 10:19:59,662 [INFO] myLib.myGui.myLabel.myLib.myGui.myLabel: myLib.myGui.myLabel logger start
2026-02-02 10:19:59,675 [INFO] myLib.myGui.myLineEdit.myLib.myGui.myLineEdit: myLib.myGui.myLineEdit logger start
2026-02-02 10:19:59,687 [INFO] myLib.myGui.myCheckBox.myLib.myGui.myCheckBox: myLib.myGui.myCheckBox logger start
2026-02-02 10:19:59,698 [INFO] myLib.myGui.myRadioButton.myLib.myGui.myRadioButton: myLib.myGui.myRadioButton logger start
2026-02-02 10:19:59,710 [INFO] record_Log: record_Log logger start
2026-02-02 10:19:59,844 [INFO] myLib.myGui.AttitudeIndicator.myLib.myGui.AttitudeIndicator: myLib.myGui.AttitudeIndicator logger start
2026-02-02 10:19:59,867 [INFO] myLib.myGui.pig_menu_manager.myLib.myGui.pig_menu_manager: myLib.myGui.pig_menu_manager logger start
2026-02-02 10:19:59,929 [INFO] myLib.mySerial.Connector.myLib.mySerial.Connector: myLib.mySerial.Connector logger start
2026-02-02 10:19:59,978 [INFO] myLib.myGui.myComboBox.myLib.myGui.myComboBox: myLib.myGui.myComboBox logger start
2026-02-02 10:19:59,989 [INFO] drivers.hins_fog_imu.widgets.pig_parameters_widget.drivers.hins_fog_imu.widgets.pig_parameters_widget: drivers.hins_fog_imu.widgets.pig_parameters_widget logger start
2026-02-02 10:20:00,004 [INFO] drivers.hins_fog_imu.widgets.pig_W_A_calibration_parameter_widget.drivers.hins_fog_imu.widgets.pig_W_A_calibration_parameter_widget: drivers.hins_fog_imu.widgets.pig_W_A_calibration_parameter_widget logger start
2026-02-02 10:20:00,018 [INFO] drivers.hins_fog_imu.widgets.pig_version_widget.drivers.hins_fog_imu.widgets.pig_version_widget: drivers.hins_fog_imu.widgets.pig_version_widget logger start
2026-02-02 10:20:00,033 [INFO] drivers.hins_fog_imu.widgets.pig_configuration_widget.drivers.hins_fog_imu.widgets.pig_configuration_widget: drivers.hins_fog_imu.widgets.pig_configuration_widget logger start
2026-02-02 10:20:00,122 [INFO] myLib.crcCalculator.crcLib.myLib.crcCalculator.crcLib: myLib.crcCalculator.crcLib logger start
2026-02-02 10:20:04,152 [INFO] Main: Port Selected: COM15
2026-02-02 10:20:04,153 [INFO] Main: Port Selected: COM15
2026-02-02 10:20:06,199 [INFO] Main: Port Selected: COM9
2026-02-02 10:20:07,001 [INFO] Main: Connecting to COM9 at 230400...
2026-02-02 10:20:07,013 [INFO] myLib.mySerial.Connector.myLib.mySerial.Connector: COM9 is connected
2026-02-02 10:20:07,014 [INFO] drivers.HinsGnss: Connector set and input buffer flushed.
2026-02-02 10:20:07,015 [INFO] drivers.HinsGnss: Connector set and input buffer flushed.
2026-02-02 10:20:07,016 [INFO] main.drivers.HinsHybrid: Hybrid Reader (Dispatcher) Started.
2026-02-02 10:20:22,189 [INFO] main.drivers.HinsHybrid: [HinsHybrid] Thread stop requested.
2026-02-02 10:20:27,568 [INFO] main.drivers.HinsHybrid: [HinsHybrid] Thread stop requested.
2026-02-02 10:20:27,569 [INFO] main.drivers.HinsHybrid: [HinsHybrid] Thread stop requested.
2026-02-02 10:20:27,591 [INFO] myLib.mySerial.Connector.myLib.mySerial.Connector: COM9 is disconnected
