2026-03-22 21:32:29,275 [INFO] pigImu_Widget.pigImu_Widget: pigImu_Widget logger start
2026-03-22 21:32:29,316 [INFO] myLib.myGui.graph.myLib.myGui.graph: myLib.myGui.graph logger start
2026-03-22 21:32:37,044 [INFO] myLib.common.myLib.common: myLib.common logger start
2026-03-22 21:32:37,066 [INFO] myLib.myGui.mygui_serial.myLib.myGui.mygui_serial: myLib.myGui.mygui_serial logger start
2026-03-22 21:32:37,078 [INFO] myLib.myGui.myLabel.myLib.myGui.myLabel: myLib.myGui.myLabel logger start
2026-03-22 21:32:37,090 [INFO] myLib.myGui.myLineEdit.myLib.myGui.myLineEdit: myLib.myGui.myLineEdit logger start
2026-03-22 21:32:37,100 [INFO] myLib.myGui.myCheckBox.myLib.myGui.myCheckBox: myLib.myGui.myCheckBox logger start
2026-03-22 21:32:37,111 [INFO] myLib.myGui.myRadioButton.myLib.myGui.myRadioButton: myLib.myGui.myRadioButton logger start
2026-03-22 21:32:37,122 [INFO] record_Log: record_Log logger start
2026-03-22 21:32:37,269 [INFO] myLib.myGui.AttitudeIndicator.myLib.myGui.AttitudeIndicator: myLib.myGui.AttitudeIndicator logger start
2026-03-22 21:32:37,289 [INFO] myLib.myGui.pig_menu_manager.myLib.myGui.pig_menu_manager: myLib.myGui.pig_menu_manager logger start
2026-03-22 21:32:37,348 [INFO] myLib.mySerial.Connector.myLib.mySerial.Connector: myLib.mySerial.Connector logger start
2026-03-22 21:32:37,400 [INFO] drivers.hins_fog_imu.widgets.pig_parameters_widget.drivers.hins_fog_imu.widgets.pig_parameters_widget: drivers.hins_fog_imu.widgets.pig_parameters_widget logger start
2026-03-22 21:32:37,402 [INFO] myLib.myGui.myComboBox.myLib.myGui.myComboBox: myLib.myGui.myComboBox logger start
2026-03-22 21:32:37,423 [INFO] drivers.hins_fog_imu.widgets.pig_W_A_calibration_parameter_widget.drivers.hins_fog_imu.widgets.pig_W_A_calibration_parameter_widget: drivers.hins_fog_imu.widgets.pig_W_A_calibration_parameter_widget logger start
2026-03-22 21:32:37,436 [INFO] drivers.hins_fog_imu.widgets.pig_version_widget.drivers.hins_fog_imu.widgets.pig_version_widget: drivers.hins_fog_imu.widgets.pig_version_widget logger start
2026-03-22 21:32:37,520 [INFO] myLib.crcCalculator.crcLib.myLib.crcCalculator.crcLib: myLib.crcCalculator.crcLib logger start
2026-03-22 21:32:45,975 [INFO] Main: Port Selected: COM5
2026-03-22 21:32:45,977 [INFO] Main: Port Selected: COM5
2026-03-22 21:32:47,839 [INFO] Main: Port Selected: COM8
2026-03-22 21:32:48,458 [INFO] Main: Connecting to COM8 at 230400...
2026-03-22 21:32:48,718 [INFO] myLib.mySerial.Connector.myLib.mySerial.Connector: COM8 is connected
2026-03-22 21:32:48,721 [INFO] drivers.HinsGnss: Connector set and input buffer flushed.
2026-03-22 21:32:48,722 [INFO] drivers.HinsGnss: Connector set and input buffer flushed.
2026-03-22 21:32:48,723 [INFO] Main: Connection established. Synchronizing configuration...
2026-03-22 21:32:48,723 [INFO] main.drivers.HinsHybrid: Hybrid Reader (Dispatcher) Started.
2026-03-22 21:32:49,223 [INFO] Main: Pausing Reader for configuration sync...
2026-03-22 21:32:49,224 [INFO] main.drivers.HinsHybrid: [HinsHybrid] Thread stop requested.
2026-03-22 21:32:49,525 [INFO] Main: Syncing Configuration...
2026-03-22 21:32:49,596 [INFO] drivers.HinsFog: Software RCS updated: [0.0, -1.0, 0.0, 1.0, 0.0, 0.0, 0.0, 0.0, 1.0]
2026-03-22 21:32:49,698 [INFO] Main: Resuming Hybrid Reader...
2026-03-22 21:32:49,699 [INFO] main.drivers.HinsHybrid: Hybrid Reader (Dispatcher) Started.
2026-03-22 21:33:23,410 [INFO] main.drivers.HinsHybrid: [HinsHybrid] Thread stop requested.
2026-03-22 21:33:24,225 [INFO] main.drivers.HinsHybrid: [HinsHybrid] Thread stop requested.
2026-03-22 21:33:24,226 [INFO] main.drivers.HinsHybrid: [HinsHybrid] Thread stop requested.
2026-03-22 21:33:24,334 [INFO] myLib.mySerial.Connector.myLib.mySerial.Connector: COM8 is disconnected
2026-03-22 21:34:08,343 [INFO] Main: Connecting to COM8 at 230400...
2026-03-22 21:34:08,349 [INFO] myLib.mySerial.Connector.myLib.mySerial.Connector: COM8 is connected
2026-03-22 21:34:08,350 [INFO] drivers.HinsGnss: Connector set and input buffer flushed.
2026-03-22 21:34:08,350 [INFO] drivers.HinsGnss: Connector set and input buffer flushed.
2026-03-22 21:34:08,351 [INFO] Main: Connection established. Synchronizing configuration...
2026-03-22 21:34:08,352 [INFO] main.drivers.HinsHybrid: Hybrid Reader (Dispatcher) Started.
2026-03-22 21:34:08,842 [INFO] Main: Pausing Reader for configuration sync...
2026-03-22 21:34:08,848 [INFO] main.drivers.HinsHybrid: [HinsHybrid] Thread stop requested.
2026-03-22 21:34:09,149 [INFO] Main: Syncing Configuration...
2026-03-22 21:34:09,217 [INFO] drivers.HinsFog: Software RCS updated: [0.0, -1.0, 0.0, 1.0, 0.0, 0.0, 0.0, 0.0, 1.0]
2026-03-22 21:34:09,318 [INFO] Main: Resuming Hybrid Reader...
2026-03-22 21:34:09,320 [INFO] main.drivers.HinsHybrid: Hybrid Reader (Dispatcher) Started.
2026-03-22 21:34:16,391 [INFO] main.drivers.HinsHybrid: [HinsHybrid] Thread stop requested.
2026-03-22 21:34:19,791 [INFO] main.drivers.HinsHybrid: [HinsHybrid] Thread stop requested.
2026-03-22 21:34:19,792 [INFO] main.drivers.HinsHybrid: [HinsHybrid] Thread stop requested.
2026-03-22 21:34:19,895 [INFO] myLib.mySerial.Connector.myLib.mySerial.Connector: COM8 is disconnected
2026-03-22 21:38:53,845 [INFO] Main: Connecting to COM8 at 230400...
2026-03-22 21:38:53,846 [ERROR] myLib.mySerial.Connector.myLib.mySerial.Connector: IOError, the device: COM8 can not be found or can not be configured!
2026-03-22 21:38:59,416 [INFO] Main: Connecting to COM8 at 230400...
2026-03-22 21:38:59,421 [INFO] myLib.mySerial.Connector.myLib.mySerial.Connector: COM8 is connected
2026-03-22 21:38:59,422 [INFO] drivers.HinsGnss: Connector set and input buffer flushed.
2026-03-22 21:38:59,423 [INFO] drivers.HinsGnss: Connector set and input buffer flushed.
2026-03-22 21:38:59,423 [INFO] Main: Connection established. Synchronizing configuration...
2026-03-22 21:38:59,426 [INFO] main.drivers.HinsHybrid: Hybrid Reader (Dispatcher) Started.
2026-03-22 21:38:59,926 [INFO] Main: Pausing Reader for configuration sync...
2026-03-22 21:38:59,927 [INFO] main.drivers.HinsHybrid: [HinsHybrid] Thread stop requested.
2026-03-22 21:39:00,229 [INFO] Main: Syncing Configuration...
2026-03-22 21:39:00,336 [INFO] drivers.HinsFog: Software RCS updated: [0.0, -1.0, 0.0, 1.0, 0.0, 0.0, 0.0, 0.0, 1.0]
2026-03-22 21:39:00,438 [INFO] Main: Resuming Hybrid Reader...
2026-03-22 21:39:00,441 [INFO] main.drivers.HinsHybrid: Hybrid Reader (Dispatcher) Started.
2026-03-22 21:39:04,097 [INFO] main.drivers.HinsHybrid: [HinsHybrid] Thread stop requested.
2026-03-22 21:39:12,804 [INFO] main.drivers.HinsHybrid: [HinsHybrid] Thread stop requested.
2026-03-22 21:39:12,805 [INFO] main.drivers.HinsHybrid: [HinsHybrid] Thread stop requested.
2026-03-22 21:39:12,913 [INFO] myLib.mySerial.Connector.myLib.mySerial.Connector: COM8 is disconnected
2026-03-22 21:39:27,505 [INFO] Main: Connecting to COM8 at 230400...
2026-03-22 21:39:27,506 [ERROR] myLib.mySerial.Connector.myLib.mySerial.Connector: IOError, the device: COM8 can not be found or can not be configured!
2026-03-22 21:39:48,153 [INFO] Main: Connecting to COM8 at 230400...
2026-03-22 21:39:48,158 [INFO] myLib.mySerial.Connector.myLib.mySerial.Connector: COM8 is connected
2026-03-22 21:39:48,160 [INFO] drivers.HinsGnss: Connector set and input buffer flushed.
2026-03-22 21:39:48,160 [INFO] drivers.HinsGnss: Connector set and input buffer flushed.
2026-03-22 21:39:48,161 [INFO] Main: Connection established. Synchronizing configuration...
2026-03-22 21:39:48,161 [INFO] main.drivers.HinsHybrid: Hybrid Reader (Dispatcher) Started.
2026-03-22 21:39:48,654 [INFO] Main: Pausing Reader for configuration sync...
2026-03-22 21:39:48,655 [INFO] main.drivers.HinsHybrid: [HinsHybrid] Thread stop requested.
2026-03-22 21:39:48,956 [INFO] Main: Syncing Configuration...
2026-03-22 21:39:48,959 [WARNING] myLib.mySerial.Connector.myLib.mySerial.Connector: DIAGNOSIS: Found 0xFA after discarding 279 bytes
2026-03-22 21:39:49,758 [ERROR] root: Configuration dump failed.
2026-03-22 21:39:49,859 [INFO] Main: Resuming Hybrid Reader...
2026-03-22 21:39:49,861 [INFO] main.drivers.HinsHybrid: Hybrid Reader (Dispatcher) Started.
2026-03-22 21:39:53,622 [INFO] main.drivers.HinsHybrid: [HinsHybrid] Thread stop requested.
2026-03-22 21:39:54,843 [INFO] Main: Restarting Hybrid Reader Thread...
2026-03-22 21:39:54,856 [INFO] main.drivers.HinsHybrid: Hybrid Reader (Dispatcher) Started.
2026-03-22 21:39:56,186 [INFO] main.drivers.HinsHybrid: [HinsHybrid] Thread stop requested.
2026-03-22 21:39:57,324 [INFO] main.drivers.HinsHybrid: [HinsHybrid] Thread stop requested.
2026-03-22 21:39:57,325 [INFO] main.drivers.HinsHybrid: [HinsHybrid] Thread stop requested.
2026-03-22 21:39:57,427 [INFO] myLib.mySerial.Connector.myLib.mySerial.Connector: COM8 is disconnected
2026-03-22 21:40:38,157 [INFO] Main: Connecting to COM8 at 230400...
2026-03-22 21:40:38,161 [INFO] myLib.mySerial.Connector.myLib.mySerial.Connector: COM8 is connected
2026-03-22 21:40:38,162 [INFO] drivers.HinsGnss: Connector set and input buffer flushed.
2026-03-22 21:40:38,162 [INFO] drivers.HinsGnss: Connector set and input buffer flushed.
2026-03-22 21:40:38,163 [INFO] Main: Connection established. Synchronizing configuration...
2026-03-22 21:40:38,164 [INFO] main.drivers.HinsHybrid: Hybrid Reader (Dispatcher) Started.
2026-03-22 21:40:38,656 [INFO] Main: Pausing Reader for configuration sync...
2026-03-22 21:40:38,657 [INFO] main.drivers.HinsHybrid: [HinsHybrid] Thread stop requested.
2026-03-22 21:40:38,959 [INFO] Main: Syncing Configuration...
2026-03-22 21:40:38,965 [WARNING] myLib.mySerial.Connector.myLib.mySerial.Connector: DIAGNOSIS: Found 0xFA after discarding 321 bytes
2026-03-22 21:40:39,766 [ERROR] root: Configuration dump failed.
2026-03-22 21:40:39,868 [INFO] Main: Resuming Hybrid Reader...
2026-03-22 21:40:39,870 [INFO] main.drivers.HinsHybrid: Hybrid Reader (Dispatcher) Started.
2026-03-22 21:40:46,617 [INFO] main.drivers.HinsHybrid: [HinsHybrid] Thread stop requested.
2026-03-22 21:40:47,608 [INFO] main.drivers.HinsHybrid: [HinsHybrid] Thread stop requested.
2026-03-22 21:40:47,609 [INFO] main.drivers.HinsHybrid: [HinsHybrid] Thread stop requested.
2026-03-22 21:40:47,724 [INFO] myLib.mySerial.Connector.myLib.mySerial.Connector: COM8 is disconnected
2026-03-22 21:42:56,006 [INFO] pigImu_Widget.pigImu_Widget: pigImu_Widget logger start
2026-03-22 21:42:56,031 [INFO] myLib.myGui.graph.myLib.myGui.graph: myLib.myGui.graph logger start
2026-03-22 21:42:56,788 [INFO] myLib.common.myLib.common: myLib.common logger start
2026-03-22 21:42:56,789 [INFO] myLib.myGui.mygui_serial.myLib.myGui.mygui_serial: myLib.myGui.mygui_serial logger start
2026-03-22 21:42:56,790 [INFO] myLib.myGui.myLabel.myLib.myGui.myLabel: myLib.myGui.myLabel logger start
2026-03-22 21:42:56,791 [INFO] myLib.myGui.myLineEdit.myLib.myGui.myLineEdit: myLib.myGui.myLineEdit logger start
2026-03-22 21:42:56,792 [INFO] myLib.myGui.myCheckBox.myLib.myGui.myCheckBox: myLib.myGui.myCheckBox logger start
2026-03-22 21:42:56,793 [INFO] myLib.myGui.myRadioButton.myLib.myGui.myRadioButton: myLib.myGui.myRadioButton logger start
2026-03-22 21:42:56,794 [INFO] record_Log: record_Log logger start
2026-03-22 21:42:56,805 [INFO] myLib.myGui.AttitudeIndicator.myLib.myGui.AttitudeIndicator: myLib.myGui.AttitudeIndicator logger start
2026-03-22 21:42:56,809 [INFO] myLib.myGui.pig_menu_manager.myLib.myGui.pig_menu_manager: myLib.myGui.pig_menu_manager logger start
2026-03-22 21:42:56,813 [INFO] myLib.mySerial.Connector.myLib.mySerial.Connector: myLib.mySerial.Connector logger start
2026-03-22 21:42:56,818 [INFO] drivers.hins_fog_imu.widgets.pig_parameters_widget.drivers.hins_fog_imu.widgets.pig_parameters_widget: drivers.hins_fog_imu.widgets.pig_parameters_widget logger start
2026-03-22 21:42:56,820 [INFO] myLib.myGui.myComboBox.myLib.myGui.myComboBox: myLib.myGui.myComboBox logger start
2026-03-22 21:42:56,821 [INFO] drivers.hins_fog_imu.widgets.pig_W_A_calibration_parameter_widget.drivers.hins_fog_imu.widgets.pig_W_A_calibration_parameter_widget: drivers.hins_fog_imu.widgets.pig_W_A_calibration_parameter_widget logger start
2026-03-22 21:42:56,823 [INFO] drivers.hins_fog_imu.widgets.pig_version_widget.drivers.hins_fog_imu.widgets.pig_version_widget: drivers.hins_fog_imu.widgets.pig_version_widget logger start
2026-03-22 21:42:56,830 [INFO] myLib.crcCalculator.crcLib.myLib.crcCalculator.crcLib: myLib.crcCalculator.crcLib logger start
2026-03-22 21:42:58,567 [INFO] Main: Port Selected: COM5
2026-03-22 21:42:58,568 [INFO] Main: Port Selected: COM5
2026-03-22 21:43:00,447 [INFO] Main: Port Selected: COM8
2026-03-22 21:43:01,023 [INFO] Main: Connecting to COM8 at 230400...
2026-03-22 21:43:01,027 [INFO] myLib.mySerial.Connector.myLib.mySerial.Connector: COM8 is connected
2026-03-22 21:43:01,028 [INFO] drivers.HinsGnss: Connector set and input buffer flushed.
2026-03-22 21:43:01,028 [INFO] drivers.HinsGnss: Connector set and input buffer flushed.
2026-03-22 21:43:01,029 [INFO] Main: Connection established. Synchronizing configuration...
2026-03-22 21:43:01,031 [INFO] main.drivers.HinsHybrid: Hybrid Reader (Dispatcher) Started.
2026-03-22 21:43:01,539 [INFO] Main: Pausing Reader for configuration sync...
2026-03-22 21:43:01,540 [INFO] main.drivers.HinsHybrid: [HinsHybrid] Thread stop requested.
2026-03-22 21:43:01,842 [INFO] Main: Syncing Configuration...
2026-03-22 21:43:01,969 [INFO] drivers.HinsFog: Software RCS updated: [0.0, -1.0, 0.0, 1.0, 0.0, 0.0, 0.0, 0.0, 1.0]
2026-03-22 21:43:02,070 [INFO] Main: Resuming Hybrid Reader...
2026-03-22 21:43:02,071 [INFO] main.drivers.HinsHybrid: Hybrid Reader (Dispatcher) Started.
2026-03-22 21:47:20,511 [INFO] main.drivers.HinsHybrid: [HinsHybrid] Thread stop requested.
2026-03-22 21:47:41,527 [INFO] main.drivers.HinsHybrid: [HinsHybrid] Thread stop requested.
2026-03-22 21:47:41,527 [INFO] main.drivers.HinsHybrid: [HinsHybrid] Thread stop requested.
2026-03-22 21:47:41,637 [INFO] myLib.mySerial.Connector.myLib.mySerial.Connector: COM8 is disconnected
2026-03-22 21:47:45,083 [INFO] pigImu_Widget.pigImu_Widget: pigImu_Widget logger start
2026-03-22 21:47:45,105 [INFO] myLib.myGui.graph.myLib.myGui.graph: myLib.myGui.graph logger start
2026-03-22 21:47:45,819 [INFO] myLib.common.myLib.common: myLib.common logger start
2026-03-22 21:47:45,822 [INFO] myLib.myGui.mygui_serial.myLib.myGui.mygui_serial: myLib.myGui.mygui_serial logger start
2026-03-22 21:47:45,823 [INFO] myLib.myGui.myLabel.myLib.myGui.myLabel: myLib.myGui.myLabel logger start
2026-03-22 21:47:45,823 [INFO] myLib.myGui.myLineEdit.myLib.myGui.myLineEdit: myLib.myGui.myLineEdit logger start
2026-03-22 21:47:45,824 [INFO] myLib.myGui.myCheckBox.myLib.myGui.myCheckBox: myLib.myGui.myCheckBox logger start
2026-03-22 21:47:45,825 [INFO] myLib.myGui.myRadioButton.myLib.myGui.myRadioButton: myLib.myGui.myRadioButton logger start
2026-03-22 21:47:45,826 [INFO] record_Log: record_Log logger start
2026-03-22 21:47:45,838 [INFO] myLib.myGui.AttitudeIndicator.myLib.myGui.AttitudeIndicator: myLib.myGui.AttitudeIndicator logger start
2026-03-22 21:47:45,840 [INFO] myLib.myGui.pig_menu_manager.myLib.myGui.pig_menu_manager: myLib.myGui.pig_menu_manager logger start
2026-03-22 21:47:45,844 [INFO] myLib.mySerial.Connector.myLib.mySerial.Connector: myLib.mySerial.Connector logger start
2026-03-22 21:47:45,851 [INFO] drivers.hins_fog_imu.widgets.pig_parameters_widget.drivers.hins_fog_imu.widgets.pig_parameters_widget: drivers.hins_fog_imu.widgets.pig_parameters_widget logger start
2026-03-22 21:47:45,852 [INFO] myLib.myGui.myComboBox.myLib.myGui.myComboBox: myLib.myGui.myComboBox logger start
2026-03-22 21:47:45,853 [INFO] drivers.hins_fog_imu.widgets.pig_W_A_calibration_parameter_widget.drivers.hins_fog_imu.widgets.pig_W_A_calibration_parameter_widget: drivers.hins_fog_imu.widgets.pig_W_A_calibration_parameter_widget logger start
2026-03-22 21:47:45,855 [INFO] drivers.hins_fog_imu.widgets.pig_version_widget.drivers.hins_fog_imu.widgets.pig_version_widget: drivers.hins_fog_imu.widgets.pig_version_widget logger start
2026-03-22 21:47:45,863 [INFO] myLib.crcCalculator.crcLib.myLib.crcCalculator.crcLib: myLib.crcCalculator.crcLib logger start
2026-03-22 21:47:47,327 [INFO] Main: Port Selected: COM5
2026-03-22 21:47:47,328 [INFO] Main: Port Selected: COM5
2026-03-22 21:47:50,753 [INFO] Main: Port Selected: COM8
2026-03-22 21:47:51,260 [INFO] Main: Connecting to COM8 at 230400...
2026-03-22 21:47:51,264 [INFO] myLib.mySerial.Connector.myLib.mySerial.Connector: COM8 is connected
2026-03-22 21:47:51,264 [INFO] drivers.HinsGnss: Connector set and input buffer flushed.
2026-03-22 21:47:51,265 [INFO] drivers.HinsGnss: Connector set and input buffer flushed.
2026-03-22 21:47:51,265 [INFO] Main: Connection established. Synchronizing configuration...
2026-03-22 21:47:51,266 [INFO] main.drivers.HinsHybrid: Hybrid Reader (Dispatcher) Started.
2026-03-22 21:47:51,774 [INFO] Main: Pausing Reader for configuration sync...
2026-03-22 21:47:51,775 [INFO] main.drivers.HinsHybrid: [HinsHybrid] Thread stop requested.
2026-03-22 21:47:52,078 [INFO] Main: Syncing Configuration...
2026-03-22 21:47:52,205 [INFO] drivers.HinsFog: Software RCS updated: [0.0, -1.0, 0.0, 1.0, 0.0, 0.0, 0.0, 0.0, 1.0]
2026-03-22 21:47:52,306 [INFO] Main: Resuming Hybrid Reader...
2026-03-22 21:47:52,309 [INFO] main.drivers.HinsHybrid: Hybrid Reader (Dispatcher) Started.
2026-03-22 21:49:39,159 [INFO] main.drivers.HinsHybrid: [HinsHybrid] Thread stop requested.
2026-03-22 21:49:46,695 [INFO] Main: Restarting Hybrid Reader Thread...
2026-03-22 21:49:46,714 [INFO] main.drivers.HinsHybrid: Hybrid Reader (Dispatcher) Started.
2026-03-22 21:50:21,940 [INFO] main.drivers.HinsHybrid: [HinsHybrid] Thread stop requested.
2026-03-22 21:50:22,681 [INFO] main.drivers.HinsHybrid: [HinsHybrid] Thread stop requested.
2026-03-22 21:50:22,683 [INFO] main.drivers.HinsHybrid: [HinsHybrid] Thread stop requested.
2026-03-22 21:50:22,799 [INFO] myLib.mySerial.Connector.myLib.mySerial.Connector: COM8 is disconnected
2026-03-22 23:56:16,920 [INFO] pigImu_Widget.pigImu_Widget: pigImu_Widget logger start
2026-03-22 23:56:16,944 [INFO] myLib.myGui.graph.myLib.myGui.graph: myLib.myGui.graph logger start
2026-03-22 23:56:26,080 [INFO] myLib.common.myLib.common: myLib.common logger start
2026-03-22 23:56:26,097 [INFO] myLib.myGui.mygui_serial.myLib.myGui.mygui_serial: myLib.myGui.mygui_serial logger start
2026-03-22 23:56:26,110 [INFO] myLib.myGui.myLabel.myLib.myGui.myLabel: myLib.myGui.myLabel logger start
2026-03-22 23:56:26,124 [INFO] myLib.myGui.myLineEdit.myLib.myGui.myLineEdit: myLib.myGui.myLineEdit logger start
2026-03-22 23:56:26,125 [INFO] myLib.myGui.myCheckBox.myLib.myGui.myCheckBox: myLib.myGui.myCheckBox logger start
2026-03-22 23:56:26,126 [INFO] myLib.myGui.myRadioButton.myLib.myGui.myRadioButton: myLib.myGui.myRadioButton logger start
2026-03-22 23:56:26,136 [INFO] record_Log: record_Log logger start
2026-03-22 23:56:26,317 [INFO] myLib.myGui.AttitudeIndicator.myLib.myGui.AttitudeIndicator: myLib.myGui.AttitudeIndicator logger start
2026-03-22 23:56:26,340 [INFO] myLib.myGui.pig_menu_manager.myLib.myGui.pig_menu_manager: myLib.myGui.pig_menu_manager logger start
2026-03-22 23:56:26,395 [INFO] myLib.mySerial.Connector.myLib.mySerial.Connector: myLib.mySerial.Connector logger start
2026-03-22 23:56:26,462 [INFO] drivers.hins_fog_imu.widgets.pig_parameters_widget.drivers.hins_fog_imu.widgets.pig_parameters_widget: drivers.hins_fog_imu.widgets.pig_parameters_widget logger start
2026-03-22 23:56:26,463 [INFO] myLib.myGui.myComboBox.myLib.myGui.myComboBox: myLib.myGui.myComboBox logger start
2026-03-22 23:56:26,488 [INFO] drivers.hins_fog_imu.widgets.pig_W_A_calibration_parameter_widget.drivers.hins_fog_imu.widgets.pig_W_A_calibration_parameter_widget: drivers.hins_fog_imu.widgets.pig_W_A_calibration_parameter_widget logger start
2026-03-22 23:56:26,503 [INFO] drivers.hins_fog_imu.widgets.pig_version_widget.drivers.hins_fog_imu.widgets.pig_version_widget: drivers.hins_fog_imu.widgets.pig_version_widget logger start
2026-03-22 23:56:26,583 [INFO] myLib.crcCalculator.crcLib.myLib.crcCalculator.crcLib: myLib.crcCalculator.crcLib logger start
2026-03-22 23:56:31,940 [INFO] Main: Port Selected: COM5
2026-03-22 23:56:31,941 [INFO] Main: Port Selected: COM5
2026-03-22 23:56:33,610 [INFO] Main: Port Selected: COM8
2026-03-22 23:56:34,233 [INFO] Main: Connecting to COM8 at 230400...
2026-03-22 23:56:34,238 [INFO] myLib.mySerial.Connector.myLib.mySerial.Connector: COM8 is connected
2026-03-22 23:56:34,239 [INFO] drivers.HinsGnss: Connector set and input buffer flushed.
2026-03-22 23:56:34,239 [INFO] drivers.HinsGnss: Connector set and input buffer flushed.
2026-03-22 23:56:34,240 [INFO] Main: Connection established. Synchronizing configuration...
2026-03-22 23:56:34,240 [INFO] main.drivers.HinsHybrid: Hybrid Reader (Dispatcher) Started.
2026-03-22 23:56:34,743 [INFO] Main: Pausing Reader for configuration sync...
2026-03-22 23:56:34,745 [INFO] main.drivers.HinsHybrid: [HinsHybrid] Thread stop requested.
2026-03-22 23:56:35,046 [INFO] Main: Syncing Configuration...
2026-03-22 23:56:35,115 [INFO] drivers.HinsFog: Software RCS updated: [0.0, -1.0, 0.0, 1.0, 0.0, 0.0, 0.0, 0.0, 1.0]
2026-03-22 23:56:35,217 [INFO] Main: Resuming Hybrid Reader...
2026-03-22 23:56:35,219 [INFO] main.drivers.HinsHybrid: Hybrid Reader (Dispatcher) Started.
2026-03-22 23:56:37,487 [INFO] main.drivers.HinsHybrid: [HinsHybrid] Thread stop requested.
2026-03-22 23:56:38,096 [INFO] main.drivers.HinsHybrid: [HinsHybrid] Thread stop requested.
2026-03-22 23:56:38,097 [INFO] main.drivers.HinsHybrid: [HinsHybrid] Thread stop requested.
2026-03-22 23:56:38,204 [INFO] myLib.mySerial.Connector.myLib.mySerial.Connector: COM8 is disconnected
2026-03-22 23:57:32,807 [INFO] Main: Connecting to COM8 at 230400...
2026-03-22 23:57:32,812 [INFO] myLib.mySerial.Connector.myLib.mySerial.Connector: COM8 is connected
2026-03-22 23:57:32,813 [INFO] drivers.HinsGnss: Connector set and input buffer flushed.
2026-03-22 23:57:32,814 [INFO] drivers.HinsGnss: Connector set and input buffer flushed.
2026-03-22 23:57:32,814 [INFO] Main: Connection established. Synchronizing configuration...
2026-03-22 23:57:32,816 [INFO] main.drivers.HinsHybrid: Hybrid Reader (Dispatcher) Started.
2026-03-22 23:57:33,309 [INFO] Main: Pausing Reader for configuration sync...
2026-03-22 23:57:33,311 [INFO] main.drivers.HinsHybrid: [HinsHybrid] Thread stop requested.
2026-03-22 23:57:33,612 [INFO] Main: Syncing Configuration...
2026-03-22 23:57:33,737 [INFO] drivers.HinsFog: Software RCS updated: [0.0, -1.0, 0.0, 1.0, 0.0, 0.0, 0.0, 0.0, 1.0]
2026-03-22 23:57:33,839 [INFO] Main: Resuming Hybrid Reader...
2026-03-22 23:57:33,841 [INFO] main.drivers.HinsHybrid: Hybrid Reader (Dispatcher) Started.
2026-03-22 23:57:35,597 [INFO] main.drivers.HinsHybrid: [HinsHybrid] Thread stop requested.
2026-03-22 23:57:36,287 [INFO] main.drivers.HinsHybrid: [HinsHybrid] Thread stop requested.
2026-03-22 23:57:36,289 [INFO] main.drivers.HinsHybrid: [HinsHybrid] Thread stop requested.
2026-03-22 23:57:36,397 [INFO] myLib.mySerial.Connector.myLib.mySerial.Connector: COM8 is disconnected
