2022-06-13 10:48:43 - main.myLib.common - ERROR - file_manager: AttributeError
2022-06-13 10:48:46 - main.myLib.mySerial.Connector - ERROR - serial read timeout, check if the input power is ON !
2022-06-13 10:50:22 - main.myLib.common - ERROR - file_manager: AttributeError
2022-06-13 10:50:25 - main.myLib.mySerial.Connector - ERROR - serial read timeout, check if the input power is ON, close the GUI and re-excute.
2022-06-13 10:51:24 - main.myLib.common - ERROR - file_manager: AttributeError
2022-06-13 10:58:48 - main.myLib.common - ERROR - file_manager: AttributeError
2022-06-13 10:59:00 - main.myLib.common - ERROR - file_manager: AttributeError
2022-06-13 10:59:15 - main.myLib.common - ERROR - file_manager: AttributeError
2022-06-13 10:59:33 - main.myLib.common - ERROR - file_manager: AttributeError
2022-06-13 10:59:39 - main.myLib.common - ERROR - file_manager: AttributeError
2022-06-13 10:59:57 - main.myLib.common - ERROR - file_manager: AttributeError
2022-06-13 11:00:01 - main.myLib.common - ERROR - file_manager: AttributeError
2022-06-13 11:00:10 - main.myLib.common - ERROR - file_manager: AttributeError
2022-06-13 11:00:13 - main.myLib.common - ERROR - file_manager: AttributeError
2022-06-13 11:00:41 - main.myLib.common - ERROR - file_manager: AttributeError
2022-06-13 11:00:51 - main.myLib.common - ERROR - file_manager: AttributeError
2022-06-13 11:01:06 - main.myLib.common - ERROR - file_manager: AttributeError
2022-06-13 11:01:22 - main.myLib.common - ERROR - file_manager: AttributeError
2022-06-13 11:04:50 - main.myLib.common - ERROR - file_manager: AttributeError
2022-06-13 11:04:54 - main.myLib.common - ERROR - file_manager: AttributeError
2022-06-13 11:05:07 - main.myLib.common - ERROR - file_manager: AttributeError
2022-06-13 11:05:14 - main.myLib.common - ERROR - file_manager: AttributeError
2022-06-13 11:05:27 - main.myLib.common - ERROR - file_manager: AttributeError
2022-06-13 11:05:33 - main.myLib.common - ERROR - file_manager: AttributeError
2022-06-13 11:06:25 - main.myLib.common - ERROR - file_manager: AttributeError
2022-06-13 11:06:27 - main.myLib.common - ERROR - file_manager: AttributeError
2022-06-13 11:06:41 - main.myLib.common - ERROR - file_manager: AttributeError
2022-06-13 11:06:45 - main.myLib.common - ERROR - file_manager: AttributeError
2022-06-13 11:07:15 - main.myLib.common - ERROR - file_manager: AttributeError
2022-06-13 11:07:20 - main.myLib.common - ERROR - file_manager: AttributeError
2022-06-13 11:13:17 - main.myLib.common - ERROR - file_manager: AttributeError
2022-06-13 11:13:22 - main.myLib.common - ERROR - file_manager: AttributeError
2022-06-13 11:14:17 - main.myLib.mySerial.Connector - ERROR - Port not open, please check!
2022-06-13 11:14:17 - main.myLib.common - ERROR - file_manager: AttributeError
2022-06-13 11:14:17 - main.myLib.mySerial.Connector - ERROR - ERROR
2022-06-13 11:26:59 - main.myLib.common - ERROR - file_manager: AttributeError
2022-06-13 11:27:23 - main.myLib.common - ERROR - file_manager: AttributeError
2022-06-13 11:27:37 - main.myLib.common - ERROR - file_manager: AttributeError
2022-06-13 11:28:06 - main.myLib.common - ERROR - file_manager: AttributeError
2022-06-13 11:43:18 - main.myLib.mySerial.Connector - ERROR - serial read timeout: check if the input power is ON, close the GUI and re-excute.
2022-06-13 17:28:11 - main.myLib.mySerial.Connector - ERROR - serial read timeout: check if the input power is ON, close the GUI and re-excute.
2022-06-16 13:37:37 - main.myLib.mySerial.Connector - ERROR - serial read timeout: check if the input power is ON, close the GUI and re-excute.
2022-06-16 16:10:34 - main.myLib.mySerial.Connector - ERROR - serial read timeout: check if the input power is ON, close the GUI and re-excute.
2022-06-16 16:14:03 - main.myLib.mySerial.Connector - ERROR - serial read timeout: check if the input power is ON, close the GUI and re-excute.
2022-06-16 16:16:29 - main.myLib.mySerial.Connector - ERROR - serial read timeout: check if the input power is ON, close the GUI and re-excute.
2022-06-16 16:43:30 - main.myLib.mySerial.Connector - ERROR - IOError, the device: COM8 can not be found or can not be configured!
2022-06-16 16:43:48 - main.myLib.mySerial.Connector - ERROR - IOError, the device: COM8 can not be found or can not be configured!
2022-06-16 16:44:16 - main.myLib.mySerial.Connector - ERROR - serial read timeout: check if the input power is ON, close the GUI and re-excute.
2022-06-16 17:00:32 - main.myLib.mySerial.Connector - ERROR - IOError, the device: COM8 can not be found or can not be configured!
2022-06-20 12:35:55 - main.myLib.mySerial.Connector - ERROR - serial read timeout: check if the input power is ON, close the GUI and re-excute.
2022-07-04 16:56:37 - main.myLib.mySerial.Connector - ERROR - serial read timeout: check if the input power is ON, close the GUI and re-excute.
2022-07-06 17:41:24 - main.myLib.mySerial.Connector - ERROR - serial read timeout: check if the input power is ON, close the GUI and re-excute.
2022-07-06 17:51:20 - main.myLib.mySerial.Connector - ERROR - IOError, the device: COM9 can not be found or can not be configured!
2022-07-07 13:58:56 - main.myLib.mySerial.Connector - ERROR - serial read timeout: check if the input power is ON, close the GUI and re-excute.
2022-07-11 16:21:16 - main.myLib.mySerial.Connector - ERROR - Port not open, please check!
2022-07-11 16:21:16 - main.myLib.mySerial.Connector - ERROR - Port not open, please check!
2022-07-11 16:21:16 - main.myLib.mySerial.Connector - ERROR - Port not open, please check!
2022-07-11 16:21:16 - main.myLib.mySerial.Connector - ERROR - Port not open, please check!
2022-07-11 16:21:17 - main.myLib.mySerial.Connector - ERROR - Port not open, please check!
2022-07-11 16:21:17 - main.myLib.mySerial.Connector - ERROR - Port not open, please check!
2022-07-11 16:21:17 - main.myLib.mySerial.Connector - ERROR - Port not open, please check!
2022-07-11 16:21:18 - main.myLib.mySerial.Connector - ERROR - Port not open, please check!
2022-07-11 16:21:18 - main.myLib.mySerial.Connector - ERROR - Port not open, please check!
2022-07-11 16:21:18 - main.myLib.mySerial.Connector - ERROR - Port not open, please check!
2022-07-11 16:21:18 - main.myLib.mySerial.Connector - ERROR - Port not open, please check!
2022-07-11 16:21:25 - main.myLib.mySerial.Connector - ERROR - Port not open, please check!
2022-07-11 16:21:25 - main.myLib.mySerial.Connector - ERROR - Port not open, please check!
2022-07-11 16:21:25 - main.myLib.mySerial.Connector - ERROR - Port not open, please check!
2022-07-11 16:21:26 - main.myLib.mySerial.Connector - ERROR - Port not open, please check!
2022-07-11 16:21:29 - main.myLib.mySerial.Connector - ERROR - Port not open, please check!
2022-07-11 16:21:29 - main.myLib.mySerial.Connector - ERROR - Port not open, please check!
2022-07-11 16:21:29 - main.myLib.mySerial.Connector - ERROR - Port not open, please check!
2022-07-11 16:21:29 - main.myLib.mySerial.Connector - ERROR - Port not open, please check!
2022-07-14 18:36:23 - main.myLib.mySerial.Connector - ERROR - serial read timeout: check if the input power is ON, close the GUI and re-excute.
2022-07-15 11:19:44 - main.myLib.mySerial.Connector - ERROR - serial read timeout: check if the input power is ON, close the GUI and re-excute.
2022-07-18 14:22:39 - main.myLib.mySerial.Connector - ERROR - serial read timeout: check if the input power is ON, close the GUI and re-excute.
2022-07-27 22:03:06 - main.myLib.mySerial.Connector - ERROR - serial read timeout: check if the input power is ON, close the GUI and re-excute.
2022-07-27 22:03:30 - main.myLib.mySerial.Connector - ERROR - serial read timeout: check if the input power is ON, close the GUI and re-excute.
2022-07-27 22:09:03 - main.myLib.mySerial.Connector - ERROR - serial read timeout: check if the input power is ON, close the GUI and re-excute.
2022-08-05 09:42:07 - main.myLib.mySerial.Connector - ERROR - serial read timeout: check if the input power is ON, close the GUI and re-excute.
2022-08-08 11:55:45 - main.myLib.mySerial.Connector - ERROR - serial read timeout: check if the input power is ON, close the GUI and re-excute.
2022-08-08 11:56:04 - main.myLib.mySerial.Connector - ERROR - serial read timeout: check if the input power is ON, close the GUI and re-excute.
2022-08-08 11:58:11 - main.myLib.mySerial.Connector - ERROR - serial read timeout: check if the input power is ON, close the GUI and re-excute.
2022-08-09 15:43:58 - main.myLib.mySerial.Connector - ERROR - serial read timeout: check if the input power is ON, close the GUI and re-excute.
2022-08-10 15:35:08 - main.myLib.mySerial.Connector - ERROR - IOError, the device: COM5 can not be found or can not be configured!
2022-08-10 17:49:02 - main.myLib.mySerial.Connector - ERROR - serial read timeout: check if the input power is ON, close the GUI and re-excute.
2022-08-12 16:01:54 - main.myLib.mySerial.Connector - ERROR - serial read timeout: check if the input power is ON, close the GUI and re-excute.
2022-08-12 16:02:18 - main.myLib.mySerial.Connector - ERROR - IOError, the device: COM5 can not be found or can not be configured!
2022-08-19 11:28:08 - main.myLib.mySerial.Connector - ERROR - serial read timeout: check if the input power is ON, close the GUI and re-excute.
2022-08-22 14:54:54 - main.myLib.mySerial.Connector - ERROR - serial read timeout: check if the input power is ON, close the GUI and re-excute.
2022-08-22 16:55:28 - main.myLib.mySerial.Connector - ERROR - serial read timeout: check if the input power is ON, close the GUI and re-excute.
2022-08-22 16:57:28 - main.myLib.mySerial.Connector - ERROR - serial read timeout: check if the input power is ON, close the GUI and re-excute.
2022-08-22 16:58:06 - main.myLib.mySerial.Connector - ERROR - serial read timeout: check if the input power is ON, close the GUI and re-excute.
2022-08-22 16:59:41 - main.myLib.mySerial.Connector - ERROR - serial read timeout: check if the input power is ON, close the GUI and re-excute.
2022-08-23 16:30:59 - main.myLib.mySerial.Connector - ERROR - IOError, the device: COM5 can not be found or can not be configured!
2022-08-23 18:11:58 - main.myLib.mySerial.Connector - ERROR - IOError, the device: COM5 can not be found or can not be configured!
2022-09-01 12:21:00 - main.myLib.mySerial.Connector - ERROR - serial read timeout: check if the input power is ON, close the GUI and re-excute.
2022-09-05 13:42:28 - main.myLib.mySerial.Connector - ERROR - serial read timeout: check if the input power is ON, close the GUI and re-excute.
2022-09-05 13:43:48 - main.myLib.mySerial.Connector - ERROR - serial read timeout: check if the input power is ON, close the GUI and re-excute.
2022-09-05 13:44:29 - main.myLib.mySerial.Connector - ERROR - serial read timeout: check if the input power is ON, close the GUI and re-excute.
2022-09-07 10:08:03 - main.myLib.mySerial.Connector - ERROR - serial read timeout: check if the input power is ON, close the GUI and re-excute.
2022-09-07 14:26:00 - main.myLib.mySerial.Connector - ERROR - serial read timeout: check if the input power is ON, close the GUI and re-excute.
2022-09-07 14:26:22 - main.myLib.mySerial.Connector - ERROR - IOError, the device: COM5 can not be found or can not be configured!
2022-09-07 14:27:36 - main.myLib.mySerial.Connector - ERROR - serial read timeout: check if the input power is ON, close the GUI and re-excute.
2022-09-07 14:28:06 - main.myLib.mySerial.Connector - ERROR - serial read timeout: check if the input power is ON, close the GUI and re-excute.
2022-09-08 13:43:33 - main.myLib.mySerial.Connector - ERROR - serial read timeout: check if the input power is ON, close the GUI and re-excute.
2022-10-07 21:43:30 - main.myLib.mySerial.Connector - ERROR - serial read timeout: check if the input power is ON, close the GUI and re-excute.
2022-10-07 21:58:07 - main.myLib.mySerial.Connector - ERROR - serial read timeout: check if the input power is ON, close the GUI and re-excute.
2022-10-07 21:58:41 - main.myLib.mySerial.Connector - ERROR - serial read timeout: check if the input power is ON, close the GUI and re-excute.
2022-10-13 13:02:14 - main.myLib.mySerial.Connector - ERROR - serial read timeout: check if the input power is ON, close the GUI and re-excute.
2022-10-13 13:02:57 - main.myLib.mySerial.Connector - ERROR - serial read timeout: check if the input power is ON, close the GUI and re-excute.
2022-10-13 13:47:41 - main.myLib.mySerial.Connector - ERROR - serial read timeout: check if the input power is ON, close the GUI and re-excute.
2022-10-13 17:46:46 - main.myLib.mySerial.Connector - ERROR - IOError, the device: COM25 can not be found or can not be configured!
2022-10-14 11:38:53 - main.myLib.mySerial.Connector - ERROR - serial read timeout: check if the input power is ON, close the GUI and re-excute.
2023-01-05 14:32:04 - main.myLib.mySerial.Connector - ERROR - serial read timeout: check if the input power is ON, close the GUI and re-excute.
2023-01-06 19:28:41 - main.myLib.mySerial.Connector - ERROR - serial read timeout: check if the input power is ON, close the GUI and re-excute.
2023-01-06 19:37:24 - main.myLib.mySerial.Connector - ERROR - serial read timeout: check if the input power is ON, close the GUI and re-excute.
2023-01-09 10:33:09 - main.myLib.mySerial.Connector - ERROR - serial read timeout: check if the input power is ON, close the GUI and re-excute.
2023-01-09 14:43:11 - main.myLib.mySerial.Connector - ERROR - serial read timeout: check if the input power is ON, close the GUI and re-excute.
2023-01-09 14:52:43 - main.myLib.mySerial.Connector - ERROR - serial read timeout: check if the input power is ON, close the GUI and re-excute.
2023-01-10 11:25:35 - main.myLib.mySerial.getData - ERROR - alignHeader_4B Error
2023-01-10 11:26:16 - main.myLib.mySerial.getData - ERROR - alignHeader_4B Error
2023-01-10 11:27:05 - main.myLib.mySerial.getData - ERROR - alignHeader_4B Error
2023-01-10 11:28:05 - main.myLib.mySerial.getData - ERROR - alignHeader_4B Error
2023-01-10 14:28:00 - main.myLib.mySerial.Connector - ERROR - serial read timeout: check if the input power is ON, close the GUI and re-excute.
2023-01-12 13:05:50 - main.myLib.mySerial.Connector - ERROR - IOError, the device: COM14 can not be found or can not be configured!
2023-01-12 13:54:03 - main.myLib.mySerial.Connector - ERROR - serial read timeout: check if the input power is ON, close the GUI and re-excute.
2023-01-17 19:16:11 - main.myLib.mySerial.Connector - ERROR - serial read timeout: check if the input power is ON, close the GUI and re-excute.
2023-01-17 19:16:50 - main.myLib.mySerial.Connector - ERROR - serial read timeout: check if the input power is ON, close the GUI and re-excute.
2023-01-18 14:11:26 - main.myLib.mySerial.Connector - ERROR - serial read timeout: check if the input power is ON, close the GUI and re-excute.
2023-01-18 19:13:40 - main.myLib.mySerial.Connector - ERROR - serial read timeout: check if the input power is ON, close the GUI and re-excute.
2023-01-30 15:19:03 - main.myLib.mySerial.Connector - ERROR - serial read timeout: check if the input power is ON, close the GUI and re-excute.
