2026-01-28 10:27:47,579 [INFO] pigImu_Widget.pigImu_Widget: pigImu_Widget logger start
2026-01-28 10:27:47,601 [INFO] myLib.myGui.graph.myLib.myGui.graph: myLib.myGui.graph logger start
2026-01-28 10:27:49,863 [INFO] matplotlib.font_manager: generated new fontManager
2026-01-28 10:27:50,187 [INFO] myLib.common.myLib.common: myLib.common logger start
2026-01-28 10:27:50,188 [INFO] myLib.myGui.mygui_serial.myLib.myGui.mygui_serial: myLib.myGui.mygui_serial logger start
2026-01-28 10:27:50,189 [INFO] myLib.myGui.myLabel.myLib.myGui.myLabel: myLib.myGui.myLabel logger start
2026-01-28 10:27:50,190 [INFO] myLib.myGui.myLineEdit.myLib.myGui.myLineEdit: myLib.myGui.myLineEdit logger start
2026-01-28 10:27:50,190 [INFO] myLib.myGui.myCheckBox.myLib.myGui.myCheckBox: myLib.myGui.myCheckBox logger start
2026-01-28 10:27:50,191 [INFO] myLib.myGui.myRadioButton.myLib.myGui.myRadioButton: myLib.myGui.myRadioButton logger start
2026-01-28 10:27:50,192 [INFO] record_Log: record_Log logger start
2026-01-28 10:27:50,204 [INFO] myLib.myGui.AttitudeIndicator.myLib.myGui.AttitudeIndicator: myLib.myGui.AttitudeIndicator logger start
2026-01-28 10:27:50,206 [INFO] myLib.myGui.pig_menu_manager.myLib.myGui.pig_menu_manager: myLib.myGui.pig_menu_manager logger start
2026-01-28 10:27:50,209 [INFO] myLib.mySerial.Connector.myLib.mySerial.Connector: myLib.mySerial.Connector logger start
2026-01-28 10:27:50,212 [INFO] myLib.myGui.myComboBox.myLib.myGui.myComboBox: myLib.myGui.myComboBox logger start
2026-01-28 10:27:50,213 [INFO] drivers.hins_fog_imu.widgets.pig_parameters_widget.drivers.hins_fog_imu.widgets.pig_parameters_widget: drivers.hins_fog_imu.widgets.pig_parameters_widget logger start
2026-01-28 10:27:50,214 [INFO] drivers.hins_fog_imu.widgets.pig_W_A_calibration_parameter_widget.drivers.hins_fog_imu.widgets.pig_W_A_calibration_parameter_widget: drivers.hins_fog_imu.widgets.pig_W_A_calibration_parameter_widget logger start
2026-01-28 10:27:50,215 [INFO] drivers.hins_fog_imu.widgets.pig_version_widget.drivers.hins_fog_imu.widgets.pig_version_widget: drivers.hins_fog_imu.widgets.pig_version_widget logger start
2026-01-28 10:27:50,216 [INFO] drivers.hins_fog_imu.widgets.pig_configuration_widget.drivers.hins_fog_imu.widgets.pig_configuration_widget: drivers.hins_fog_imu.widgets.pig_configuration_widget logger start
2026-01-28 10:27:50,218 [INFO] myLib.crcCalculator.crcLib.myLib.crcCalculator.crcLib: myLib.crcCalculator.crcLib logger start
2026-01-28 10:27:51,933 [INFO] Main: Port Selected: COM19
2026-01-28 10:27:51,934 [INFO] Main: Port Selected: COM19
2026-01-28 10:27:53,766 [INFO] Main: Connecting to COM19 at 230400...
2026-01-28 10:27:53,807 [INFO] myLib.mySerial.Connector.myLib.mySerial.Connector: COM19 is connected
2026-01-28 10:27:53,808 [INFO] drivers.HinsGnss: Connector set and input buffer flushed.
2026-01-28 10:27:53,809 [INFO] drivers.HinsGnss: Connector set and input buffer flushed.
2026-01-28 10:27:53,810 [INFO] main.drivers.HinsHybrid: Hybrid Reader (Dispatcher) Started.
2026-01-28 10:28:06,434 [INFO] main.drivers.HinsHybrid: [HinsHybrid] Thread stop requested.
2026-01-28 10:28:07,049 [INFO] Main: Restarting Hybrid Reader Thread...
2026-01-28 10:28:07,059 [INFO] main.drivers.HinsHybrid: Hybrid Reader (Dispatcher) Started.
2026-01-28 10:28:08,678 [INFO] main.drivers.HinsHybrid: [HinsHybrid] Thread stop requested.
2026-01-28 10:28:09,300 [INFO] main.drivers.HinsHybrid: [HinsHybrid] Thread stop requested.
2026-01-28 10:28:09,301 [INFO] main.drivers.HinsHybrid: [HinsHybrid] Thread stop requested.
2026-01-28 10:28:09,418 [INFO] myLib.mySerial.Connector.myLib.mySerial.Connector: COM19 is disconnected
2026-01-28 10:28:10,215 [INFO] Main: Connecting to COM19 at 230400...
2026-01-28 10:28:10,256 [INFO] myLib.mySerial.Connector.myLib.mySerial.Connector: COM19 is connected
2026-01-28 10:28:10,258 [INFO] drivers.HinsGnss: Connector set and input buffer flushed.
2026-01-28 10:28:10,258 [INFO] drivers.HinsGnss: Connector set and input buffer flushed.
2026-01-28 10:28:10,260 [INFO] main.drivers.HinsHybrid: Hybrid Reader (Dispatcher) Started.
2026-01-28 10:28:11,813 [INFO] Main: Restarting Hybrid Reader Thread...
2026-01-28 10:28:11,830 [INFO] main.drivers.HinsHybrid: Hybrid Reader (Dispatcher) Started.
2026-01-28 10:28:19,163 [INFO] main.drivers.HinsHybrid: [HinsHybrid] Thread stop requested.
2026-01-28 10:28:19,913 [INFO] main.drivers.HinsHybrid: [HinsHybrid] Thread stop requested.
2026-01-28 10:28:19,915 [INFO] main.drivers.HinsHybrid: [HinsHybrid] Thread stop requested.
2026-01-28 10:28:20,029 [INFO] myLib.mySerial.Connector.myLib.mySerial.Connector: COM19 is disconnected
2026-01-28 10:28:25,500 [INFO] pigImu_Widget.pigImu_Widget: pigImu_Widget logger start
2026-01-28 10:28:25,520 [INFO] myLib.myGui.graph.myLib.myGui.graph: myLib.myGui.graph logger start
2026-01-28 10:28:25,939 [INFO] matplotlib.font_manager: generated new fontManager
2026-01-28 10:28:26,244 [INFO] myLib.common.myLib.common: myLib.common logger start
2026-01-28 10:28:26,245 [INFO] myLib.myGui.mygui_serial.myLib.myGui.mygui_serial: myLib.myGui.mygui_serial logger start
2026-01-28 10:28:26,246 [INFO] myLib.myGui.myLabel.myLib.myGui.myLabel: myLib.myGui.myLabel logger start
2026-01-28 10:28:26,246 [INFO] myLib.myGui.myLineEdit.myLib.myGui.myLineEdit: myLib.myGui.myLineEdit logger start
2026-01-28 10:28:26,247 [INFO] myLib.myGui.myCheckBox.myLib.myGui.myCheckBox: myLib.myGui.myCheckBox logger start
2026-01-28 10:28:26,248 [INFO] myLib.myGui.myRadioButton.myLib.myGui.myRadioButton: myLib.myGui.myRadioButton logger start
2026-01-28 10:28:26,249 [INFO] record_Log: record_Log logger start
2026-01-28 10:28:26,260 [INFO] myLib.myGui.AttitudeIndicator.myLib.myGui.AttitudeIndicator: myLib.myGui.AttitudeIndicator logger start
2026-01-28 10:28:26,262 [INFO] myLib.myGui.pig_menu_manager.myLib.myGui.pig_menu_manager: myLib.myGui.pig_menu_manager logger start
2026-01-28 10:28:26,265 [INFO] myLib.mySerial.Connector.myLib.mySerial.Connector: myLib.mySerial.Connector logger start
2026-01-28 10:28:26,269 [INFO] myLib.myGui.myComboBox.myLib.myGui.myComboBox: myLib.myGui.myComboBox logger start
2026-01-28 10:28:26,269 [INFO] drivers.hins_fog_imu.widgets.pig_parameters_widget.drivers.hins_fog_imu.widgets.pig_parameters_widget: drivers.hins_fog_imu.widgets.pig_parameters_widget logger start
2026-01-28 10:28:26,270 [INFO] drivers.hins_fog_imu.widgets.pig_W_A_calibration_parameter_widget.drivers.hins_fog_imu.widgets.pig_W_A_calibration_parameter_widget: drivers.hins_fog_imu.widgets.pig_W_A_calibration_parameter_widget logger start
2026-01-28 10:28:26,271 [INFO] drivers.hins_fog_imu.widgets.pig_version_widget.drivers.hins_fog_imu.widgets.pig_version_widget: drivers.hins_fog_imu.widgets.pig_version_widget logger start
2026-01-28 10:28:26,272 [INFO] drivers.hins_fog_imu.widgets.pig_configuration_widget.drivers.hins_fog_imu.widgets.pig_configuration_widget: drivers.hins_fog_imu.widgets.pig_configuration_widget logger start
2026-01-28 10:28:26,276 [INFO] myLib.crcCalculator.crcLib.myLib.crcCalculator.crcLib: myLib.crcCalculator.crcLib logger start
2026-01-28 10:28:27,645 [INFO] Main: Port Selected: COM19
2026-01-28 10:28:27,645 [INFO] Main: Port Selected: COM19
2026-01-28 10:28:29,021 [INFO] Main: Connecting to COM19 at 230400...
2026-01-28 10:28:29,073 [INFO] myLib.mySerial.Connector.myLib.mySerial.Connector: COM19 is connected
2026-01-28 10:28:29,075 [INFO] drivers.HinsGnss: Connector set and input buffer flushed.
2026-01-28 10:28:29,076 [INFO] drivers.HinsGnss: Connector set and input buffer flushed.
2026-01-28 10:28:29,081 [INFO] main.drivers.HinsHybrid: Hybrid Reader (Dispatcher) Started.
2026-01-28 10:28:39,998 [INFO] drivers.HinsFog: RCS Mode: True
2026-01-28 10:28:41,306 [INFO] drivers.HinsFog: RCS Mode: False
2026-01-28 10:28:43,569 [INFO] main.drivers.HinsHybrid: [HinsHybrid] Thread stop requested.
2026-01-28 10:28:44,236 [INFO] main.drivers.HinsHybrid: [HinsHybrid] Thread stop requested.
2026-01-28 10:28:44,237 [INFO] main.drivers.HinsHybrid: [HinsHybrid] Thread stop requested.
2026-01-28 10:28:44,347 [INFO] myLib.mySerial.Connector.myLib.mySerial.Connector: COM19 is disconnected
