2025-10-23 15:11:18 - main.pigImuReader - ERROR - SerialException — ClearCommError failed (OSError(9, '控制代碼無效。', None, 6)).(An error occurred during the data retrieval process, line 443.)
2025-10-23 15:11:18 - main.myLib.mySerial.Connector - ERROR - The device can not be found or can not be configured.
2025-10-23 15:11:18 - main.myLib.mySerial.Connector - ERROR - The device can not be found or can not be configured.
2025-10-23 15:11:18 - main.myLib.mySerial.Connector - ERROR - The device can not be found or can not be configured.
2025-10-23 15:11:19 - main.myLib.mySerial.Connector - ERROR - Port not open, please check!
2025-10-23 15:11:19 - main.myLib.mySerial.Connector - ERROR - Port not open, please check!
2025-10-23 15:11:19 - main.myLib.mySerial.Connector - ERROR - Port not open, please check!
2025-10-23 15:11:19 - main.myLib.mySerial.Connector - ERROR - Port not open, please check!
2025-10-23 15:11:19 - main.myLib.mySerial.Connector - ERROR - Port not open, please check!
2025-10-23 15:11:19 - main.myLib.mySerial.Connector - ERROR - Port not open, please check!
2025-10-23 15:11:19 - main.myLib.mySerial.Connector - ERROR - Port not open, please check!
2025-10-23 15:11:19 - main.myLib.mySerial.Connector - ERROR - Port not open, please check!
2025-10-23 15:11:19 - main.myLib.mySerial.Connector - ERROR - Port not open, please check!
2025-10-23 15:11:19 - main.myLib.mySerial.Connector - ERROR - Port not open, please check!
2025-10-23 15:11:19 - main.myLib.mySerial.Connector - ERROR - Port not open, please check!
2025-10-23 15:11:19 - main.myLib.mySerial.Connector - ERROR - Port not open, please check!
2025-10-23 15:11:20 - main.myLib.mySerial.Connector - ERROR - Port not open, please check!
2025-10-23 15:11:20 - main.myLib.mySerial.Connector - ERROR - Port not open, please check!
2025-10-23 15:11:20 - main.myLib.mySerial.Connector - ERROR - Port not open, please check!
2025-10-23 15:11:20 - main.pigImuReader - ERROR - SerialException — ClearCommError failed (OSError(9, '控制代碼無效。', None, 6)).(The error occurred while clearing buffer, line 361.)
2026-01-13 17:45:41 - main.myLib.myGui.mygui_serial - ERROR - Exception — unsupported operand type(s) for +: 'NoneType' and 'datetime.timedelta', line 388.)
2026-01-13 17:46:28 - main.myLib.mySerial.Connector - ERROR - serial read timeout: check if the input power is ON, close the GUI and re-excute.
2026-01-13 17:46:28 - main.myLib.mySerial.getData - ERROR - alignHeader_4B Error
2026-01-13 17:46:28 - main.myLib.mySerial.Connector - ERROR - Other exceptional events occurred. The error is ''NoneType' object has no attribute 'hEvent''
2026-01-13 17:46:28 - main.myLib.mySerial.Connector - ERROR - The device can not be found or can not be configured.
2026-01-13 17:46:28 - main.myLib.mySerial.Connector - ERROR - The device can not be found or can not be configured.
2026-01-13 17:46:28 - main.myLib.mySerial.Connector - ERROR - The device can not be found or can not be configured.
2026-01-13 17:46:28 - main.myLib.mySerial.Connector - ERROR - Port not open, please check!
2026-01-13 17:46:28 - main.myLib.mySerial.Connector - ERROR - Port not open, please check!
2026-01-13 17:46:28 - main.myLib.mySerial.Connector - ERROR - Port not open, please check!
2026-01-13 17:46:28 - main.myLib.mySerial.Connector - ERROR - Port not open, please check!
2026-01-13 17:46:28 - main.myLib.mySerial.Connector - ERROR - Port not open, please check!
2026-01-13 17:46:28 - main.myLib.mySerial.Connector - ERROR - Port not open, please check!
2026-01-13 17:46:29 - main.myLib.mySerial.Connector - ERROR - Port not open, please check!
2026-01-13 17:46:29 - main.myLib.mySerial.Connector - ERROR - Port not open, please check!
2026-01-13 17:46:29 - main.myLib.mySerial.Connector - ERROR - Port not open, please check!
2026-01-13 17:46:29 - main.myLib.mySerial.Connector - ERROR - Port not open, please check!
2026-01-13 17:46:29 - main.myLib.mySerial.Connector - ERROR - Port not open, please check!
2026-01-13 17:46:29 - main.myLib.mySerial.Connector - ERROR - Port not open, please check!
2026-01-13 17:46:29 - main.myLib.mySerial.Connector - ERROR - Port not open, please check!
2026-01-13 17:46:29 - main.myLib.mySerial.Connector - ERROR - Port not open, please check!
2026-01-13 17:46:29 - main.myLib.mySerial.Connector - ERROR - Port not open, please check!
2026-01-13 17:46:29 - main.pigImuReader - ERROR - SerialException — ClearCommError failed (OSError(9, '控制代碼無效。', None, 6)).(The error occurred while clearing buffer, line 361.)
2026-01-14 10:59:19 - main.myLib.mySerial.Connector - ERROR - serial read timeout: check if the input power is ON, close the GUI and re-excute.
2026-01-14 10:59:19 - main.myLib.mySerial.getData - ERROR - alignHeader_4B Error
2026-01-14 10:59:19 - main.myLib.mySerial.Connector - ERROR - Other exceptional events occurred. The error is ''NoneType' object has no attribute 'hEvent''
2026-01-14 10:59:19 - main.myLib.mySerial.Connector - ERROR - The device can not be found or can not be configured.
2026-01-14 10:59:19 - main.myLib.mySerial.Connector - ERROR - The device can not be found or can not be configured.
2026-01-14 10:59:19 - main.myLib.mySerial.Connector - ERROR - The device can not be found or can not be configured.
2026-01-14 10:59:19 - main.myLib.mySerial.Connector - ERROR - Port not open, please check!
2026-01-14 10:59:19 - main.myLib.mySerial.Connector - ERROR - Port not open, please check!
2026-01-14 10:59:19 - main.myLib.mySerial.Connector - ERROR - Port not open, please check!
2026-01-14 10:59:20 - main.myLib.mySerial.Connector - ERROR - Port not open, please check!
2026-01-14 10:59:20 - main.myLib.mySerial.Connector - ERROR - Port not open, please check!
2026-01-14 10:59:20 - main.myLib.mySerial.Connector - ERROR - Port not open, please check!
2026-01-14 10:59:20 - main.myLib.mySerial.Connector - ERROR - Port not open, please check!
2026-01-14 10:59:20 - main.myLib.mySerial.Connector - ERROR - Port not open, please check!
2026-01-14 10:59:20 - main.myLib.mySerial.Connector - ERROR - Port not open, please check!
2026-01-14 10:59:20 - main.myLib.mySerial.Connector - ERROR - Port not open, please check!
2026-01-14 10:59:20 - main.myLib.mySerial.Connector - ERROR - Port not open, please check!
2026-01-14 10:59:20 - main.myLib.mySerial.Connector - ERROR - Port not open, please check!
2026-01-14 10:59:20 - main.myLib.mySerial.Connector - ERROR - Port not open, please check!
2026-01-14 10:59:20 - main.myLib.mySerial.Connector - ERROR - Port not open, please check!
2026-01-14 10:59:20 - main.myLib.mySerial.Connector - ERROR - Port not open, please check!
2026-01-14 10:59:20 - main.pigImuReader - ERROR - SerialException — ClearCommError failed (OSError(9, '控制代碼無效。', None, 6)).(The error occurred while clearing buffer, line 361.)
2026-01-14 11:28:58 - main.myLib.mySerial.Connector - ERROR - IOError, the device: COM46 can not be found or can not be configured!
2026-01-14 11:28:58 - main.myLib.mySerial.Connector - ERROR - Port not open, please check!
2026-01-14 11:28:58 - main.myLib.mySerial.Connector - ERROR - Port not open, please check!
2026-01-14 11:28:58 - main.myLib.mySerial.Connector - ERROR - Port not open, please check!
2026-01-14 11:28:58 - main.myLib.mySerial.Connector - ERROR - Port not open, please check!
2026-01-14 11:28:58 - main.myLib.mySerial.Connector - ERROR - Port not open, please check!
2026-01-14 11:28:58 - main.myLib.mySerial.Connector - ERROR - Port not open, please check!
2026-01-14 11:28:58 - main.myLib.mySerial.Connector - ERROR - Port not open, please check!
2026-01-14 11:28:58 - main.myLib.mySerial.Connector - ERROR - Port not open, please check!
2026-01-14 11:28:58 - main.myLib.mySerial.Connector - ERROR - Port not open, please check!
2026-01-14 11:28:58 - main.myLib.mySerial.Connector - ERROR - Port not open, please check!
2026-01-14 11:28:58 - main.myLib.mySerial.Connector - ERROR - Port not open, please check!
2026-01-14 11:28:58 - main.myLib.mySerial.Connector - ERROR - Port not open, please check!
2026-01-14 11:28:59 - main.myLib.mySerial.Connector - ERROR - Port not open, please check!
2026-01-14 11:28:59 - main.myLib.mySerial.Connector - ERROR - Port not open, please check!
2026-01-14 11:28:59 - main.myLib.mySerial.Connector - ERROR - Port not open, please check!
2026-01-14 11:28:59 - main.myLib.mySerial.Connector - ERROR - Port not open, please check!
2026-01-14 11:28:59 - main.myLib.mySerial.Connector - ERROR - Port not open, please check!
2026-01-14 11:28:59 - main.myLib.mySerial.Connector - ERROR - Port not open, please check!
2026-01-14 11:28:59 - main.pigImuReader - ERROR - SerialException — ClearCommError failed (OSError(9, '控制代碼無效。', None, 6)).(The error occurred while clearing buffer, line 361.)
2026-01-21 15:21:23 - main.pigImuReader - ERROR - SerialException — ClearCommError failed (OSError(9, '控制代碼無效。', None, 6)).(An error occurred during the data retrieval process, line 443.)
2026-01-21 15:21:23 - main.myLib.mySerial.Connector - ERROR - The device can not be found or can not be configured.
2026-01-21 15:21:23 - main.myLib.mySerial.Connector - ERROR - The device can not be found or can not be configured.
2026-01-21 15:21:23 - main.myLib.mySerial.Connector - ERROR - The device can not be found or can not be configured.
2026-01-21 15:21:23 - main.myLib.mySerial.Connector - ERROR - Port not open, please check!
2026-01-21 15:21:23 - main.myLib.mySerial.Connector - ERROR - Port not open, please check!
2026-01-21 15:21:23 - main.myLib.mySerial.Connector - ERROR - Port not open, please check!
2026-01-21 15:21:23 - main.myLib.mySerial.Connector - ERROR - Port not open, please check!
2026-01-21 15:21:23 - main.myLib.mySerial.Connector - ERROR - Port not open, please check!
2026-01-21 15:21:23 - main.myLib.mySerial.Connector - ERROR - Port not open, please check!
2026-01-21 15:21:23 - main.myLib.mySerial.Connector - ERROR - Port not open, please check!
2026-01-21 15:21:23 - main.myLib.mySerial.Connector - ERROR - Port not open, please check!
2026-01-21 15:21:23 - main.myLib.mySerial.Connector - ERROR - Port not open, please check!
2026-01-21 15:21:24 - main.myLib.mySerial.Connector - ERROR - Port not open, please check!
2026-01-21 15:21:24 - main.myLib.mySerial.Connector - ERROR - Port not open, please check!
2026-01-21 15:21:24 - main.myLib.mySerial.Connector - ERROR - Port not open, please check!
2026-01-21 15:21:24 - main.myLib.mySerial.Connector - ERROR - Port not open, please check!
2026-01-21 15:21:24 - main.myLib.mySerial.Connector - ERROR - Port not open, please check!
2026-01-21 15:21:24 - main.myLib.mySerial.Connector - ERROR - Port not open, please check!
2026-01-21 15:21:24 - main.pigImuReader - ERROR - SerialException — ClearCommError failed (OSError(9, '控制代碼無效。', None, 6)).(The error occurred while clearing buffer, line 361.)
2026-01-26 16:58:08 - main.pigImuReader - ERROR - SerialException — ClearCommError failed (OSError(9, '控制代碼無效。', None, 6)).(An error occurred during the data retrieval process, line 443.)
2026-01-26 16:58:08 - main.myLib.mySerial.Connector - ERROR - The device can not be found or can not be configured.
2026-01-26 16:58:08 - main.myLib.mySerial.Connector - ERROR - The device can not be found or can not be configured.
2026-01-26 16:58:08 - main.myLib.mySerial.Connector - ERROR - The device can not be found or can not be configured.
2026-01-26 16:58:08 - main.myLib.mySerial.Connector - ERROR - Port not open, please check!
2026-01-26 16:58:08 - main.myLib.mySerial.Connector - ERROR - Port not open, please check!
2026-01-26 16:58:08 - main.myLib.mySerial.Connector - ERROR - Port not open, please check!
2026-01-26 16:58:09 - main.myLib.mySerial.Connector - ERROR - Port not open, please check!
2026-01-26 16:58:09 - main.myLib.mySerial.Connector - ERROR - Port not open, please check!
2026-01-26 16:58:09 - main.myLib.mySerial.Connector - ERROR - Port not open, please check!
2026-01-26 16:58:09 - main.myLib.mySerial.Connector - ERROR - Port not open, please check!
2026-01-26 16:58:09 - main.myLib.mySerial.Connector - ERROR - Port not open, please check!
2026-01-26 16:58:09 - main.myLib.mySerial.Connector - ERROR - Port not open, please check!
2026-01-26 16:58:09 - main.myLib.mySerial.Connector - ERROR - Port not open, please check!
2026-01-26 16:58:09 - main.myLib.mySerial.Connector - ERROR - Port not open, please check!
2026-01-26 16:58:09 - main.myLib.mySerial.Connector - ERROR - Port not open, please check!
2026-01-26 16:58:09 - main.myLib.mySerial.Connector - ERROR - Port not open, please check!
2026-01-26 16:58:09 - main.myLib.mySerial.Connector - ERROR - Port not open, please check!
2026-01-26 16:58:09 - main.myLib.mySerial.Connector - ERROR - Port not open, please check!
2026-01-26 16:58:10 - main.pigImuReader - ERROR - SerialException — ClearCommError failed (OSError(9, '控制代碼無效。', None, 6)).(The error occurred while clearing buffer, line 361.)
2026-01-26 19:40:23 - main.pigImuReader - ERROR - SerialException — ClearCommError failed (PermissionError(13, '存取被拒。', None, 5)).(An error occurred during the data retrieval process, line 443.)
2026-01-26 19:40:23 - main.myLib.mySerial.Connector - ERROR - The device can not be found or can not be configured.
2026-01-26 19:40:23 - main.myLib.mySerial.Connector - ERROR - The device can not be found or can not be configured.
2026-01-26 19:40:23 - main.myLib.mySerial.Connector - ERROR - The device can not be found or can not be configured.
2026-01-26 19:40:23 - main.myLib.mySerial.Connector - ERROR - The device can not be found or can not be configured.
2026-01-26 19:40:23 - main.myLib.mySerial.Connector - ERROR - The device can not be found or can not be configured.
2026-01-26 19:40:23 - main.myLib.mySerial.Connector - ERROR - The device can not be found or can not be configured.
2026-01-26 19:40:24 - main.myLib.mySerial.Connector - ERROR - The device can not be found or can not be configured.
2026-01-26 19:40:24 - main.myLib.mySerial.Connector - ERROR - The device can not be found or can not be configured.
2026-01-26 19:40:24 - main.myLib.mySerial.Connector - ERROR - The device can not be found or can not be configured.
2026-01-26 19:40:24 - main.myLib.mySerial.Connector - ERROR - The device can not be found or can not be configured.
2026-01-26 19:40:24 - main.myLib.mySerial.Connector - ERROR - The device can not be found or can not be configured.
2026-01-26 19:40:24 - main.myLib.mySerial.Connector - ERROR - The device can not be found or can not be configured.
2026-01-26 19:40:24 - main.myLib.mySerial.Connector - ERROR - The device can not be found or can not be configured.
2026-01-26 19:40:24 - main.myLib.mySerial.Connector - ERROR - The device can not be found or can not be configured.
2026-01-26 19:40:24 - main.myLib.mySerial.Connector - ERROR - The device can not be found or can not be configured.
2026-01-26 19:40:24 - main.myLib.mySerial.Connector - ERROR - The device can not be found or can not be configured.
2026-01-26 19:40:24 - main.myLib.mySerial.Connector - ERROR - The device can not be found or can not be configured.
2026-01-26 19:40:24 - main.myLib.mySerial.Connector - ERROR - The device can not be found or can not be configured.
2026-01-26 19:40:24 - main.pigImuReader - ERROR - SerialException — ClearCommError failed (PermissionError(13, '存取被拒。', None, 5)).(The error occurred while clearing buffer, line 361.)
2026-01-28 19:19:54 - main.pigImuReader - ERROR - SerialException — ClearCommError failed (OSError(9, '控制代碼無效。', None, 6)).(An error occurred during the data retrieval process, line 443.)
2026-01-28 19:19:54 - main.myLib.mySerial.Connector - ERROR - The device can not be found or can not be configured.
2026-01-28 19:19:54 - main.myLib.mySerial.Connector - ERROR - The device can not be found or can not be configured.
2026-01-28 19:19:54 - main.myLib.mySerial.Connector - ERROR - The device can not be found or can not be configured.
2026-01-28 19:19:54 - main.myLib.mySerial.Connector - ERROR - Port not open, please check!
2026-01-28 19:19:54 - main.myLib.mySerial.Connector - ERROR - Port not open, please check!
2026-01-28 19:19:54 - main.myLib.mySerial.Connector - ERROR - Port not open, please check!
2026-01-28 19:19:54 - main.myLib.mySerial.Connector - ERROR - Port not open, please check!
2026-01-28 19:19:54 - main.myLib.mySerial.Connector - ERROR - Port not open, please check!
2026-01-28 19:19:54 - main.myLib.mySerial.Connector - ERROR - Port not open, please check!
2026-01-28 19:19:54 - main.myLib.mySerial.Connector - ERROR - Port not open, please check!
2026-01-28 19:19:54 - main.myLib.mySerial.Connector - ERROR - Port not open, please check!
2026-01-28 19:19:54 - main.myLib.mySerial.Connector - ERROR - Port not open, please check!
2026-01-28 19:19:55 - main.myLib.mySerial.Connector - ERROR - Port not open, please check!
2026-01-28 19:19:55 - main.myLib.mySerial.Connector - ERROR - Port not open, please check!
2026-01-28 19:19:55 - main.myLib.mySerial.Connector - ERROR - Port not open, please check!
2026-01-28 19:19:55 - main.myLib.mySerial.Connector - ERROR - Port not open, please check!
2026-01-28 19:19:55 - main.myLib.mySerial.Connector - ERROR - Port not open, please check!
2026-01-28 19:19:55 - main.myLib.mySerial.Connector - ERROR - Port not open, please check!
2026-01-28 19:19:55 - main.pigImuReader - ERROR - SerialException — ClearCommError failed (OSError(9, '控制代碼無效。', None, 6)).(The error occurred while clearing buffer, line 361.)
2026-01-28 19:24:14 - main.pigImuReader - ERROR - SerialException — ClearCommError failed (OSError(9, '控制代碼無效。', None, 6)).(An error occurred during the data retrieval process, line 443.)
2026-01-28 19:24:14 - main.myLib.mySerial.Connector - ERROR - The device can not be found or can not be configured.
2026-01-28 19:24:14 - main.myLib.mySerial.Connector - ERROR - The device can not be found or can not be configured.
2026-01-28 19:24:14 - main.myLib.mySerial.Connector - ERROR - The device can not be found or can not be configured.
2026-01-28 19:24:14 - main.myLib.mySerial.Connector - ERROR - Port not open, please check!
2026-01-28 19:24:14 - main.myLib.mySerial.Connector - ERROR - Port not open, please check!
2026-01-28 19:24:14 - main.myLib.mySerial.Connector - ERROR - Port not open, please check!
2026-01-28 19:24:15 - main.myLib.mySerial.Connector - ERROR - Port not open, please check!
2026-01-28 19:24:15 - main.myLib.mySerial.Connector - ERROR - Port not open, please check!
2026-01-28 19:24:15 - main.myLib.mySerial.Connector - ERROR - Port not open, please check!
2026-01-28 19:24:15 - main.myLib.mySerial.Connector - ERROR - Port not open, please check!
2026-01-28 19:24:15 - main.myLib.mySerial.Connector - ERROR - Port not open, please check!
2026-01-28 19:24:15 - main.myLib.mySerial.Connector - ERROR - Port not open, please check!
2026-01-28 19:24:15 - main.myLib.mySerial.Connector - ERROR - Port not open, please check!
2026-01-28 19:24:15 - main.myLib.mySerial.Connector - ERROR - Port not open, please check!
2026-01-28 19:24:15 - main.myLib.mySerial.Connector - ERROR - Port not open, please check!
2026-01-28 19:24:15 - main.myLib.mySerial.Connector - ERROR - Port not open, please check!
2026-01-28 19:24:15 - main.myLib.mySerial.Connector - ERROR - Port not open, please check!
2026-01-28 19:24:15 - main.myLib.mySerial.Connector - ERROR - Port not open, please check!
2026-01-28 19:24:16 - main.pigImuReader - ERROR - SerialException — ClearCommError failed (OSError(9, '控制代碼無效。', None, 6)).(The error occurred while clearing buffer, line 361.)
2026-01-28 19:28:24 - main.pigImuReader - ERROR - SerialException — ClearCommError failed (OSError(9, '控制代碼無效。', None, 6)).(An error occurred during the data retrieval process, line 443.)
2026-01-28 19:28:24 - main.myLib.mySerial.Connector - ERROR - The device can not be found or can not be configured.
2026-01-28 19:28:24 - main.myLib.mySerial.Connector - ERROR - The device can not be found or can not be configured.
2026-01-28 19:28:24 - main.myLib.mySerial.Connector - ERROR - The device can not be found or can not be configured.
2026-01-28 19:28:24 - main.myLib.mySerial.Connector - ERROR - Port not open, please check!
2026-01-28 19:28:24 - main.myLib.mySerial.Connector - ERROR - Port not open, please check!
2026-01-28 19:28:24 - main.myLib.mySerial.Connector - ERROR - Port not open, please check!
2026-01-28 19:28:24 - main.myLib.mySerial.Connector - ERROR - Port not open, please check!
2026-01-28 19:28:24 - main.myLib.mySerial.Connector - ERROR - Port not open, please check!
2026-01-28 19:28:24 - main.myLib.mySerial.Connector - ERROR - Port not open, please check!
2026-01-28 19:28:25 - main.myLib.mySerial.Connector - ERROR - Port not open, please check!
2026-01-28 19:28:25 - main.myLib.mySerial.Connector - ERROR - Port not open, please check!
2026-01-28 19:28:25 - main.myLib.mySerial.Connector - ERROR - Port not open, please check!
2026-01-28 19:28:25 - main.myLib.mySerial.Connector - ERROR - Port not open, please check!
2026-01-28 19:28:25 - main.myLib.mySerial.Connector - ERROR - Port not open, please check!
2026-01-28 19:28:25 - main.myLib.mySerial.Connector - ERROR - Port not open, please check!
2026-01-28 19:28:25 - main.myLib.mySerial.Connector - ERROR - Port not open, please check!
2026-01-28 19:28:25 - main.myLib.mySerial.Connector - ERROR - Port not open, please check!
2026-01-28 19:28:25 - main.myLib.mySerial.Connector - ERROR - Port not open, please check!
2026-01-28 19:28:25 - main.pigImuReader - ERROR - SerialException — ClearCommError failed (OSError(9, '控制代碼無效。', None, 6)).(The error occurred while clearing buffer, line 361.)
2026-01-28 19:31:04 - main.myLib.mySerial.Connector - ERROR - IOError, the device: COM9 can not be found or can not be configured!
2026-01-28 19:31:04 - main.myLib.mySerial.Connector - ERROR - Port not open, please check!
2026-01-28 19:31:04 - main.myLib.mySerial.Connector - ERROR - Port not open, please check!
2026-01-28 19:31:04 - main.myLib.mySerial.Connector - ERROR - Port not open, please check!
2026-01-28 19:31:04 - main.myLib.mySerial.Connector - ERROR - Port not open, please check!
2026-01-28 19:31:04 - main.myLib.mySerial.Connector - ERROR - Port not open, please check!
2026-01-28 19:31:04 - main.myLib.mySerial.Connector - ERROR - Port not open, please check!
2026-01-28 19:31:04 - main.myLib.mySerial.Connector - ERROR - Port not open, please check!
2026-01-28 19:31:04 - main.myLib.mySerial.Connector - ERROR - Port not open, please check!
2026-01-28 19:31:04 - main.myLib.mySerial.Connector - ERROR - Port not open, please check!
2026-01-28 19:31:04 - main.myLib.mySerial.Connector - ERROR - Port not open, please check!
2026-01-28 19:31:04 - main.myLib.mySerial.Connector - ERROR - Port not open, please check!
2026-01-28 19:31:04 - main.myLib.mySerial.Connector - ERROR - Port not open, please check!
2026-01-28 19:31:05 - main.myLib.mySerial.Connector - ERROR - Port not open, please check!
2026-01-28 19:31:05 - main.myLib.mySerial.Connector - ERROR - Port not open, please check!
2026-01-28 19:31:05 - main.myLib.mySerial.Connector - ERROR - Port not open, please check!
2026-01-28 19:31:05 - main.myLib.mySerial.Connector - ERROR - Port not open, please check!
2026-01-28 19:31:05 - main.myLib.mySerial.Connector - ERROR - Port not open, please check!
2026-01-28 19:31:05 - main.myLib.mySerial.Connector - ERROR - Port not open, please check!
2026-01-28 19:31:05 - main.pigImuReader - ERROR - SerialException — ClearCommError failed (OSError(9, '控制代碼無效。', None, 6)).(The error occurred while clearing buffer, line 362.)
2026-01-28 19:31:08 - main.myLib.mySerial.Connector - ERROR - IOError, the device: COM9 can not be found or can not be configured!
2026-01-28 19:31:08 - main.myLib.mySerial.Connector - ERROR - Port not open, please check!
2026-01-28 19:31:08 - main.myLib.mySerial.Connector - ERROR - Port not open, please check!
2026-01-28 19:31:08 - main.myLib.mySerial.Connector - ERROR - Port not open, please check!
2026-01-28 19:31:08 - main.myLib.mySerial.Connector - ERROR - Port not open, please check!
2026-01-28 19:31:08 - main.myLib.mySerial.Connector - ERROR - Port not open, please check!
2026-01-28 19:31:08 - main.myLib.mySerial.Connector - ERROR - Port not open, please check!
2026-01-28 19:31:08 - main.myLib.mySerial.Connector - ERROR - Port not open, please check!
2026-01-28 19:31:08 - main.myLib.mySerial.Connector - ERROR - Port not open, please check!
2026-01-28 19:31:08 - main.myLib.mySerial.Connector - ERROR - Port not open, please check!
2026-01-28 19:31:08 - main.myLib.mySerial.Connector - ERROR - Port not open, please check!
2026-01-28 19:31:08 - main.myLib.mySerial.Connector - ERROR - Port not open, please check!
2026-01-28 19:31:08 - main.myLib.mySerial.Connector - ERROR - Port not open, please check!
2026-01-28 19:31:09 - main.myLib.mySerial.Connector - ERROR - Port not open, please check!
2026-01-28 19:31:09 - main.myLib.mySerial.Connector - ERROR - Port not open, please check!
2026-01-28 19:31:09 - main.myLib.mySerial.Connector - ERROR - Port not open, please check!
2026-01-28 19:31:09 - main.myLib.mySerial.Connector - ERROR - Port not open, please check!
2026-01-28 19:31:09 - main.myLib.mySerial.Connector - ERROR - Port not open, please check!
2026-01-28 19:31:09 - main.myLib.mySerial.Connector - ERROR - Port not open, please check!
2026-01-28 19:31:09 - main.pigImuReader - ERROR - SerialException — ClearCommError failed (OSError(9, '控制代碼無效。', None, 6)).(The error occurred while clearing buffer, line 362.)
2026-01-29 09:42:12 - main.pigImuReader - ERROR - SerialException — ClearCommError failed (OSError(9, '控制代碼無效。', None, 6)).(An error occurred during the data retrieval process, line 444.)
2026-01-29 09:42:12 - main.myLib.mySerial.Connector - ERROR - The device can not be found or can not be configured.
2026-01-29 09:42:12 - main.myLib.mySerial.Connector - ERROR - The device can not be found or can not be configured.
2026-01-29 09:42:12 - main.myLib.mySerial.Connector - ERROR - The device can not be found or can not be configured.
2026-01-29 09:42:12 - main.myLib.mySerial.Connector - ERROR - Port not open, please check!
2026-01-29 09:42:12 - main.myLib.mySerial.Connector - ERROR - Port not open, please check!
2026-01-29 09:42:12 - main.myLib.mySerial.Connector - ERROR - Port not open, please check!
2026-01-29 09:42:13 - main.myLib.mySerial.Connector - ERROR - Port not open, please check!
2026-01-29 09:42:13 - main.myLib.mySerial.Connector - ERROR - Port not open, please check!
2026-01-29 09:42:13 - main.myLib.mySerial.Connector - ERROR - Port not open, please check!
2026-01-29 09:42:13 - main.myLib.mySerial.Connector - ERROR - Port not open, please check!
2026-01-29 09:42:13 - main.myLib.mySerial.Connector - ERROR - Port not open, please check!
2026-01-29 09:42:13 - main.myLib.mySerial.Connector - ERROR - Port not open, please check!
2026-01-29 09:42:13 - main.myLib.mySerial.Connector - ERROR - Port not open, please check!
2026-01-29 09:42:13 - main.myLib.mySerial.Connector - ERROR - Port not open, please check!
2026-01-29 09:42:13 - main.myLib.mySerial.Connector - ERROR - Port not open, please check!
2026-01-29 09:42:13 - main.myLib.mySerial.Connector - ERROR - Port not open, please check!
2026-01-29 09:42:13 - main.myLib.mySerial.Connector - ERROR - Port not open, please check!
2026-01-29 09:42:13 - main.myLib.mySerial.Connector - ERROR - Port not open, please check!
2026-01-29 09:42:13 - main.pigImuReader - ERROR - SerialException — ClearCommError failed (OSError(9, '控制代碼無效。', None, 6)).(The error occurred while clearing buffer, line 362.)
