2025-10-23 15:10:18 - main - INFO - create log stuff done, 
2025-10-23 15:10:18 - main - INFO - process start
2025-10-23 15:10:21 - main.myLib.common - INFO - myLib.common logger start
2025-10-23 15:10:21 - main.myLib.myGui.mygui_serial - INFO - myLib.myGui.mygui_serial logger start
2025-10-23 15:10:22 - main.myLib.mySerial.Connector - INFO - myLib.mySerial.Connector logger start
2025-10-23 15:10:22 - main.myLib.myGui.pig_parameters_widget - INFO - myLib.myGui.pig_parameters_widget logger start
2025-10-23 15:10:22 - main.myLib.myGui.myLabel - INFO - myLib.myGui.myLabel logger start
2025-10-23 15:10:22 - main.myLib.myGui.myComboBox - INFO - myLib.myGui.myComboBox logger start
2025-10-23 15:10:22 - main.myLib.myGui.pig_menu_manager - INFO - myLib.myGui.pig_menu_manager logger start
2025-10-23 15:10:22 - main.myLib.myGui.analysis_Allan - INFO - myLib.myGui.analysis_Allan logger start
2025-10-23 15:10:22 - main.myLib.myGui.graph - INFO - myLib.myGui.graph logger start
2025-10-23 15:10:26 - main.myLib.myGui.myProgressBar - INFO - myLib.myGui.myProgressBar logger start
2025-10-23 15:10:26 - main.myLib.myGui.analysis_TimingPlot - INFO - myLib.myGui.analysis_TimingPlot logger start
2025-10-23 15:10:26 - main.myLib.myGui.myRadioButton - INFO - myLib.myGui.myRadioButton logger start
2025-10-23 15:10:26 - main.pigImu_Widget - INFO - pigImu_Widget logger start
2025-10-23 15:10:26 - main.myLib.myGui.myLineEdit - INFO - myLib.myGui.myLineEdit logger start
2025-10-23 15:10:26 - main.myLib.myGui.myCheckBox - INFO - myLib.myGui.myCheckBox logger start
2025-10-23 15:10:26 - main.pigImuReader - INFO - pigImuReader logger start
2025-10-23 15:10:26 - main.myLib.mySerial.getData - INFO - myLib.mySerial.getData logger start
2025-10-23 15:10:26 - main.myLib.crcCalculator.crcLib - INFO - myLib.crcCalculator.crcLib logger start
2025-10-23 15:10:26 - main.myLib.myFilter.filter - INFO - myLib.myFilter.filter logger start
2025-10-23 15:10:26 - main.myLib.myGui.pig_W_A_calibration_parameter_widget - INFO - myLib.myGui.pig_W_A_calibration_parameter_widget logger start
2025-10-23 15:10:26 - main.myLib.myGui.pig_version_widget - INFO - myLib.myGui.pig_version_widget logger start
2025-10-23 15:10:52 - main.myLib.mySerial.Connector - INFO - COM18 is connected
2025-10-23 15:10:56 - main.myLib.myGui.mygui_serial - INFO - The GUI is started to read the data.
2025-10-23 15:10:56 - main.myLib.common - INFO - AttributeError: the file attempt to close does not exist!
2025-10-23 15:10:56 - main.myLib.myGui.mygui_serial - INFO - The save checkbox is not checked.
2025-10-23 15:10:56 - main.myLib.common - INFO - AttributeError: the file attempt to close does not exist!
2025-10-23 15:10:56 - main.myLib.common - INFO - AttributeError: the file attempt to close does not exist!
2025-10-23 15:11:13 - main.myLib.common - INFO - AttributeError: the file attempt to close does not exist!
2025-10-23 15:11:13 - main.myLib.myGui.mygui_serial - INFO - The GUI is stopped reading the data.
2025-10-23 15:11:18 - main.pigImuReader - ERROR - SerialException — ClearCommError failed (OSError(9, '控制代碼無效。', None, 6)).(An error occurred during the data retrieval process, line 443.)
2025-10-23 15:11:18 - main.myLib.mySerial.Connector - ERROR - The device can not be found or can not be configured.
2025-10-23 15:11:18 - main.myLib.mySerial.Connector - ERROR - The device can not be found or can not be configured.
2025-10-23 15:11:18 - main.myLib.mySerial.Connector - ERROR - The device can not be found or can not be configured.
2025-10-23 15:11:19 - main.myLib.mySerial.Connector - INFO - COM18 is disconnected
2025-10-23 15:11:19 - main.myLib.common - INFO - AttributeError: the file attempt to close does not exist!
2025-10-23 15:11:19 - main.myLib.mySerial.Connector - ERROR - Port not open, please check!
2025-10-23 15:11:19 - main.myLib.mySerial.Connector - ERROR - Port not open, please check!
2025-10-23 15:11:19 - main.myLib.mySerial.Connector - ERROR - Port not open, please check!
2025-10-23 15:11:19 - main.myLib.mySerial.Connector - ERROR - Port not open, please check!
2025-10-23 15:11:19 - main.myLib.mySerial.Connector - ERROR - Port not open, please check!
2025-10-23 15:11:19 - main.myLib.mySerial.Connector - ERROR - Port not open, please check!
2025-10-23 15:11:19 - main.myLib.mySerial.Connector - ERROR - Port not open, please check!
2025-10-23 15:11:19 - main.myLib.mySerial.Connector - ERROR - Port not open, please check!
2025-10-23 15:11:19 - main.myLib.mySerial.Connector - ERROR - Port not open, please check!
2025-10-23 15:11:19 - main.myLib.mySerial.Connector - ERROR - Port not open, please check!
2025-10-23 15:11:19 - main.myLib.mySerial.Connector - ERROR - Port not open, please check!
2025-10-23 15:11:19 - main.myLib.mySerial.Connector - ERROR - Port not open, please check!
2025-10-23 15:11:20 - main.myLib.mySerial.Connector - ERROR - Port not open, please check!
2025-10-23 15:11:20 - main.myLib.mySerial.Connector - ERROR - Port not open, please check!
2025-10-23 15:11:20 - main.myLib.mySerial.Connector - ERROR - Port not open, please check!
2025-10-23 15:11:20 - main.pigImuReader - ERROR - SerialException — ClearCommError failed (OSError(9, '控制代碼無效。', None, 6)).(The error occurred while clearing buffer, line 361.)
2025-10-30 14:39:33 - main - INFO - create log stuff done, 
2025-10-30 14:39:33 - main - INFO - process start
2025-10-30 14:39:35 - main.myLib.common - INFO - myLib.common logger start
2025-10-30 14:39:35 - main.myLib.myGui.mygui_serial - INFO - myLib.myGui.mygui_serial logger start
2025-10-30 14:39:36 - main.myLib.mySerial.Connector - INFO - myLib.mySerial.Connector logger start
2025-10-30 14:39:36 - main.myLib.myGui.pig_parameters_widget - INFO - myLib.myGui.pig_parameters_widget logger start
2025-10-30 14:39:36 - main.myLib.myGui.myLabel - INFO - myLib.myGui.myLabel logger start
2025-10-30 14:39:36 - main.myLib.myGui.myComboBox - INFO - myLib.myGui.myComboBox logger start
2025-10-30 14:39:36 - main.myLib.myGui.pig_menu_manager - INFO - myLib.myGui.pig_menu_manager logger start
2025-10-30 14:39:36 - main.myLib.myGui.analysis_Allan - INFO - myLib.myGui.analysis_Allan logger start
2025-10-30 14:39:36 - main.myLib.myGui.graph - INFO - myLib.myGui.graph logger start
2025-10-30 14:39:40 - main.myLib.myGui.myProgressBar - INFO - myLib.myGui.myProgressBar logger start
2025-10-30 14:39:40 - main.myLib.myGui.analysis_TimingPlot - INFO - myLib.myGui.analysis_TimingPlot logger start
2025-10-30 14:39:40 - main.myLib.myGui.myRadioButton - INFO - myLib.myGui.myRadioButton logger start
2025-10-30 14:39:40 - main.pigImu_Widget - INFO - pigImu_Widget logger start
2025-10-30 14:39:40 - main.myLib.myGui.myLineEdit - INFO - myLib.myGui.myLineEdit logger start
2025-10-30 14:39:40 - main.myLib.myGui.myCheckBox - INFO - myLib.myGui.myCheckBox logger start
2025-10-30 14:39:40 - main.pigImuReader - INFO - pigImuReader logger start
2025-10-30 14:39:40 - main.myLib.mySerial.getData - INFO - myLib.mySerial.getData logger start
2025-10-30 14:39:40 - main.myLib.crcCalculator.crcLib - INFO - myLib.crcCalculator.crcLib logger start
2025-10-30 14:39:40 - main.myLib.myFilter.filter - INFO - myLib.myFilter.filter logger start
2025-10-30 14:39:40 - main.myLib.myGui.pig_W_A_calibration_parameter_widget - INFO - myLib.myGui.pig_W_A_calibration_parameter_widget logger start
2025-10-30 14:39:40 - main.myLib.myGui.pig_version_widget - INFO - myLib.myGui.pig_version_widget logger start
2026-01-13 17:41:34 - main - INFO - create log stuff done, 
2026-01-13 17:41:34 - main - INFO - process start
2026-01-13 17:41:35 - main.myLib.common - INFO - myLib.common logger start
2026-01-13 17:41:35 - main.myLib.myGui.mygui_serial - INFO - myLib.myGui.mygui_serial logger start
2026-01-13 17:41:35 - main.myLib.mySerial.Connector - INFO - myLib.mySerial.Connector logger start
2026-01-13 17:41:35 - main.myLib.myGui.pig_parameters_widget - INFO - myLib.myGui.pig_parameters_widget logger start
2026-01-13 17:41:35 - main.myLib.myGui.myLabel - INFO - myLib.myGui.myLabel logger start
2026-01-13 17:41:35 - main.myLib.myGui.myComboBox - INFO - myLib.myGui.myComboBox logger start
2026-01-13 17:41:35 - main.myLib.myGui.pig_menu_manager - INFO - myLib.myGui.pig_menu_manager logger start
2026-01-13 17:41:35 - main.myLib.myGui.analysis_Allan - INFO - myLib.myGui.analysis_Allan logger start
2026-01-13 17:41:35 - main.myLib.myGui.graph - INFO - myLib.myGui.graph logger start
2026-01-13 17:41:35 - main.myLib.myGui.myProgressBar - INFO - myLib.myGui.myProgressBar logger start
2026-01-13 17:41:35 - main.myLib.myGui.analysis_TimingPlot - INFO - myLib.myGui.analysis_TimingPlot logger start
2026-01-13 17:41:35 - main.myLib.myGui.myRadioButton - INFO - myLib.myGui.myRadioButton logger start
2026-01-13 17:41:35 - main.pigImu_Widget - INFO - pigImu_Widget logger start
2026-01-13 17:41:35 - main.myLib.myGui.myLineEdit - INFO - myLib.myGui.myLineEdit logger start
2026-01-13 17:41:35 - main.myLib.myGui.myCheckBox - INFO - myLib.myGui.myCheckBox logger start
2026-01-13 17:41:35 - main.pigImuReader - INFO - pigImuReader logger start
2026-01-13 17:41:35 - main.myLib.mySerial.getData - INFO - myLib.mySerial.getData logger start
2026-01-13 17:41:35 - main.myLib.crcCalculator.crcLib - INFO - myLib.crcCalculator.crcLib logger start
2026-01-13 17:41:35 - main.myLib.myFilter.filter - INFO - myLib.myFilter.filter logger start
2026-01-13 17:41:35 - main.myLib.myGui.pig_W_A_calibration_parameter_widget - INFO - myLib.myGui.pig_W_A_calibration_parameter_widget logger start
2026-01-13 17:41:35 - main.myLib.myGui.pig_version_widget - INFO - myLib.myGui.pig_version_widget logger start
2026-01-13 17:41:46 - main.myLib.mySerial.Connector - INFO - COM47 is connected
2026-01-13 17:41:49 - main.myLib.myGui.mygui_serial - INFO - The GUI is started to read the data.
2026-01-13 17:41:49 - main.myLib.common - INFO - AttributeError: the file attempt to close does not exist!
2026-01-13 17:41:49 - main.myLib.myGui.mygui_serial - INFO - The save checkbox is not checked.
2026-01-13 17:41:49 - main.myLib.common - INFO - AttributeError: the file attempt to close does not exist!
2026-01-13 17:41:49 - main.myLib.common - INFO - AttributeError: the file attempt to close does not exist!
2026-01-13 17:42:02 - main.myLib.common - INFO - AttributeError: the file attempt to close does not exist!
2026-01-13 17:42:02 - main.myLib.myGui.mygui_serial - INFO - The GUI is stopped reading the data.
2026-01-13 17:42:07 - main.myLib.mySerial.Connector - INFO - COM47 is disconnected
2026-01-13 17:43:15 - main - INFO - create log stuff done, 
2026-01-13 17:43:15 - main - INFO - process start
2026-01-13 17:43:16 - main.myLib.common - INFO - myLib.common logger start
2026-01-13 17:43:16 - main.myLib.myGui.mygui_serial - INFO - myLib.myGui.mygui_serial logger start
2026-01-13 17:43:16 - main.myLib.mySerial.Connector - INFO - myLib.mySerial.Connector logger start
2026-01-13 17:43:16 - main.myLib.myGui.pig_parameters_widget - INFO - myLib.myGui.pig_parameters_widget logger start
2026-01-13 17:43:16 - main.myLib.myGui.myLabel - INFO - myLib.myGui.myLabel logger start
2026-01-13 17:43:16 - main.myLib.myGui.myComboBox - INFO - myLib.myGui.myComboBox logger start
2026-01-13 17:43:16 - main.myLib.myGui.pig_menu_manager - INFO - myLib.myGui.pig_menu_manager logger start
2026-01-13 17:43:16 - main.myLib.myGui.analysis_Allan - INFO - myLib.myGui.analysis_Allan logger start
2026-01-13 17:43:16 - main.myLib.myGui.graph - INFO - myLib.myGui.graph logger start
2026-01-13 17:43:16 - main.myLib.myGui.myProgressBar - INFO - myLib.myGui.myProgressBar logger start
2026-01-13 17:43:16 - main.myLib.myGui.analysis_TimingPlot - INFO - myLib.myGui.analysis_TimingPlot logger start
2026-01-13 17:43:16 - main.myLib.myGui.myRadioButton - INFO - myLib.myGui.myRadioButton logger start
2026-01-13 17:43:16 - main.pigImu_Widget - INFO - pigImu_Widget logger start
2026-01-13 17:43:16 - main.myLib.myGui.myLineEdit - INFO - myLib.myGui.myLineEdit logger start
2026-01-13 17:43:16 - main.myLib.myGui.myCheckBox - INFO - myLib.myGui.myCheckBox logger start
2026-01-13 17:43:16 - main.pigImuReader - INFO - pigImuReader logger start
2026-01-13 17:43:16 - main.myLib.mySerial.getData - INFO - myLib.mySerial.getData logger start
2026-01-13 17:43:16 - main.myLib.crcCalculator.crcLib - INFO - myLib.crcCalculator.crcLib logger start
2026-01-13 17:43:16 - main.myLib.myFilter.filter - INFO - myLib.myFilter.filter logger start
2026-01-13 17:43:16 - main.myLib.myGui.pig_W_A_calibration_parameter_widget - INFO - myLib.myGui.pig_W_A_calibration_parameter_widget logger start
2026-01-13 17:43:16 - main.myLib.myGui.pig_version_widget - INFO - myLib.myGui.pig_version_widget logger start
2026-01-13 17:43:20 - main.myLib.mySerial.Connector - INFO - COM46 is connected
2026-01-13 17:43:22 - main.myLib.myGui.mygui_serial - INFO - The GUI is started to read the data.
2026-01-13 17:43:22 - main.myLib.common - INFO - AttributeError: the file attempt to close does not exist!
2026-01-13 17:43:22 - main.myLib.myGui.mygui_serial - INFO - The save checkbox is not checked.
2026-01-13 17:43:22 - main.myLib.common - INFO - AttributeError: the file attempt to close does not exist!
2026-01-13 17:43:22 - main.myLib.common - INFO - AttributeError: the file attempt to close does not exist!
2026-01-13 17:44:40 - main.myLib.common - INFO - AttributeError: the file attempt to close does not exist!
2026-01-13 17:44:40 - main.myLib.myGui.mygui_serial - INFO - The GUI is stopped reading the data.
2026-01-13 17:44:45 - main.myLib.mySerial.Connector - INFO - COM46 is disconnected
2026-01-13 17:45:34 - main.myLib.mySerial.Connector - INFO - COM46 is connected
2026-01-13 17:45:38 - main.myLib.myGui.mygui_serial - INFO - The GUI is started to read the data.
2026-01-13 17:45:38 - main.myLib.common - INFO - AttributeError: the file attempt to close does not exist!
2026-01-13 17:45:38 - main.myLib.myGui.mygui_serial - INFO - The save checkbox is not checked.
2026-01-13 17:45:38 - main.myLib.common - INFO - AttributeError: the file attempt to close does not exist!
2026-01-13 17:45:38 - main.myLib.common - INFO - AttributeError: the file attempt to close does not exist!
2026-01-13 17:45:41 - main.pigImuReader - INFO - timeout occurs.(發生Timeout)
2026-01-13 17:45:41 - main.myLib.myGui.mygui_serial - INFO - The device is reset. (設備重置)
2026-01-13 17:45:41 - main.myLib.myGui.mygui_serial - ERROR - Exception — unsupported operand type(s) for +: 'NoneType' and 'datetime.timedelta', line 388.)
2026-01-13 17:45:41 - main.myLib.common - INFO - AttributeError: the file attempt to close does not exist!
2026-01-13 17:45:45 - main.myLib.common - INFO - AttributeError: the file attempt to close does not exist!
2026-01-13 17:45:45 - main.myLib.myGui.mygui_serial - INFO - The GUI is stopped reading the data.
2026-01-13 17:45:53 - main.myLib.mySerial.Connector - INFO - COM46 is disconnected
2026-01-13 17:45:59 - main - INFO - create log stuff done, 
2026-01-13 17:45:59 - main - INFO - process start
2026-01-13 17:45:59 - main.myLib.common - INFO - myLib.common logger start
2026-01-13 17:45:59 - main.myLib.myGui.mygui_serial - INFO - myLib.myGui.mygui_serial logger start
2026-01-13 17:45:59 - main.myLib.mySerial.Connector - INFO - myLib.mySerial.Connector logger start
2026-01-13 17:45:59 - main.myLib.myGui.pig_parameters_widget - INFO - myLib.myGui.pig_parameters_widget logger start
2026-01-13 17:45:59 - main.myLib.myGui.myLabel - INFO - myLib.myGui.myLabel logger start
2026-01-13 17:45:59 - main.myLib.myGui.myComboBox - INFO - myLib.myGui.myComboBox logger start
2026-01-13 17:45:59 - main.myLib.myGui.pig_menu_manager - INFO - myLib.myGui.pig_menu_manager logger start
2026-01-13 17:45:59 - main.myLib.myGui.analysis_Allan - INFO - myLib.myGui.analysis_Allan logger start
2026-01-13 17:45:59 - main.myLib.myGui.graph - INFO - myLib.myGui.graph logger start
2026-01-13 17:46:00 - main.myLib.myGui.myProgressBar - INFO - myLib.myGui.myProgressBar logger start
2026-01-13 17:46:00 - main.myLib.myGui.analysis_TimingPlot - INFO - myLib.myGui.analysis_TimingPlot logger start
2026-01-13 17:46:00 - main.myLib.myGui.myRadioButton - INFO - myLib.myGui.myRadioButton logger start
2026-01-13 17:46:00 - main.pigImu_Widget - INFO - pigImu_Widget logger start
2026-01-13 17:46:00 - main.myLib.myGui.myLineEdit - INFO - myLib.myGui.myLineEdit logger start
2026-01-13 17:46:00 - main.myLib.myGui.myCheckBox - INFO - myLib.myGui.myCheckBox logger start
2026-01-13 17:46:00 - main.pigImuReader - INFO - pigImuReader logger start
2026-01-13 17:46:00 - main.myLib.mySerial.getData - INFO - myLib.mySerial.getData logger start
2026-01-13 17:46:00 - main.myLib.crcCalculator.crcLib - INFO - myLib.crcCalculator.crcLib logger start
2026-01-13 17:46:00 - main.myLib.myFilter.filter - INFO - myLib.myFilter.filter logger start
2026-01-13 17:46:00 - main.myLib.myGui.pig_W_A_calibration_parameter_widget - INFO - myLib.myGui.pig_W_A_calibration_parameter_widget logger start
2026-01-13 17:46:00 - main.myLib.myGui.pig_version_widget - INFO - myLib.myGui.pig_version_widget logger start
2026-01-13 17:46:03 - main.myLib.mySerial.Connector - INFO - COM46 is connected
2026-01-13 17:46:09 - main.myLib.myGui.mygui_serial - INFO - The GUI is started to read the data.
2026-01-13 17:46:09 - main.myLib.common - INFO - AttributeError: the file attempt to close does not exist!
2026-01-13 17:46:09 - main.myLib.myGui.mygui_serial - INFO - The save checkbox is not checked.
2026-01-13 17:46:09 - main.myLib.common - INFO - AttributeError: the file attempt to close does not exist!
2026-01-13 17:46:09 - main.myLib.common - INFO - AttributeError: the file attempt to close does not exist!
2026-01-13 17:46:26 - main.myLib.common - INFO - AttributeError: the file attempt to close does not exist!
2026-01-13 17:46:26 - main.myLib.myGui.mygui_serial - INFO - The GUI is stopped reading the data.
2026-01-13 17:46:28 - main.myLib.mySerial.Connector - ERROR - serial read timeout: check if the input power is ON, close the GUI and re-excute.
2026-01-13 17:46:28 - main.myLib.mySerial.getData - ERROR - alignHeader_4B Error
2026-01-13 17:46:28 - main.myLib.mySerial.Connector - ERROR - Other exceptional events occurred. The error is ''NoneType' object has no attribute 'hEvent''
2026-01-13 17:46:28 - main.myLib.mySerial.Connector - ERROR - The device can not be found or can not be configured.
2026-01-13 17:46:28 - main.myLib.mySerial.Connector - ERROR - The device can not be found or can not be configured.
2026-01-13 17:46:28 - main.myLib.mySerial.Connector - ERROR - The device can not be found or can not be configured.
2026-01-13 17:46:28 - main.myLib.mySerial.Connector - INFO - COM46 is disconnected
2026-01-13 17:46:28 - main.myLib.common - INFO - AttributeError: the file attempt to close does not exist!
2026-01-13 17:46:28 - main.myLib.mySerial.Connector - ERROR - Port not open, please check!
2026-01-13 17:46:28 - main.myLib.mySerial.Connector - ERROR - Port not open, please check!
2026-01-13 17:46:28 - main.myLib.mySerial.Connector - ERROR - Port not open, please check!
2026-01-13 17:46:28 - main.myLib.mySerial.Connector - ERROR - Port not open, please check!
2026-01-13 17:46:28 - main.myLib.mySerial.Connector - ERROR - Port not open, please check!
2026-01-13 17:46:28 - main.myLib.mySerial.Connector - ERROR - Port not open, please check!
2026-01-13 17:46:29 - main.myLib.mySerial.Connector - ERROR - Port not open, please check!
2026-01-13 17:46:29 - main.myLib.mySerial.Connector - ERROR - Port not open, please check!
2026-01-13 17:46:29 - main.myLib.mySerial.Connector - ERROR - Port not open, please check!
2026-01-13 17:46:29 - main.myLib.mySerial.Connector - ERROR - Port not open, please check!
2026-01-13 17:46:29 - main.myLib.mySerial.Connector - ERROR - Port not open, please check!
2026-01-13 17:46:29 - main.myLib.mySerial.Connector - ERROR - Port not open, please check!
2026-01-13 17:46:29 - main.myLib.mySerial.Connector - ERROR - Port not open, please check!
2026-01-13 17:46:29 - main.myLib.mySerial.Connector - ERROR - Port not open, please check!
2026-01-13 17:46:29 - main.myLib.mySerial.Connector - ERROR - Port not open, please check!
2026-01-13 17:46:29 - main.pigImuReader - ERROR - SerialException — ClearCommError failed (OSError(9, '控制代碼無效。', None, 6)).(The error occurred while clearing buffer, line 361.)
2026-01-13 17:47:05 - main - INFO - create log stuff done, 
2026-01-13 17:47:05 - main - INFO - process start
2026-01-13 17:47:05 - main.myLib.common - INFO - myLib.common logger start
2026-01-13 17:47:05 - main.myLib.myGui.mygui_serial - INFO - myLib.myGui.mygui_serial logger start
2026-01-13 17:47:05 - main.myLib.mySerial.Connector - INFO - myLib.mySerial.Connector logger start
2026-01-13 17:47:05 - main.myLib.myGui.pig_parameters_widget - INFO - myLib.myGui.pig_parameters_widget logger start
2026-01-13 17:47:05 - main.myLib.myGui.myLabel - INFO - myLib.myGui.myLabel logger start
2026-01-13 17:47:05 - main.myLib.myGui.myComboBox - INFO - myLib.myGui.myComboBox logger start
2026-01-13 17:47:05 - main.myLib.myGui.pig_menu_manager - INFO - myLib.myGui.pig_menu_manager logger start
2026-01-13 17:47:05 - main.myLib.myGui.analysis_Allan - INFO - myLib.myGui.analysis_Allan logger start
2026-01-13 17:47:05 - main.myLib.myGui.graph - INFO - myLib.myGui.graph logger start
2026-01-13 17:47:06 - main.myLib.myGui.myProgressBar - INFO - myLib.myGui.myProgressBar logger start
2026-01-13 17:47:06 - main.myLib.myGui.analysis_TimingPlot - INFO - myLib.myGui.analysis_TimingPlot logger start
2026-01-13 17:47:06 - main.myLib.myGui.myRadioButton - INFO - myLib.myGui.myRadioButton logger start
2026-01-13 17:47:06 - main.pigImu_Widget - INFO - pigImu_Widget logger start
2026-01-13 17:47:06 - main.myLib.myGui.myLineEdit - INFO - myLib.myGui.myLineEdit logger start
2026-01-13 17:47:06 - main.myLib.myGui.myCheckBox - INFO - myLib.myGui.myCheckBox logger start
2026-01-13 17:47:06 - main.pigImuReader - INFO - pigImuReader logger start
2026-01-13 17:47:06 - main.myLib.mySerial.getData - INFO - myLib.mySerial.getData logger start
2026-01-13 17:47:06 - main.myLib.crcCalculator.crcLib - INFO - myLib.crcCalculator.crcLib logger start
2026-01-13 17:47:06 - main.myLib.myFilter.filter - INFO - myLib.myFilter.filter logger start
2026-01-13 17:47:06 - main.myLib.myGui.pig_W_A_calibration_parameter_widget - INFO - myLib.myGui.pig_W_A_calibration_parameter_widget logger start
2026-01-13 17:47:06 - main.myLib.myGui.pig_version_widget - INFO - myLib.myGui.pig_version_widget logger start
2026-01-13 17:47:09 - main.myLib.mySerial.Connector - INFO - COM46 is connected
2026-01-13 17:47:12 - main.myLib.myGui.mygui_serial - INFO - The GUI is started to read the data.
2026-01-13 17:47:12 - main.myLib.common - INFO - AttributeError: the file attempt to close does not exist!
2026-01-13 17:47:12 - main.myLib.myGui.mygui_serial - INFO - The save checkbox is not checked.
2026-01-13 17:47:12 - main.myLib.common - INFO - AttributeError: the file attempt to close does not exist!
2026-01-13 17:47:12 - main.myLib.common - INFO - AttributeError: the file attempt to close does not exist!
2026-01-13 17:47:35 - main.myLib.common - INFO - AttributeError: the file attempt to close does not exist!
2026-01-13 17:47:35 - main.myLib.myGui.mygui_serial - INFO - The GUI is stopped reading the data.
2026-01-13 17:47:39 - main.myLib.mySerial.Connector - INFO - COM46 is disconnected
2026-01-13 17:47:40 - main.myLib.mySerial.Connector - INFO - COM46 is connected
2026-01-13 17:47:43 - main.myLib.myGui.mygui_serial - INFO - The GUI is started to read the data.
2026-01-13 17:47:43 - main.myLib.common - INFO - AttributeError: the file attempt to close does not exist!
2026-01-13 17:47:43 - main.myLib.myGui.mygui_serial - INFO - The save checkbox is not checked.
2026-01-13 17:47:43 - main.myLib.common - INFO - AttributeError: the file attempt to close does not exist!
2026-01-13 17:47:43 - main.myLib.common - INFO - AttributeError: the file attempt to close does not exist!
2026-01-13 17:47:45 - main.myLib.common - INFO - AttributeError: the file attempt to close does not exist!
2026-01-13 17:47:45 - main.myLib.myGui.mygui_serial - INFO - The GUI is stopped reading the data.
2026-01-13 17:47:50 - main.myLib.mySerial.Connector - INFO - COM46 is disconnected
2026-01-13 17:50:34 - main - INFO - create log stuff done, 
2026-01-13 17:50:34 - main - INFO - process start
2026-01-13 17:50:34 - main.myLib.common - INFO - myLib.common logger start
2026-01-13 17:50:34 - main.myLib.myGui.mygui_serial - INFO - myLib.myGui.mygui_serial logger start
2026-01-13 17:50:34 - main.myLib.mySerial.Connector - INFO - myLib.mySerial.Connector logger start
2026-01-13 17:50:34 - main.myLib.myGui.pig_parameters_widget - INFO - myLib.myGui.pig_parameters_widget logger start
2026-01-13 17:50:34 - main.myLib.myGui.myLabel - INFO - myLib.myGui.myLabel logger start
2026-01-13 17:50:34 - main.myLib.myGui.myComboBox - INFO - myLib.myGui.myComboBox logger start
2026-01-13 17:50:34 - main.myLib.myGui.pig_menu_manager - INFO - myLib.myGui.pig_menu_manager logger start
2026-01-13 17:50:34 - main.myLib.myGui.analysis_Allan - INFO - myLib.myGui.analysis_Allan logger start
2026-01-13 17:50:34 - main.myLib.myGui.graph - INFO - myLib.myGui.graph logger start
2026-01-13 17:50:35 - main.myLib.myGui.myProgressBar - INFO - myLib.myGui.myProgressBar logger start
2026-01-13 17:50:35 - main.myLib.myGui.analysis_TimingPlot - INFO - myLib.myGui.analysis_TimingPlot logger start
2026-01-13 17:50:35 - main.myLib.myGui.myRadioButton - INFO - myLib.myGui.myRadioButton logger start
2026-01-13 17:50:35 - main.pigImu_Widget - INFO - pigImu_Widget logger start
2026-01-13 17:50:35 - main.myLib.myGui.myLineEdit - INFO - myLib.myGui.myLineEdit logger start
2026-01-13 17:50:35 - main.myLib.myGui.myCheckBox - INFO - myLib.myGui.myCheckBox logger start
2026-01-13 17:50:35 - main.pigImuReader - INFO - pigImuReader logger start
2026-01-13 17:50:35 - main.myLib.mySerial.getData - INFO - myLib.mySerial.getData logger start
2026-01-13 17:50:35 - main.myLib.crcCalculator.crcLib - INFO - myLib.crcCalculator.crcLib logger start
2026-01-13 17:50:35 - main.myLib.myFilter.filter - INFO - myLib.myFilter.filter logger start
2026-01-13 17:50:35 - main.myLib.myGui.pig_W_A_calibration_parameter_widget - INFO - myLib.myGui.pig_W_A_calibration_parameter_widget logger start
2026-01-13 17:50:35 - main.myLib.myGui.pig_version_widget - INFO - myLib.myGui.pig_version_widget logger start
2026-01-13 17:50:39 - main.myLib.mySerial.Connector - INFO - COM20 is connected
2026-01-13 17:50:42 - main.myLib.myGui.mygui_serial - INFO - The GUI is started to read the data.
2026-01-13 17:50:42 - main.myLib.common - INFO - AttributeError: the file attempt to close does not exist!
2026-01-13 17:50:42 - main.myLib.myGui.mygui_serial - INFO - The save checkbox is not checked.
2026-01-13 17:50:42 - main.myLib.common - INFO - AttributeError: the file attempt to close does not exist!
2026-01-13 17:50:42 - main.myLib.common - INFO - AttributeError: the file attempt to close does not exist!
2026-01-13 17:50:55 - main.myLib.common - INFO - AttributeError: the file attempt to close does not exist!
2026-01-13 17:50:55 - main.myLib.myGui.mygui_serial - INFO - The GUI is stopped reading the data.
2026-01-13 17:50:59 - main.myLib.mySerial.Connector - INFO - COM20 is disconnected
2026-01-13 17:52:04 - main - INFO - create log stuff done, 
2026-01-13 17:52:04 - main - INFO - process start
2026-01-13 17:52:04 - main.myLib.common - INFO - myLib.common logger start
2026-01-13 17:52:04 - main.myLib.myGui.mygui_serial - INFO - myLib.myGui.mygui_serial logger start
2026-01-13 17:52:04 - main.myLib.mySerial.Connector - INFO - myLib.mySerial.Connector logger start
2026-01-13 17:52:04 - main.myLib.myGui.pig_parameters_widget - INFO - myLib.myGui.pig_parameters_widget logger start
2026-01-13 17:52:04 - main.myLib.myGui.myLabel - INFO - myLib.myGui.myLabel logger start
2026-01-13 17:52:04 - main.myLib.myGui.myComboBox - INFO - myLib.myGui.myComboBox logger start
2026-01-13 17:52:04 - main.myLib.myGui.pig_menu_manager - INFO - myLib.myGui.pig_menu_manager logger start
2026-01-13 17:52:04 - main.myLib.myGui.analysis_Allan - INFO - myLib.myGui.analysis_Allan logger start
2026-01-13 17:52:04 - main.myLib.myGui.graph - INFO - myLib.myGui.graph logger start
2026-01-13 17:52:05 - main.myLib.myGui.myProgressBar - INFO - myLib.myGui.myProgressBar logger start
2026-01-13 17:52:05 - main.myLib.myGui.analysis_TimingPlot - INFO - myLib.myGui.analysis_TimingPlot logger start
2026-01-13 17:52:05 - main.myLib.myGui.myRadioButton - INFO - myLib.myGui.myRadioButton logger start
2026-01-13 17:52:05 - main.pigImu_Widget - INFO - pigImu_Widget logger start
2026-01-13 17:52:05 - main.myLib.myGui.myLineEdit - INFO - myLib.myGui.myLineEdit logger start
2026-01-13 17:52:05 - main.myLib.myGui.myCheckBox - INFO - myLib.myGui.myCheckBox logger start
2026-01-13 17:52:05 - main.pigImuReader - INFO - pigImuReader logger start
2026-01-13 17:52:05 - main.myLib.mySerial.getData - INFO - myLib.mySerial.getData logger start
2026-01-13 17:52:05 - main.myLib.crcCalculator.crcLib - INFO - myLib.crcCalculator.crcLib logger start
2026-01-13 17:52:05 - main.myLib.myFilter.filter - INFO - myLib.myFilter.filter logger start
2026-01-13 17:52:05 - main.myLib.myGui.pig_W_A_calibration_parameter_widget - INFO - myLib.myGui.pig_W_A_calibration_parameter_widget logger start
2026-01-13 17:52:05 - main.myLib.myGui.pig_version_widget - INFO - myLib.myGui.pig_version_widget logger start
2026-01-13 17:52:12 - main.myLib.mySerial.Connector - INFO - COM47 is connected
2026-01-13 17:52:14 - main.myLib.myGui.mygui_serial - INFO - The GUI is started to read the data.
2026-01-13 17:52:14 - main.myLib.common - INFO - AttributeError: the file attempt to close does not exist!
2026-01-13 17:52:14 - main.myLib.myGui.mygui_serial - INFO - The save checkbox is not checked.
2026-01-13 17:52:14 - main.myLib.common - INFO - AttributeError: the file attempt to close does not exist!
2026-01-13 17:52:14 - main.myLib.common - INFO - AttributeError: the file attempt to close does not exist!
2026-01-13 17:52:41 - main.myLib.common - INFO - AttributeError: the file attempt to close does not exist!
2026-01-13 17:52:41 - main.myLib.myGui.mygui_serial - INFO - The GUI is stopped reading the data.
2026-01-13 17:52:46 - main.myLib.mySerial.Connector - INFO - COM47 is disconnected
2026-01-13 17:54:08 - main - INFO - create log stuff done, 
2026-01-13 17:54:08 - main - INFO - process start
2026-01-13 17:54:08 - main.myLib.common - INFO - myLib.common logger start
2026-01-13 17:54:08 - main.myLib.myGui.mygui_serial - INFO - myLib.myGui.mygui_serial logger start
2026-01-13 17:54:08 - main.myLib.mySerial.Connector - INFO - myLib.mySerial.Connector logger start
2026-01-13 17:54:08 - main.myLib.myGui.pig_parameters_widget - INFO - myLib.myGui.pig_parameters_widget logger start
2026-01-13 17:54:08 - main.myLib.myGui.myLabel - INFO - myLib.myGui.myLabel logger start
2026-01-13 17:54:08 - main.myLib.myGui.myComboBox - INFO - myLib.myGui.myComboBox logger start
2026-01-13 17:54:08 - main.myLib.myGui.pig_menu_manager - INFO - myLib.myGui.pig_menu_manager logger start
2026-01-13 17:54:08 - main.myLib.myGui.analysis_Allan - INFO - myLib.myGui.analysis_Allan logger start
2026-01-13 17:54:08 - main.myLib.myGui.graph - INFO - myLib.myGui.graph logger start
2026-01-13 17:54:08 - main.myLib.myGui.myProgressBar - INFO - myLib.myGui.myProgressBar logger start
2026-01-13 17:54:08 - main.myLib.myGui.analysis_TimingPlot - INFO - myLib.myGui.analysis_TimingPlot logger start
2026-01-13 17:54:08 - main.myLib.myGui.myRadioButton - INFO - myLib.myGui.myRadioButton logger start
2026-01-13 17:54:08 - main.pigImu_Widget - INFO - pigImu_Widget logger start
2026-01-13 17:54:08 - main.myLib.myGui.myLineEdit - INFO - myLib.myGui.myLineEdit logger start
2026-01-13 17:54:08 - main.myLib.myGui.myCheckBox - INFO - myLib.myGui.myCheckBox logger start
2026-01-13 17:54:08 - main.pigImuReader - INFO - pigImuReader logger start
2026-01-13 17:54:08 - main.myLib.mySerial.getData - INFO - myLib.mySerial.getData logger start
2026-01-13 17:54:08 - main.myLib.crcCalculator.crcLib - INFO - myLib.crcCalculator.crcLib logger start
2026-01-13 17:54:08 - main.myLib.myFilter.filter - INFO - myLib.myFilter.filter logger start
2026-01-13 17:54:08 - main.myLib.myGui.pig_W_A_calibration_parameter_widget - INFO - myLib.myGui.pig_W_A_calibration_parameter_widget logger start
2026-01-13 17:54:08 - main.myLib.myGui.pig_version_widget - INFO - myLib.myGui.pig_version_widget logger start
2026-01-13 17:54:27 - main.myLib.mySerial.Connector - INFO - COM20 is connected
2026-01-13 17:54:29 - main.myLib.myGui.mygui_serial - INFO - The GUI is started to read the data.
2026-01-13 17:54:29 - main.myLib.common - INFO - AttributeError: the file attempt to close does not exist!
2026-01-13 17:54:29 - main.myLib.myGui.mygui_serial - INFO - The save checkbox is not checked.
2026-01-13 17:54:29 - main.myLib.common - INFO - AttributeError: the file attempt to close does not exist!
2026-01-13 17:54:29 - main.myLib.common - INFO - AttributeError: the file attempt to close does not exist!
2026-01-13 17:54:37 - main.myLib.common - INFO - AttributeError: the file attempt to close does not exist!
2026-01-13 17:54:37 - main.myLib.myGui.mygui_serial - INFO - The GUI is stopped reading the data.
2026-01-13 17:54:42 - main.myLib.mySerial.Connector - INFO - COM20 is disconnected
2026-01-14 10:58:34 - main - INFO - create log stuff done, 
2026-01-14 10:58:34 - main - INFO - process start
2026-01-14 10:58:36 - main.myLib.common - INFO - myLib.common logger start
2026-01-14 10:58:36 - main.myLib.myGui.mygui_serial - INFO - myLib.myGui.mygui_serial logger start
2026-01-14 10:58:37 - main.myLib.mySerial.Connector - INFO - myLib.mySerial.Connector logger start
2026-01-14 10:58:37 - main.myLib.myGui.pig_parameters_widget - INFO - myLib.myGui.pig_parameters_widget logger start
2026-01-14 10:58:37 - main.myLib.myGui.myLabel - INFO - myLib.myGui.myLabel logger start
2026-01-14 10:58:37 - main.myLib.myGui.myComboBox - INFO - myLib.myGui.myComboBox logger start
2026-01-14 10:58:37 - main.myLib.myGui.pig_menu_manager - INFO - myLib.myGui.pig_menu_manager logger start
2026-01-14 10:58:37 - main.myLib.myGui.analysis_Allan - INFO - myLib.myGui.analysis_Allan logger start
2026-01-14 10:58:37 - main.myLib.myGui.graph - INFO - myLib.myGui.graph logger start
2026-01-14 10:58:41 - main.myLib.myGui.myProgressBar - INFO - myLib.myGui.myProgressBar logger start
2026-01-14 10:58:41 - main.myLib.myGui.analysis_TimingPlot - INFO - myLib.myGui.analysis_TimingPlot logger start
2026-01-14 10:58:41 - main.myLib.myGui.myRadioButton - INFO - myLib.myGui.myRadioButton logger start
2026-01-14 10:58:41 - main.pigImu_Widget - INFO - pigImu_Widget logger start
2026-01-14 10:58:41 - main.myLib.myGui.myLineEdit - INFO - myLib.myGui.myLineEdit logger start
2026-01-14 10:58:41 - main.myLib.myGui.myCheckBox - INFO - myLib.myGui.myCheckBox logger start
2026-01-14 10:58:41 - main.pigImuReader - INFO - pigImuReader logger start
2026-01-14 10:58:41 - main.myLib.mySerial.getData - INFO - myLib.mySerial.getData logger start
2026-01-14 10:58:41 - main.myLib.crcCalculator.crcLib - INFO - myLib.crcCalculator.crcLib logger start
2026-01-14 10:58:41 - main.myLib.myFilter.filter - INFO - myLib.myFilter.filter logger start
2026-01-14 10:58:41 - main.myLib.myGui.pig_W_A_calibration_parameter_widget - INFO - myLib.myGui.pig_W_A_calibration_parameter_widget logger start
2026-01-14 10:58:41 - main.myLib.myGui.pig_version_widget - INFO - myLib.myGui.pig_version_widget logger start
2026-01-14 10:58:48 - main.myLib.mySerial.Connector - INFO - COM46 is connected
2026-01-14 10:58:50 - main.myLib.myGui.mygui_serial - INFO - The GUI is started to read the data.
2026-01-14 10:58:50 - main.myLib.common - INFO - AttributeError: the file attempt to close does not exist!
2026-01-14 10:58:50 - main.myLib.myGui.mygui_serial - INFO - The save checkbox is not checked.
2026-01-14 10:58:50 - main.myLib.common - INFO - AttributeError: the file attempt to close does not exist!
2026-01-14 10:58:50 - main.myLib.common - INFO - AttributeError: the file attempt to close does not exist!
2026-01-14 10:58:53 - main.myLib.common - INFO - AttributeError: the file attempt to close does not exist!
2026-01-14 10:58:53 - main.myLib.myGui.mygui_serial - INFO - The GUI is stopped reading the data.
2026-01-14 10:58:58 - main.myLib.mySerial.Connector - INFO - COM46 is disconnected
2026-01-14 10:59:08 - main.myLib.mySerial.Connector - INFO - COM46 is connected
2026-01-14 10:59:13 - main.myLib.myGui.mygui_serial - INFO - The GUI is started to read the data.
2026-01-14 10:59:13 - main.myLib.common - INFO - AttributeError: the file attempt to close does not exist!
2026-01-14 10:59:13 - main.myLib.myGui.mygui_serial - INFO - The save checkbox is not checked.
2026-01-14 10:59:13 - main.myLib.common - INFO - AttributeError: the file attempt to close does not exist!
2026-01-14 10:59:13 - main.myLib.common - INFO - AttributeError: the file attempt to close does not exist!
2026-01-14 10:59:17 - main.myLib.common - INFO - AttributeError: the file attempt to close does not exist!
2026-01-14 10:59:17 - main.myLib.myGui.mygui_serial - INFO - The GUI is stopped reading the data.
2026-01-14 10:59:19 - main.myLib.mySerial.Connector - ERROR - serial read timeout: check if the input power is ON, close the GUI and re-excute.
2026-01-14 10:59:19 - main.myLib.mySerial.getData - ERROR - alignHeader_4B Error
2026-01-14 10:59:19 - main.myLib.mySerial.Connector - ERROR - Other exceptional events occurred. The error is ''NoneType' object has no attribute 'hEvent''
2026-01-14 10:59:19 - main.myLib.mySerial.Connector - ERROR - The device can not be found or can not be configured.
2026-01-14 10:59:19 - main.myLib.mySerial.Connector - ERROR - The device can not be found or can not be configured.
2026-01-14 10:59:19 - main.myLib.mySerial.Connector - ERROR - The device can not be found or can not be configured.
2026-01-14 10:59:19 - main.myLib.mySerial.Connector - INFO - COM46 is disconnected
2026-01-14 10:59:19 - main.myLib.common - INFO - AttributeError: the file attempt to close does not exist!
2026-01-14 10:59:19 - main.myLib.mySerial.Connector - ERROR - Port not open, please check!
2026-01-14 10:59:19 - main.myLib.mySerial.Connector - ERROR - Port not open, please check!
2026-01-14 10:59:19 - main.myLib.mySerial.Connector - ERROR - Port not open, please check!
2026-01-14 10:59:20 - main.myLib.mySerial.Connector - ERROR - Port not open, please check!
2026-01-14 10:59:20 - main.myLib.mySerial.Connector - ERROR - Port not open, please check!
2026-01-14 10:59:20 - main.myLib.mySerial.Connector - ERROR - Port not open, please check!
2026-01-14 10:59:20 - main.myLib.mySerial.Connector - ERROR - Port not open, please check!
2026-01-14 10:59:20 - main.myLib.mySerial.Connector - ERROR - Port not open, please check!
2026-01-14 10:59:20 - main.myLib.mySerial.Connector - ERROR - Port not open, please check!
2026-01-14 10:59:20 - main.myLib.mySerial.Connector - ERROR - Port not open, please check!
2026-01-14 10:59:20 - main.myLib.mySerial.Connector - ERROR - Port not open, please check!
2026-01-14 10:59:20 - main.myLib.mySerial.Connector - ERROR - Port not open, please check!
2026-01-14 10:59:20 - main.myLib.mySerial.Connector - ERROR - Port not open, please check!
2026-01-14 10:59:20 - main.myLib.mySerial.Connector - ERROR - Port not open, please check!
2026-01-14 10:59:20 - main.myLib.mySerial.Connector - ERROR - Port not open, please check!
2026-01-14 10:59:20 - main.pigImuReader - ERROR - SerialException — ClearCommError failed (OSError(9, '控制代碼無效。', None, 6)).(The error occurred while clearing buffer, line 361.)
2026-01-14 10:59:28 - main - INFO - create log stuff done, 
2026-01-14 10:59:28 - main - INFO - process start
2026-01-14 10:59:28 - main.myLib.common - INFO - myLib.common logger start
2026-01-14 10:59:28 - main.myLib.myGui.mygui_serial - INFO - myLib.myGui.mygui_serial logger start
2026-01-14 10:59:28 - main.myLib.mySerial.Connector - INFO - myLib.mySerial.Connector logger start
2026-01-14 10:59:28 - main.myLib.myGui.pig_parameters_widget - INFO - myLib.myGui.pig_parameters_widget logger start
2026-01-14 10:59:28 - main.myLib.myGui.myLabel - INFO - myLib.myGui.myLabel logger start
2026-01-14 10:59:28 - main.myLib.myGui.myComboBox - INFO - myLib.myGui.myComboBox logger start
2026-01-14 10:59:28 - main.myLib.myGui.pig_menu_manager - INFO - myLib.myGui.pig_menu_manager logger start
2026-01-14 10:59:28 - main.myLib.myGui.analysis_Allan - INFO - myLib.myGui.analysis_Allan logger start
2026-01-14 10:59:28 - main.myLib.myGui.graph - INFO - myLib.myGui.graph logger start
2026-01-14 10:59:28 - main.myLib.myGui.myProgressBar - INFO - myLib.myGui.myProgressBar logger start
2026-01-14 10:59:28 - main.myLib.myGui.analysis_TimingPlot - INFO - myLib.myGui.analysis_TimingPlot logger start
2026-01-14 10:59:28 - main.myLib.myGui.myRadioButton - INFO - myLib.myGui.myRadioButton logger start
2026-01-14 10:59:28 - main.pigImu_Widget - INFO - pigImu_Widget logger start
2026-01-14 10:59:28 - main.myLib.myGui.myLineEdit - INFO - myLib.myGui.myLineEdit logger start
2026-01-14 10:59:28 - main.myLib.myGui.myCheckBox - INFO - myLib.myGui.myCheckBox logger start
2026-01-14 10:59:28 - main.pigImuReader - INFO - pigImuReader logger start
2026-01-14 10:59:28 - main.myLib.mySerial.getData - INFO - myLib.mySerial.getData logger start
2026-01-14 10:59:28 - main.myLib.crcCalculator.crcLib - INFO - myLib.crcCalculator.crcLib logger start
2026-01-14 10:59:28 - main.myLib.myFilter.filter - INFO - myLib.myFilter.filter logger start
2026-01-14 10:59:28 - main.myLib.myGui.pig_W_A_calibration_parameter_widget - INFO - myLib.myGui.pig_W_A_calibration_parameter_widget logger start
2026-01-14 10:59:28 - main.myLib.myGui.pig_version_widget - INFO - myLib.myGui.pig_version_widget logger start
2026-01-14 10:59:31 - main.myLib.mySerial.Connector - INFO - COM46 is connected
2026-01-14 10:59:43 - main.myLib.myGui.mygui_serial - INFO - The GUI is started to read the data.
2026-01-14 10:59:43 - main.myLib.common - INFO - AttributeError: the file attempt to close does not exist!
2026-01-14 10:59:43 - main.myLib.myGui.mygui_serial - INFO - The save checkbox is not checked.
2026-01-14 10:59:43 - main.myLib.common - INFO - AttributeError: the file attempt to close does not exist!
2026-01-14 10:59:43 - main.myLib.common - INFO - AttributeError: the file attempt to close does not exist!
2026-01-14 10:59:43 - main.myLib.crcCalculator.crcLib - WARNING - crc fail: 1
2026-01-14 10:59:48 - main.myLib.common - INFO - AttributeError: the file attempt to close does not exist!
2026-01-14 10:59:48 - main.myLib.myGui.mygui_serial - INFO - The GUI is stopped reading the data.
2026-01-14 10:59:54 - main.myLib.myGui.mygui_serial - INFO - The GUI is started to read the data.
2026-01-14 10:59:54 - main.myLib.common - INFO - AttributeError: the file attempt to close does not exist!
2026-01-14 10:59:54 - main.myLib.myGui.mygui_serial - INFO - The save checkbox is not checked.
2026-01-14 10:59:54 - main.myLib.common - INFO - AttributeError: the file attempt to close does not exist!
2026-01-14 10:59:54 - main.myLib.common - INFO - AttributeError: the file attempt to close does not exist!
2026-01-14 10:59:57 - main.myLib.common - INFO - AttributeError: the file attempt to close does not exist!
2026-01-14 10:59:57 - main.myLib.myGui.mygui_serial - INFO - The GUI is stopped reading the data.
2026-01-14 11:00:01 - main.myLib.mySerial.Connector - INFO - COM46 is disconnected
2026-01-14 11:28:58 - main.myLib.mySerial.Connector - ERROR - IOError, the device: COM46 can not be found or can not be configured!
2026-01-14 11:28:58 - main.myLib.mySerial.Connector - ERROR - Port not open, please check!
2026-01-14 11:28:58 - main.myLib.mySerial.Connector - ERROR - Port not open, please check!
2026-01-14 11:28:58 - main.myLib.mySerial.Connector - ERROR - Port not open, please check!
2026-01-14 11:28:58 - main.myLib.mySerial.Connector - ERROR - Port not open, please check!
2026-01-14 11:28:58 - main.myLib.mySerial.Connector - ERROR - Port not open, please check!
2026-01-14 11:28:58 - main.myLib.mySerial.Connector - ERROR - Port not open, please check!
2026-01-14 11:28:58 - main.myLib.mySerial.Connector - ERROR - Port not open, please check!
2026-01-14 11:28:58 - main.myLib.mySerial.Connector - ERROR - Port not open, please check!
2026-01-14 11:28:58 - main.myLib.mySerial.Connector - ERROR - Port not open, please check!
2026-01-14 11:28:58 - main.myLib.mySerial.Connector - ERROR - Port not open, please check!
2026-01-14 11:28:58 - main.myLib.mySerial.Connector - ERROR - Port not open, please check!
2026-01-14 11:28:58 - main.myLib.mySerial.Connector - ERROR - Port not open, please check!
2026-01-14 11:28:59 - main.myLib.mySerial.Connector - ERROR - Port not open, please check!
2026-01-14 11:28:59 - main.myLib.mySerial.Connector - ERROR - Port not open, please check!
2026-01-14 11:28:59 - main.myLib.mySerial.Connector - ERROR - Port not open, please check!
2026-01-14 11:28:59 - main.myLib.mySerial.Connector - ERROR - Port not open, please check!
2026-01-14 11:28:59 - main.myLib.mySerial.Connector - ERROR - Port not open, please check!
2026-01-14 11:28:59 - main.myLib.mySerial.Connector - ERROR - Port not open, please check!
2026-01-14 11:28:59 - main.pigImuReader - ERROR - SerialException — ClearCommError failed (OSError(9, '控制代碼無效。', None, 6)).(The error occurred while clearing buffer, line 361.)
2026-01-14 11:28:59 - main.myLib.common - INFO - AttributeError: the file attempt to close does not exist!
2026-01-14 11:29:05 - main.myLib.mySerial.Connector - INFO - COM46 is connected
2026-01-14 11:29:09 - main.myLib.myGui.mygui_serial - INFO - The device is reset. (被切斷的重啟)
2026-01-14 11:29:09 - main.myLib.common - INFO - AttributeError: the file attempt to close does not exist!
2026-01-14 11:29:09 - main.myLib.myGui.mygui_serial - INFO - The save checkbox is not checked.
2026-01-14 11:29:09 - main.myLib.common - INFO - AttributeError: the file attempt to close does not exist!
2026-01-14 11:29:09 - main.myLib.common - INFO - AttributeError: the file attempt to close does not exist!
2026-01-14 11:29:18 - main.myLib.common - INFO - AttributeError: the file attempt to close does not exist!
2026-01-14 11:29:18 - main.myLib.myGui.mygui_serial - INFO - The GUI is stopped reading the data.
2026-01-14 11:35:00 - main.myLib.common - INFO - AttributeError: the file attempt to close does not exist!
2026-01-14 11:35:00 - main.myLib.myGui.mygui_serial - INFO - The GUI is stopped reading the data.
2026-01-14 11:39:51 - main.myLib.mySerial.Connector - INFO - COM46 is disconnected
